[08-08 10:28:51]	 UDP IP:192.168.0.201, Remote PORT:5000, Local PORT:5109 UDP Open [OK]
[08-08 10:29:06]	 UDP IP:192.168.0.201, Local PORT:5109 UDP Close : [OK]
[08-08 10:29:06]	 UDP IP:192.168.0.201, Remote PORT:5000, Local PORT:5109 UDP Open [OK]
[08-08 10:29:10]	 DABIT Connecting... [Fail] 10 02 00 00 0B 6A 30 31 32 33 34 35 36 37 38 39 10 03 
[08-08 10:29:10]	 UDP IP:192.168.0.201, Local PORT:5109 UDP Close : [OK]
[08-08 10:29:13]	 UDP Send Data : 53 45 41 52 43 48 49 4E 47 20 44 49 42 44 20 20 55 0D 0A 
SEARCHING DIBD  U

[08-08 10:29:17]	 UDP Send Data : 53 45 41 52 43 48 49 4E 47 20 44 49 42 44 20 20 55 0D 0A 
SEARCHING DIBD  U

[08-08 10:34:12]	 UDP IP:192.168.0.201, Remote PORT:5000, Local PORT:5109 UDP Open [OK]
[08-08 10:34:22]	 UDP IP:192.168.0.201, Local PORT:5109 UDP Close : [OK]
[08-08 10:34:22]	 UDP IP:192.168.0.201, Remote PORT:5000, Local PORT:5109 UDP Open [OK]
[08-08 10:34:26]	 DABIT Connecting... [Fail] 10 02 00 00 0B 6A 30 31 32 33 34 35 36 37 38 39 10 03 
[08-08 10:34:26]	 UDP IP:192.168.0.201, Local PORT:5109 UDP Close : [OK]
[08-08 10:34:31]	 UDP Send Data : 53 45 41 52 43 48 49 4E 47 20 44 49 42 44 20 20 55 0D 0A 
SEARCHING DIBD  U

[08-08 10:35:08]	 UDP Send Data : 53 45 41 52 43 48 49 4E 47 20 44 49 42 44 20 20 55 0D 0A 
SEARCHING DIBD  U

[08-08 10:35:32]	 UDP Send Data : 53 45 41 52 43 48 49 4E 47 20 44 49 42 44 20 20 55 0D 0A 
SEARCHING DIBD  U

[08-08 10:35:33]	 UDP Recieve Data : 44 49 42 44 0D 0A 35 34 2D 46 46 2D 38 32 2D 38 30 2D 30 36 2D 34 45 0D 0A 31 39 32 2E 31 36 38 2E 30 30 31 2E 31 31 36 0D 0A 32 35 35 2E 32 35 35 2E 32 35 35 2E 30 30 30 0D 0A 31 39 32 2E 31 36 38 2E 30 30 31 2E 30 30 31 0D 0A 30 35 30 30 30 0D 0A 33 30 0D 0A 31 39 32 2E 31 36 38 2E 30 30 30 2E 30 32 35 0D 0A 30 35 30 30 30 0D 0A 33 31 0D 0A 44 42 33 30 30 45 20 20 20 20 20 20 20 20 20 20 20 20 20 20 0D 0A 30 30 30 0D 0A 20 20 20 20 20 20 20 20 20 20 20 20 20 20 20 20 20 20 20 20 20 20 20 20 20 20 20 20 20 20 0D 0A 64 61 62 69 74 20 20 20 20 20 20 20 20 20 20 20 20 20 20 20 0D 0A 64 61 62 69 74 73 6F 6C 75 74 69 6F 6E 20 20 20 20 20 20 20 0D 0A 33 30 0D 0A 00 
DIBD
54-FF-82-80-06-4E
192.168.001.116
255.255.255.000
192.168.001.001
05000
30
192.168.000.025
05000
31
DB300E              
000
                              
dabit               
dabitsolution       
30

[08-08 10:35:50]	 UDP Send Data : 53 45 41 52 43 48 49 4E 47 20 44 49 42 44 20 20 55 0D 0A 
SEARCHING DIBD  U

[08-08 10:35:50]	 UDP Recieve Data : 44 49 42 44 0D 0A 35 34 2D 46 46 2D 38 32 2D 38 30 2D 30 36 2D 34 45 0D 0A 31 39 32 2E 31 36 38 2E 30 30 31 2E 31 31 36 0D 0A 32 35 35 2E 32 35 35 2E 32 35 35 2E 30 30 30 0D 0A 31 39 32 2E 31 36 38 2E 30 30 31 2E 30 30 31 0D 0A 30 35 30 30 30 0D 0A 33 30 0D 0A 31 39 32 2E 31 36 38 2E 30 30 30 2E 30 32 35 0D 0A 30 35 30 30 30 0D 0A 33 31 0D 0A 44 42 33 30 30 45 20 20 20 20 20 20 20 20 20 20 20 20 20 20 0D 0A 30 30 30 0D 0A 20 20 20 20 20 20 20 20 20 20 20 20 20 20 20 20 20 20 20 20 20 20 20 20 20 20 20 20 20 20 0D 0A 64 61 62 69 74 20 20 20 20 20 20 20 20 20 20 20 20 20 20 20 0D 0A 64 61 62 69 74 73 6F 6C 75 74 69 6F 6E 20 20 20 20 20 20 20 0D 0A 33 30 0D 0A 00 
DIBD
54-FF-82-80-06-4E
192.168.001.116
255.255.255.000
192.168.001.001
05000
30
192.168.000.025
05000
31
DB300E              
000
                              
dabit               
dabitsolution       
30

[08-08 10:36:23]	 UDP Send Data : 53 45 41 52 43 48 49 4E 47 20 44 49 42 44 20 20 55 0D 0A 
SEARCHING DIBD  U

[08-08 10:36:23]	 UDP Recieve Data : 44 49 42 44 0D 0A 35 34 2D 46 46 2D 38 32 2D 38 30 2D 30 36 2D 34 45 0D 0A 31 39 32 2E 31 36 38 2E 30 30 31 2E 31 31 36 0D 0A 32 35 35 2E 32 35 35 2E 32 35 35 2E 30 30 30 0D 0A 31 39 32 2E 31 36 38 2E 30 30 31 2E 30 30 31 0D 0A 30 35 30 30 30 0D 0A 33 30 0D 0A 31 39 32 2E 31 36 38 2E 30 30 30 2E 30 32 35 0D 0A 30 35 30 30 30 0D 0A 33 31 0D 0A 44 42 33 30 30 45 20 20 20 20 20 20 20 20 20 20 20 20 20 20 0D 0A 30 30 30 0D 0A 20 20 20 20 20 20 20 20 20 20 20 20 20 20 20 20 20 20 20 20 20 20 20 20 20 20 20 20 20 20 0D 0A 64 61 62 69 74 20 20 20 20 20 20 20 20 20 20 20 20 20 20 20 0D 0A 64 61 62 69 74 73 6F 6C 75 74 69 6F 6E 20 20 20 20 20 20 20 0D 0A 33 30 0D 0A 00 
DIBD
54-FF-82-80-06-4E
192.168.001.116
255.255.255.000
192.168.001.001
05000
30
192.168.000.025
05000
31
DB300E              
000
                              
dabit               
dabitsolution       
30

[08-08 10:36:31]	 UDP IP:192.168.0.201, Local PORT:5109 UDP Close : [OK]
[08-08 10:36:31]	 UDP IP:192.168.0.25, Remote PORT:5000, Local PORT:5109 UDP Open [OK]
[08-08 10:36:37]	 UDP IP:192.168.0.25, Local PORT:5109 UDP Close : [OK]
[08-08 10:36:37]	 UDP IP:192.168.0.25, Remote PORT:5000, Local PORT:5109 UDP Open [OK]
[08-08 10:36:40]	 DABIT Connecting... [Fail] 10 02 00 00 0B 6A 30 31 32 33 34 35 36 37 38 39 10 03 
[08-08 10:36:40]	 UDP IP:192.168.0.25, Local PORT:5109 UDP Close : [OK]
[08-08 10:36:43]	 UDP Send Data : 53 45 41 52 43 48 49 4E 47 20 44 49 42 44 20 20 55 0D 0A 
SEARCHING DIBD  U

[08-08 10:36:43]	 UDP Recieve Data : 44 49 42 44 0D 0A 35 34 2D 46 46 2D 38 32 2D 38 30 2D 30 36 2D 34 45 0D 0A 31 39 32 2E 31 36 38 2E 30 30 31 2E 31 31 36 0D 0A 32 35 35 2E 32 35 35 2E 32 35 35 2E 30 30 30 0D 0A 31 39 32 2E 31 36 38 2E 30 30 31 2E 30 30 31 0D 0A 30 35 30 30 30 0D 0A 33 30 0D 0A 31 39 32 2E 31 36 38 2E 30 30 30 2E 30 32 35 0D 0A 30 35 30 30 30 0D 0A 33 31 0D 0A 44 42 33 30 30 45 20 20 20 20 20 20 20 20 20 20 20 20 20 20 0D 0A 30 30 30 0D 0A 20 20 20 20 20 20 20 20 20 20 20 20 20 20 20 20 20 20 20 20 20 20 20 20 20 20 20 20 20 20 0D 0A 64 61 62 69 74 20 20 20 20 20 20 20 20 20 20 20 20 20 20 20 0D 0A 64 61 62 69 74 73 6F 6C 75 74 69 6F 6E 20 20 20 20 20 20 20 0D 0A 33 30 0D 0A 00 
DIBD
54-FF-82-80-06-4E
192.168.001.116
255.255.255.000
192.168.001.001
05000
30
192.168.000.025
05000
31
DB300E              
000
                              
dabit               
dabitsolution       
30

[08-08 10:36:54]	 UDP IP:192.168.0.25, Local PORT:5109 UDP Close : [OK]
[08-08 10:36:54]	 UDP IP:192.168.1.116, Remote PORT:5000, Local PORT:5109 UDP Open [OK]
[08-08 10:37:01]	 UDP IP:192.168.1.116, Local PORT:5109 UDP Close : [OK]
[08-08 10:37:01]	 UDP IP:192.168.1.116, Remote PORT:5000, Local PORT:5109 UDP Open [OK]
[08-08 10:37:05]	 DABIT Connecting... [Fail] 10 02 00 00 0B 6A 30 31 32 33 34 35 36 37 38 39 10 03 
[08-08 10:37:05]	 UDP IP:192.168.1.116, Local PORT:5109 UDP Close : [OK]
[08-08 10:37:19]	 UDP IP:192.168.1.116, Local PORT:5109 UDP Close : [OK]
[08-08 10:37:19]	 UDP IP:192.168.1.116, Remote PORT:5000, Local PORT:5109 UDP Open [OK]
[08-08 10:37:28]	 UDP IP:192.168.1.116, Local PORT:5109 UDP Close : [OK]
[08-08 10:37:28]	 UDP IP:192.168.1.116, Remote PORT:5000, Local PORT:5109 UDP Open [OK]
[08-08 10:37:31]	 DABIT Connecting... [Fail] 10 02 00 00 0B 6A 30 31 32 33 34 35 36 37 38 39 10 03 
[08-08 10:37:31]	 UDP IP:192.168.1.116, Local PORT:5109 UDP Close : [OK]
[08-08 10:38:09]	 UDP IP:192.168.1.116, Local PORT:5109 UDP Close : [OK]
[08-08 10:38:19]	 COM1 Close [OK]
[08-08 10:38:19]	 COM8 : 115,200bps, 8, 1, N - ComPort Open [FAIL]
[08-08 10:38:27]	 COM1 Close [OK]
[08-08 10:38:27]	 COM8 : 115,200bps, 8, 1, N - Open [FAIL]
[08-08 10:38:28]	 COM8 Close [OK]
[08-08 10:38:56]	 COM8 Close [OK]
[08-08 10:38:56]	 COM8 : 115,200bps, 8, 1, N - Open [FAIL]
[08-08 10:38:57]	 COM8 Close [OK]
[08-08 10:39:03]	 COM8 Close [OK]
[08-08 10:39:03]	 COM8 : 115,200bps, 8, 1, N - Open [FAIL]
[08-08 10:39:05]	 COM8 Close [OK]
[08-08 10:39:17]	 UDP Send Data : 53 45 41 52 43 48 49 4E 47 20 44 49 42 44 20 20 55 0D 0A 
SEARCHING DIBD  U

[08-08 10:39:27]	 UDP Send Data : 53 45 41 52 43 48 49 4E 47 20 44 49 42 44 20 20 55 0D 0A 
SEARCHING DIBD  U

[08-08 10:39:27]	 UDP Recieve Data : 44 49 42 44 0D 0A 35 34 2D 46 46 2D 38 32 2D 38 30 2D 30 36 2D 34 45 0D 0A 31 39 32 2E 31 36 38 2E 30 30 31 2E 31 31 36 0D 0A 32 35 35 2E 32 35 35 2E 32 35 35 2E 30 30 30 0D 0A 31 39 32 2E 31 36 38 2E 30 30 31 2E 30 30 31 0D 0A 30 35 30 30 30 0D 0A 33 30 0D 0A 31 39 32 2E 31 36 38 2E 30 30 30 2E 30 32 35 0D 0A 30 35 30 30 30 0D 0A 33 31 0D 0A 44 42 33 30 30 45 20 20 20 20 20 20 20 20 20 20 20 20 20 20 0D 0A 30 30 30 0D 0A 20 20 20 20 20 20 20 20 20 20 20 20 20 20 20 20 20 20 20 20 20 20 20 20 20 20 20 20 20 20 0D 0A 64 61 62 69 74 20 20 20 20 20 20 20 20 20 20 20 20 20 20 20 0D 0A 64 61 62 69 74 73 6F 6C 75 74 69 6F 6E 20 20 20 20 20 20 20 0D 0A 33 30 0D 0A 00 
DIBD
54-FF-82-80-06-4E
192.168.001.116
255.255.255.000
192.168.001.001
05000
30
192.168.000.025
05000
31
DB300E              
000
                              
dabit               
dabitsolution       
30

[08-08 10:40:06]	 UDP Send Data : 53 45 41 52 43 48 49 4E 47 20 44 49 42 44 20 20 55 0D 0A 
SEARCHING DIBD  U

[08-08 10:40:06]	 UDP Recieve Data : 44 49 42 44 0D 0A 35 34 2D 46 46 2D 38 32 2D 38 30 2D 30 36 2D 34 45 0D 0A 31 39 32 2E 31 36 38 2E 30 30 31 2E 31 31 36 0D 0A 32 35 35 2E 32 35 35 2E 32 35 35 2E 30 30 30 0D 0A 31 39 32 2E 31 36 38 2E 30 30 31 2E 30 30 31 0D 0A 30 35 30 30 30 0D 0A 33 30 0D 0A 31 39 32 2E 31 36 38 2E 30 30 30 2E 30 32 35 0D 0A 30 35 30 30 30 0D 0A 33 31 0D 0A 44 42 33 30 30 45 20 20 20 20 20 20 20 20 20 20 20 20 20 20 0D 0A 30 30 30 0D 0A 20 20 20 20 20 20 20 20 20 20 20 20 20 20 20 20 20 20 20 20 20 20 20 20 20 20 20 20 20 20 0D 0A 64 61 62 69 74 20 20 20 20 20 20 20 20 20 20 20 20 20 20 20 0D 0A 64 61 62 69 74 73 6F 6C 75 74 69 6F 6E 20 20 20 20 20 20 20 0D 0A 33 30 0D 0A 00 
DIBD
54-FF-82-80-06-4E
192.168.001.116
255.255.255.000
192.168.001.001
05000
30
192.168.000.025
05000
31
DB300E              
000
                              
dabit               
dabitsolution       
30

[08-08 10:40:09]	 UDP Send Data : 53 45 41 52 43 48 49 4E 47 20 44 49 42 44 20 20 55 0D 0A 
SEARCHING DIBD  U

[08-08 10:40:09]	 UDP Recieve Data : 44 49 42 44 0D 0A 35 34 2D 46 46 2D 38 32 2D 38 30 2D 30 36 2D 34 45 0D 0A 31 39 32 2E 31 36 38 2E 30 30 31 2E 31 31 36 0D 0A 32 35 35 2E 32 35 35 2E 32 35 35 2E 30 30 30 0D 0A 31 39 32 2E 31 36 38 2E 30 30 31 2E 30 30 31 0D 0A 30 35 30 30 30 0D 0A 33 30 0D 0A 31 39 32 2E 31 36 38 2E 30 30 30 2E 30 32 35 0D 0A 30 35 30 30 30 0D 0A 33 31 0D 0A 44 42 33 30 30 45 20 20 20 20 20 20 20 20 20 20 20 20 20 20 0D 0A 30 30 30 0D 0A 20 20 20 20 20 20 20 20 20 20 20 20 20 20 20 20 20 20 20 20 20 20 20 20 20 20 20 20 20 20 0D 0A 64 61 62 69 74 20 20 20 20 20 20 20 20 20 20 20 20 20 20 20 0D 0A 64 61 62 69 74 73 6F 6C 75 74 69 6F 6E 20 20 20 20 20 20 20 0D 0A 33 30 0D 0A 00 
DIBD
54-FF-82-80-06-4E
192.168.001.116
255.255.255.000
192.168.001.001
05000
30
192.168.000.025
05000
31
DB300E              
000
                              
dabit               
dabitsolution       
30

[08-08 10:40:21]	 UDP IP:192.168.1.116, Local PORT:5109 UDP Close : [OK]
[08-08 10:40:21]	 UDP IP:192.168.1.116, Remote PORT:5000, Local PORT:5109 UDP Open [OK]
[08-08 10:40:24]	 UDP IP:192.168.1.116, Local PORT:5109 UDP Close : [OK]
[08-08 10:40:24]	 UDP IP:192.168.1.116, Remote PORT:5000, Local PORT:5109 UDP Open [OK]
[08-08 10:40:29]	 DABIT Connecting... [Fail] 10 02 00 00 0B 6A 30 31 32 33 34 35 36 37 38 39 10 03 
[08-08 10:40:29]	 UDP IP:192.168.1.116, Local PORT:5109 UDP Close : [OK]
[08-08 10:40:32]	 UDP Send Data : 53 45 41 52 43 48 49 4E 47 20 44 49 42 44 20 20 55 0D 0A 
SEARCHING DIBD  U

[08-08 10:40:32]	 UDP Recieve Data : 44 49 42 44 0D 0A 35 34 2D 46 46 2D 38 32 2D 38 30 2D 30 36 2D 34 45 0D 0A 31 39 32 2E 31 36 38 2E 30 30 31 2E 31 31 36 0D 0A 32 35 35 2E 32 35 35 2E 32 35 35 2E 30 30 30 0D 0A 31 39 32 2E 31 36 38 2E 30 30 31 2E 30 30 31 0D 0A 30 35 30 30 30 0D 0A 33 30 0D 0A 31 39 32 2E 31 36 38 2E 30 30 30 2E 30 32 35 0D 0A 30 35 30 30 30 0D 0A 33 31 0D 0A 44 42 33 30 30 45 20 20 20 20 20 20 20 20 20 20 20 20 20 20 0D 0A 30 30 30 0D 0A 20 20 20 20 20 20 20 20 20 20 20 20 20 20 20 20 20 20 20 20 20 20 20 20 20 20 20 20 20 20 0D 0A 64 61 62 69 74 20 20 20 20 20 20 20 20 20 20 20 20 20 20 20 0D 0A 64 61 62 69 74 73 6F 6C 75 74 69 6F 6E 20 20 20 20 20 20 20 0D 0A 33 30 0D 0A 00 
DIBD
54-FF-82-80-06-4E
192.168.001.116
255.255.255.000
192.168.001.001
05000
30
192.168.000.025
05000
31
DB300E              
000
                              
dabit               
dabitsolution       
30

[08-08 10:40:41]	 UDP Send Data : 53 45 54 54 20 20 35 34 2D 46 46 2D 38 32 2D 38 30 2D 30 36 2D 34 45 20 20 31 39 32 2E 31 36 38 2E 30 30 31 2E 31 31 36 20 20 32 35 35 2E 32 35 35 2E 32 35 35 2E 30 30 30 20 20 31 39 32 2E 31 36 38 2E 30 30 31 2E 30 30 31 20 20 30 35 30 30 30 20 20 33 30 20 20 31 39 32 2E 31 36 38 2E 30 30 30 2E 30 32 35 20 20 30 35 30 30 30 20 20 33 31 20 20 44 42 33 30 30 45 20 20 20 20 20 20 20 20 20 20 20 20 20 20 20 20 30 30 30 20 20 20 20 20 20 20 20 20 20 20 20 20 20 20 20 20 20 20 20 20 20 20 20 20 20 20 20 20 20 20 20 20 20 64 61 62 69 74 20 20 20 20 20 20 20 20 20 20 20 20 20 20 20 20 20 64 61 62 69 74 73 6F 6C 75 74 69 6F 6E 20 20 20 20 20 20 20 20 20 33 30 0D 0A 
SETT  54-FF-82-80-06-4E  192.168.001.116  255.255.255.000  192.168.001.001  05000  30  192.168.000.025  05000  31  DB300E                000                                  dabit                 dabitsolution         30

[08-08 10:40:49]	 UDP Send Data : 53 45 41 52 43 48 49 4E 47 20 44 49 42 44 20 20 55 0D 0A 
SEARCHING DIBD  U

[08-08 10:40:50]	 UDP Recieve Data : 44 49 42 44 0D 0A 35 34 2D 46 46 2D 38 32 2D 38 30 2D 30 36 2D 34 45 0D 0A 31 39 32 2E 31 36 38 2E 30 30 31 2E 31 31 36 0D 0A 32 35 35 2E 32 35 35 2E 32 35 35 2E 30 30 30 0D 0A 31 39 32 2E 31 36 38 2E 30 30 31 2E 30 30 31 0D 0A 30 35 30 30 30 0D 0A 33 30 0D 0A 31 39 32 2E 31 36 38 2E 30 30 30 2E 30 32 35 0D 0A 30 35 30 30 30 0D 0A 33 31 0D 0A 44 42 33 30 30 45 20 20 20 20 20 20 20 20 20 20 20 20 20 20 0D 0A 30 30 30 0D 0A 20 20 20 20 20 20 20 20 20 20 20 20 20 20 20 20 20 20 20 20 20 20 20 20 20 20 20 20 20 20 0D 0A 64 61 62 69 74 20 20 20 20 20 20 20 20 20 20 20 20 20 20 20 0D 0A 64 61 62 69 74 73 6F 6C 75 74 69 6F 6E 20 20 20 20 20 20 20 0D 0A 33 30 0D 0A 00 
DIBD
54-FF-82-80-06-4E
192.168.001.116
255.255.255.000
192.168.001.001
05000
30
192.168.000.025
05000
31
DB300E              
000
                              
dabit               
dabitsolution       
30

[08-08 10:41:01]	 UDP IP:192.168.1.116, Local PORT:5109 UDP Close : [OK]
[08-08 10:41:01]	 UDP IP:192.168.1.116, Remote PORT:5000, Local PORT:5109 UDP Open [OK]
[08-08 10:41:04]	 DABIT Connecting... [Fail] 10 02 00 00 0B 6A 30 31 32 33 34 35 36 37 38 39 10 03 
[08-08 10:41:05]	 UDP IP:192.168.1.116, Local PORT:5109 UDP Close : [OK]
[08-08 10:41:05]	 UDP IP:192.168.1.116, Local PORT:5109 UDP Close : [OK]
[08-08 10:41:05]	 UDP IP:192.168.1.116, Remote PORT:5000, Local PORT:5109 UDP Open [OK]
[08-08 10:41:08]	 UDP IP:192.168.1.116, Local PORT:5109 UDP Close : [OK]
[08-08 10:41:08]	 UDP IP:192.168.1.116, Remote PORT:5000, Local PORT:5109 UDP Open [OK]
[08-08 10:41:12]	 DABIT Connecting... [Fail] 10 02 00 00 0B 6A 30 31 32 33 34 35 36 37 38 39 10 03 
[08-08 10:41:12]	 UDP IP:192.168.1.116, Local PORT:5109 UDP Close : [OK]
[08-08 10:41:18]	 UDP Send Data : 53 45 41 52 43 48 49 4E 47 20 44 49 42 44 20 20 55 0D 0A 
SEARCHING DIBD  U

[08-08 10:41:18]	 UDP Recieve Data : 44 49 42 44 0D 0A 35 34 2D 46 46 2D 38 32 2D 38 30 2D 30 36 2D 34 45 0D 0A 31 39 32 2E 31 36 38 2E 30 30 31 2E 31 31 36 0D 0A 32 35 35 2E 32 35 35 2E 32 35 35 2E 30 30 30 0D 0A 31 39 32 2E 31 36 38 2E 30 30 31 2E 30 30 31 0D 0A 30 35 30 30 30 0D 0A 33 30 0D 0A 31 39 32 2E 31 36 38 2E 30 30 30 2E 30 32 35 0D 0A 30 35 30 30 30 0D 0A 33 31 0D 0A 44 42 33 30 30 45 20 20 20 20 20 20 20 20 20 20 20 20 20 20 0D 0A 30 30 30 0D 0A 20 20 20 20 20 20 20 20 20 20 20 20 20 20 20 20 20 20 20 20 20 20 20 20 20 20 20 20 20 20 0D 0A 64 61 62 69 74 20 20 20 20 20 20 20 20 20 20 20 20 20 20 20 0D 0A 64 61 62 69 74 73 6F 6C 75 74 69 6F 6E 20 20 20 20 20 20 20 0D 0A 33 30 0D 0A 00 
DIBD
54-FF-82-80-06-4E
192.168.001.116
255.255.255.000
192.168.001.001
05000
30
192.168.000.025
05000
31
DB300E              
000
                              
dabit               
dabitsolution       
30

[08-08 10:41:34]	 UDP Send Data : 53 45 41 52 43 48 49 4E 47 20 44 49 42 44 20 20 55 0D 0A 
SEARCHING DIBD  U

[08-08 10:41:34]	 UDP Recieve Data : 44 49 42 44 0D 0A 35 34 2D 46 46 2D 38 32 2D 38 30 2D 30 36 2D 34 45 0D 0A 31 39 32 2E 31 36 38 2E 30 30 31 2E 31 31 36 0D 0A 32 35 35 2E 32 35 35 2E 32 35 35 2E 30 30 30 0D 0A 31 39 32 2E 31 36 38 2E 30 30 31 2E 30 30 31 0D 0A 30 35 30 30 30 0D 0A 33 30 0D 0A 31 39 32 2E 31 36 38 2E 30 30 30 2E 30 32 35 0D 0A 30 35 30 30 30 0D 0A 33 31 0D 0A 44 42 33 30 30 45 20 20 20 20 20 20 20 20 20 20 20 20 20 20 0D 0A 30 30 30 0D 0A 20 20 20 20 20 20 20 20 20 20 20 20 20 20 20 20 20 20 20 20 20 20 20 20 20 20 20 20 20 20 0D 0A 64 61 62 69 74 20 20 20 20 20 20 20 20 20 20 20 20 20 20 20 0D 0A 64 61 62 69 74 73 6F 6C 75 74 69 6F 6E 20 20 20 20 20 20 20 0D 0A 33 30 0D 0A 00 
DIBD
54-FF-82-80-06-4E
192.168.001.116
255.255.255.000
192.168.001.001
05000
30
192.168.000.025
05000
31
DB300E              
000
                              
dabit               
dabitsolution       
30

[08-08 10:42:12]	 COM8 Close [OK]
[08-08 10:42:12]	 COM8 : 115,200bps, 8, 1, N - ComPort Open [FAIL]
[08-08 10:42:18]	 COM8 Close [OK]
[08-08 10:42:18]	 COM3 : 115,200bps, 8, 1, N - ComPort Open [OK]
[08-08 10:42:25]	 DABIT Connecting... [Fail] 10 02 00 00 0B 6A 30 31 32 33 34 35 36 37 38 39 10 03 
[08-08 10:42:25]	 COM3 Close [OK]
[08-08 10:42:28]	 COM3 Close [OK]
[08-08 10:42:29]	 COM6 : 115,200bps, 8, 1, N - ComPort Open [OK]
[08-08 10:42:35]	 DABIT Connecting... [Fail] 10 02 00 00 0B 6A 30 31 32 33 34 35 36 37 38 39 10 03 
[08-08 10:42:35]	 COM6 Close [OK]
[08-08 10:42:36]	 COM6 Close [OK]
[08-08 10:42:36]	 COM5 : 115,200bps, 8, 1, N - ComPort Open [OK]
[08-08 10:42:40]	 DABIT Connecting... [Fail] 10 02 00 00 0B 6A 30 31 32 33 34 35 36 37 38 39 10 03 
[08-08 10:42:41]	 COM5 Close [OK]
[08-08 10:42:41]	 COM5 Close [OK]
[08-08 10:42:43]	 COM4 : 115,200bps, 8, 1, N - ComPort Open [OK]
[08-08 10:42:43]	 DABIT Connecting... [OK] 10 02 00 00 0B 6A 30 31 32 33 34 35 36 37 38 39 10 03 
                	 Receive : 10 02 00 00 0B 6A 30 31 32 33 34 35 36 37 38 39 10 03 
[08-08 10:42:43]	 COM4 Close [OK]
[08-08 10:42:49]	 COM4 Close [OK]
[08-08 10:42:49]	 COM4 : 115,200bps, 8, 1, N - ComPort Open [OK]
[08-08 10:42:54]	 DABIT Connecting... [Fail] 10 02 00 00 0B 6A 30 31 32 33 34 35 36 37 38 39 10 03 
[08-08 10:42:54]	 COM4 Close [OK]
[08-08 10:42:54]	 COM4 Close [OK]
[08-08 10:42:54]	 COM4 : 115,200bps, 8, 1, N - ComPort Open [OK]
[08-08 10:43:03]	 COM4 Close [OK]
[08-08 10:43:09]	 COM4 Close [OK]
[08-08 10:43:09]	 COM6 : 115,200bps, 8, 1, N - ComPort Open [OK]
[08-08 10:43:13]	 DABIT Connecting... [Fail] 10 02 00 00 0B 6A 30 31 32 33 34 35 36 37 38 39 10 03 
[08-08 10:43:13]	 COM6 Close [OK]
[08-08 10:43:14]	 COM6 Close [OK]
[08-08 10:43:15]	 COM6 : 115,200bps, 8, 1, N - ComPort Open [OK]
[08-08 10:43:18]	 COM6 Close [OK]
[08-08 10:43:18]	 COM6 : 115,200bps, 8, 1, N - ComPort Open [OK]
[08-08 10:43:23]	 DABIT Connecting... [Fail] 10 02 00 00 0B 6A 30 31 32 33 34 35 36 37 38 39 10 03 
[08-08 10:43:23]	 COM6 Close [OK]
[08-08 10:43:49]	 COM6 Close [OK]
[08-08 10:43:54]	 COM1 Close [OK]
[08-08 10:43:54]	 COM1 Close [OK]
[08-08 10:43:57]	 COM1 Close [OK]
[08-08 10:43:58]	 COM6 : 115,200bps, 8, 1, N - ComPort Open [OK]
[08-08 10:43:59]	 COM6 Close [OK]
[08-08 10:43:59]	 COM6 : 115,200bps, 8, 1, N - ComPort Open [OK]
[08-08 10:44:03]	 DABIT Connecting... [Fail] 10 02 00 00 0B 6A 30 31 32 33 34 35 36 37 38 39 10 03 
[08-08 10:44:03]	 COM6 Close [OK]
[08-08 10:44:14]	 COM6 Close [OK]
[08-08 10:44:21]	 COM6 Close [OK]
[08-08 10:44:22]	 COM6 : 115,200bps, 8, 1, N - ComPort Open [OK]
[08-08 10:44:27]	 DABIT Connecting... [Fail] 10 02 00 00 0B 6A 30 31 32 33 34 35 36 37 38 39 10 03 
[08-08 10:44:27]	 COM6 Close [OK]
[08-08 10:44:29]	 UDP Send Data : 53 45 41 52 43 48 49 4E 47 20 44 49 42 44 20 20 55 0D 0A 
SEARCHING DIBD  U

[08-08 10:44:43]	 COM1 Close [OK]
[08-08 10:44:44]	 COM6 : 115,200bps, 8, 1, N - Open [OK]
[08-08 10:44:44]	 Serial Send Data : 2B 2B 53 45 54 2B 2B 21 5B 53 45 41 52 43 48 49 4E 47 20 44 49 42 44 20 20 55 0D 0A 21 5D 
++SET++![SEARCHING DIBD  U
!]
[08-08 10:44:45]	 Serial Recieve Data : FD 0D 08 63 00 00 01 91 01 01 91 01 00 00 8F 9D DD FD 0D 48 63 00 00 01 91 01 01 91 01 00 00 8F 9D DD FD 0D 88 63 00 00 01 91 01 01 91 01 00 00 8F 9D DD FD 0D C8 63 00 00 01 91 01 01 91 01 00 00 8F 9D DD 
˝c
[08-08 10:44:46]	 COM6 Close [OK]
[08-08 10:44:49]	 COM6 Close [OK]
[08-08 10:44:50]	 COM6 : 115,200bps, 8, 1, N - Open [OK]
[08-08 10:44:50]	 Serial Send Data : 2B 2B 53 45 54 2B 2B 21 5B 53 45 41 52 43 48 49 4E 47 20 44 49 42 44 20 20 55 0D 0A 21 5D 
++SET++![SEARCHING DIBD  U
!]
[08-08 10:44:50]	 Serial Recieve Data : FD 0D 08 63 00 00 01 91 01 01 91 01 00 00 8F 9D DD FD 0D 48 63 00 00 01 91 01 01 91 01 00 00 8F 9D DD FD 0D 88 63 00 00 01 91 01 01 91 01 00 00 8F 9D DD FD 0D C8 63 00 00 01 91 01 01 91 01 00 00 8F 9D DD 
˝c
[08-08 10:44:51]	 COM6 Close [OK]
[08-08 10:44:54]	 COM6 Close [OK]
[08-08 10:44:54]	 COM3 : 115,200bps, 8, 1, N - Open [OK]
[08-08 10:44:58]	 Serial Send Data : 2B 2B 53 45 54 2B 2B 21 5B 53 45 41 52 43 48 49 4E 47 20 44 49 42 44 20 20 55 0D 0A 21 5D 
++SET++![SEARCHING DIBD  U
!]
[08-08 10:44:59]	 COM3 Close [OK]
[08-08 10:48:50]	 COM1 Close [OK]
[08-08 10:48:52]	 COM1 Close [OK]
[08-08 10:48:55]	 COM1 Close [OK]
[08-08 10:48:55]	 COM3 : 115,200bps, 8, 1, N - ComPort Open [OK]
[08-08 10:48:58]	 COM3 Close [OK]
[08-08 10:48:58]	 COM3 : 115,200bps, 8, 1, N - ComPort Open [OK]
[08-08 10:49:05]	 DABIT Connecting... [Fail] 10 02 00 00 0B 6A 30 31 32 33 34 35 36 37 38 39 10 03 
[08-08 10:49:05]	 COM3 Close [OK]
[08-08 10:49:07]	 COM3 Close [OK]
[08-08 10:49:07]	 COM3 : 115,200bps, 8, 1, N - ComPort Open [OK]
[08-08 10:49:16]	 æ∆Ω∫≈∞ «¡∑Œ≈‰ƒ› [FAIL] ![000/C1Hello /C2World!]
[08-08 10:49:16]	 COM3 Close [OK]
[08-08 10:51:05]	 COM3 Close [OK]
[08-08 10:51:13]	 COM3 Close [OK]
[08-08 10:51:13]	 COM3 : 115,200bps, 8, 1, N - ComPort Open [OK]
[08-08 10:51:20]	 DABIT Connecting... [Fail] 10 02 00 00 0B 6A 30 31 32 33 34 35 36 37 38 39 10 03 
[08-08 10:51:20]	 COM3 Close [OK]
[08-08 10:51:23]	 UDP IP:192.168.1.116, Remote PORT:5000, Local PORT:5109 UDP Open [OK]
[08-08 10:51:24]	 UDP IP:192.168.1.116, Local PORT:5109 UDP Close : [OK]
[08-08 10:51:24]	 UDP IP:192.168.1.116, Remote PORT:5000, Local PORT:5109 UDP Open [OK]
[08-08 10:51:28]	 DABIT Connecting... [Fail] 10 02 00 00 0B 6A 30 31 32 33 34 35 36 37 38 39 10 03 
[08-08 10:51:28]	 UDP IP:192.168.1.116, Local PORT:5109 UDP Close : [OK]
[08-08 10:51:34]	 COM3 Close [OK]
[08-08 10:51:35]	 COM6 : 115,200bps, 8, 1, N - ComPort Open [OK]
[08-08 10:51:39]	 DABIT Connecting... [Fail] 10 02 00 00 0B 6A 30 31 32 33 34 35 36 37 38 39 10 03 
[08-08 10:51:39]	 COM6 Close [OK]
[08-08 10:55:33]	 COM6 Close [OK]
[08-08 10:55:33]	 COM4 : 115,200bps, 8, 1, N - ComPort Open [OK]
[08-08 10:55:38]	 COM4 Close [OK]
[08-08 10:55:38]	 COM4 : 115,200bps, 8, 1, N - ComPort Open [OK]
[08-08 10:55:38]	 DABIT Connecting... [OK] 10 02 00 00 0B 6A 30 31 32 33 34 35 36 37 38 39 10 03 
                	 Receive : 10 02 00 00 0B 6A 30 31 32 33 34 35 36 37 38 39 10 03 
[08-08 10:55:38]	 COM4 Close [OK]
[08-08 10:55:47]	 COM4 Close [OK]
[08-08 10:55:47]	 COM4 : 115,200bps, 8, 1, N - ComPort Open [OK]
[08-08 10:55:47]	 DABIT Connecting... [OK] 10 02 00 00 0B 6A 30 31 32 33 34 35 36 37 38 39 10 03 
                	 Receive : 10 02 00 00 0B 6A 30 31 32 33 34 35 36 37 38 39 10 03 
[08-08 10:55:47]	 COM4 Close [OK]
[08-08 10:55:48]	 COM4 Close [OK]
[08-08 10:55:48]	 COM4 : 115,200bps, 8, 1, N - ComPort Open [OK]
[08-08 10:55:50]	 COM4 Close [OK]
[08-08 10:55:50]	 COM4 : 115,200bps, 8, 1, N - ComPort Open [OK]
[08-08 10:55:50]	 DABIT Connecting... [OK] 10 02 00 00 0B 6A 30 31 32 33 34 35 36 37 38 39 10 03 
                	 Receive : 10 02 00 00 0B 6A 30 31 32 33 34 35 36 37 38 39 10 03 
[08-08 10:55:50]	 COM4 Close [OK]
[08-08 10:55:55]	 COM4 Close [OK]
[08-08 10:55:55]	 COM4 : 115,200bps, 8, 1, N - ComPort Open [OK]
[08-08 10:55:55]	 æ∆Ω∫≈∞ «¡∑Œ≈‰ƒ› [OK] ![000/C1Hello /C2World!]
                	 Receive : ![0000!]
[08-08 10:55:55]	 COM4 Close [OK]
[08-08 10:56:02]	 COM1 Close [OK]
[08-08 11:06:08]	 COM1 Close [OK]
[08-08 11:06:13]	 COM1 Close [OK]
[08-08 11:06:13]	 COM4 : 115,200bps, 8, 1, N - ComPort Open [OK]
[08-08 11:06:13]	 æ∆Ω∫≈∞ «¡∑Œ≈‰ƒ› [OK] ![000/Y0004/E0606/S1000/C7Text 123456789 Hello World!]
                	 Receive : ![0000!]
[08-08 11:06:13]	 COM4 Close [OK]
[08-08 11:06:20]	 COM4 Close [OK]
[08-08 11:06:20]	 COM4 : 115,200bps, 8, 1, N - ComPort Open [OK]
[08-08 11:06:20]	 æ∆Ω∫≈∞ «¡∑Œ≈‰ƒ› [OK] ![000/C1Hello /C2World7!]
                	 Receive : ![0000!]
[08-08 11:06:20]	 COM4 Close [OK]
[08-08 11:06:22]	 COM4 Close [OK]
[08-08 11:06:25]	 COM4 : 115,200bps, 8, 1, N - ComPort Open [OK]
[08-08 11:06:25]	 æ∆Ω∫≈∞ «¡∑Œ≈‰ƒ› [OK] ![000/C1Hello /C2World9!]
                	 Receive : ![0000!]
[08-08 11:06:25]	 COM4 Close [OK]
[08-08 11:06:29]	 COM4 Close [OK]
[08-08 11:06:34]	 COM4 Close [OK]
[08-08 11:07:18]	 COM4 Close [OK]
[08-08 11:07:18]	 COM4 : 115,200bps, 8, 1, N - ComPort Open [OK]
[08-08 11:07:18]	 Setting LED Module Display Type [OK] ![0052441111!]
                	 Receive : ![00520!]
[08-08 11:07:18]	 COM4 Close [OK]
[08-08 11:07:21]	 COM4 Close [OK]
[08-08 11:07:21]	 COM4 : 115,200bps, 8, 1, N - ComPort Open [OK]
[08-08 11:07:21]	 Setting LED Module Display Type [OK] ![0052B11111!]
                	 Receive : ![00520!]
[08-08 11:07:21]	 COM4 Close [OK]
[08-08 11:07:25]	 COM4 Close [OK]
[08-08 11:07:25]	 COM4 : 115,200bps, 8, 1, N - ComPort Open [OK]
[08-08 11:07:25]	 Setting LED Module Display Type [OK] ![0052A11011!]
                	 Receive : ![00520!]
[08-08 11:07:25]	 COM4 Close [OK]
[08-08 11:07:28]	 COM4 Close [OK]
[08-08 11:07:30]	 COM4 : 115,200bps, 8, 1, N - ComPort Open [OK]
[08-08 11:07:30]	 Setting LED Module Display Type [OK] ![0052A11111!]
                	 Receive : ![00520!]
[08-08 11:07:30]	 COM4 Close [OK]
[08-08 11:07:33]	 COM4 Close [OK]
[08-08 11:07:33]	 COM4 : 115,200bps, 8, 1, N - ComPort Open [OK]
[08-08 11:07:34]	 Setting LED Module Display Type [OK] ![0052B11111!]
                	 Receive : ![00520!]
[08-08 11:07:34]	 COM4 Close [OK]
[08-08 11:07:37]	 COM4 Close [OK]
[08-08 11:07:37]	 COM4 : 115,200bps, 8, 1, N - ComPort Open [OK]
[08-08 11:07:37]	 Setting LED Module Display Type [OK] ![0052A11111!]
                	 Receive : ![00520!]
[08-08 11:07:37]	 COM4 Close [OK]
[08-08 11:07:39]	 COM4 Close [OK]
[08-08 11:07:39]	 COM4 : 115,200bps, 8, 1, N - ComPort Open [OK]
[08-08 11:07:39]	 Setting LED Module Display Type [OK] ![0052A11111!]
                	 Receive : ![00520!]
[08-08 11:07:39]	 COM4 Close [OK]
[08-08 11:07:40]	 COM4 Close [OK]
[08-08 11:07:43]	 COM4 : 115,200bps, 8, 1, N - ComPort Open [OK]
[08-08 11:07:44]	 Setting LED Module Display Type [OK] ![0052A12111!]
                	 Receive : ![00520!]
[08-08 11:07:44]	 COM4 Close [OK]
[08-08 11:08:01]	 COM4 Close [OK]
[08-08 11:08:01]	 COM4 : 115,200bps, 8, 1, N - ComPort Open [OK]
[08-08 11:08:01]	 æ∆Ω∫≈∞ «¡∑Œ≈‰ƒ› [OK] ![0032/P0000/D9901/F0003/E0601/S1502/X0000/Y0000/B000/C3/G0/T0!]
                	 Receive : ![00320!]
[08-08 11:08:01]	 COM4 Close [OK]
[08-08 11:08:04]	 COM4 Close [OK]
[08-08 11:08:04]	 COM4 : 115,200bps, 8, 1, N - ComPort Open [OK]
[08-08 11:08:04]	 æ∆Ω∫≈∞ «¡∑Œ≈‰ƒ› [OK] ![00330!]
                	 Receive : ![0033/P0000/D9901/F0003/E0601/S1502/X0000/Y0000/B000/C3/G0/T0!]
[08-08 11:08:04]	 COM4 Close [OK]
[08-08 11:08:07]	 COM4 Close [OK]
[08-08 11:08:10]	 COM4 : 115,200bps, 8, 1, N - ComPort Open [OK]
[08-08 11:08:10]	 æ∆Ω∫≈∞ «¡∑Œ≈‰ƒ› [OK] ![0032/P0000/D9901/F0003/E0601/S1502/X0000/Y0000/B000/C3/G0/T0!]
                	 Receive : ![00320!]
[08-08 11:08:10]	 COM4 Close [OK]
[08-08 11:08:10]	 COM4 Close [OK]
[08-08 11:08:10]	 COM4 : 115,200bps, 8, 1, N - ComPort Open [OK]
[08-08 11:08:10]	 æ∆Ω∫≈∞ «¡∑Œ≈‰ƒ› [OK] ![000/C1Hello /C2World!]
                	 Receive : ![0000!]
[08-08 11:08:10]	 COM4 Close [OK]
[08-08 11:08:33]	 COM4 Close [OK]
[08-08 11:08:36]	 COM4 : 115,200bps, 8, 1, N - ComPort Open [OK]
[08-08 11:08:36]	 æ∆Ω∫≈∞ «¡∑Œ≈‰ƒ› [OK] ![0032/P0000/D9901/F0003/E0601/S1502/X0000/Y0000/B000/C3/G0/T0!]
                	 Receive : ![00320!]
[08-08 11:08:36]	 COM4 Close [OK]
[08-08 11:08:39]	 COM4 Close [OK]
[08-08 11:08:39]	 COM4 : 115,200bps, 8, 1, N - ComPort Open [OK]
[08-08 11:08:39]	 Setting LED Module Display Type [OK] ![0052B11111!]
                	 Receive : ![00520!]
[08-08 11:08:39]	 COM4 Close [OK]
[08-08 11:08:42]	 COM4 Close [OK]
[08-08 11:08:42]	 COM4 : 115,200bps, 8, 1, N - ComPort Open [OK]
[08-08 11:08:42]	 Setting LED Module Display Type [OK] ![0052A12111!]
                	 Receive : ![00520!]
[08-08 11:08:42]	 COM4 Close [OK]
[08-08 11:08:45]	 COM4 Close [OK]
[08-08 11:08:49]	 COM4 : 115,200bps, 8, 1, N - ComPort Open [OK]
[08-08 11:08:49]	 COM4 Close [OK]
[08-08 11:08:49]	 COM4 : 115,200bps, 8, 1, N - ComPort Open [OK]
[08-08 11:08:49]	 Setting LED Module Display Type [OK] ![0052A14111!]
                	 Receive : ![00520!]
[08-08 11:08:49]	 COM4 Close [OK]
[08-08 11:08:51]	 COM4 Close [OK]
[08-08 11:08:51]	 COM4 : 115,200bps, 8, 1, N - ComPort Open [OK]
[08-08 11:08:52]	 Setting LED Module Display Type [OK] ![0052821012!]
                	 Receive : ![00520!]
[08-08 11:08:52]	 COM4 Close [OK]
[08-08 11:08:54]	 Setting LED Module Display Type [FAIL]
[08-08 11:08:54]	 COM4 Close [OK]
[08-08 11:08:55]	 COM4 Close [OK]
[08-08 11:08:55]	 COM4 : 115,200bps, 8, 1, N - ComPort Open [OK]
[08-08 11:08:55]	 Setting LED Module Display Type [OK] ![0052821111!]
                	 Receive : ![00520!]
[08-08 11:08:55]	 COM4 Close [OK]
[08-08 11:08:57]	 COM4 Close [OK]
[08-08 11:08:57]	 COM4 : 115,200bps, 8, 1, N - ComPort Open [OK]
[08-08 11:08:57]	 Setting LED Module Display Type [OK] ![0052822111!]
                	 Receive : ![00520!]
[08-08 11:08:57]	 COM4 Close [OK]
[08-08 11:08:58]	 COM4 Close [OK]
[08-08 11:08:58]	 COM4 : 115,200bps, 8, 1, N - ComPort Open [OK]
[08-08 11:08:58]	 Setting LED Module Display Type [OK] ![0052823111!]
                	 Receive : ![00520!]
[08-08 11:08:58]	 COM4 Close [OK]
[08-08 11:08:59]	 COM4 Close [OK]
[08-08 11:09:02]	 COM4 : 115,200bps, 8, 1, N - ComPort Open [OK]
[08-08 11:09:03]	 Setting LED Module Display Type [OK] ![0052B11111!]
                	 Receive : ![00520!]
[08-08 11:09:03]	 COM4 Close [OK]
[08-08 11:21:56]	 COM1 Close [OK]
[08-08 11:21:58]	 COM1 Close [OK]
[08-08 11:21:58]	 COM4 : 115,200bps, 8, 1, N - ComPort Open [OK]
[08-08 11:21:58]	 æ∆Ω∫≈∞ «¡∑Œ≈‰ƒ› [OK] ![000/C1Hello /C2World!]
                	 Receive : ![0000!]
[08-08 11:21:58]	 COM4 Close [OK]
[08-08 11:22:02]	 COM1 Close [OK]
[08-08 11:25:52]	 COM1 Close [OK]
[08-08 11:26:07]	 COM1 Close [OK]
[08-08 11:26:07]	 COM4 : 115,200bps, 8, 1, N - ComPort Open [OK]
[08-08 11:26:07]	 æ∆Ω∫≈∞ «¡∑Œ≈‰ƒ› [OK] ![000/C1Hello /C2World7!]
                	 Receive : ![0000!]
[08-08 11:26:07]	 COM4 Close [OK]
[08-08 13:02:04]	 COM1 Close [OK]
[08-08 13:02:43]	 COM1 Close [OK]
[08-08 13:18:30]	 COM1 Close [OK]
[08-08 13:40:13]	 COM1 Close [OK]
[08-08 13:40:14]	 COM1 Close [OK]
[08-08 13:40:16]	 COM1 Close [OK]
[08-08 13:55:24]	 COM1 Close [OK]
[08-08 13:55:24]	 COM4 : 9,600bps, 8, 1, N - ComPort Open [OK]
[08-08 13:55:25]	 COM4 Close [OK]
[08-08 13:55:25]	 COM4 : 19,200bps, 8, 1, N - ComPort Open [OK]
[08-08 13:55:25]	 COM4 Close [OK]
[08-08 13:55:25]	 COM4 : 38,400bps, 8, 1, N - ComPort Open [OK]
[08-08 13:55:26]	 COM4 Close [OK]
[08-08 13:55:26]	 COM4 : 57,600bps, 8, 1, N - ComPort Open [OK]
[08-08 13:55:26]	 COM4 Close [OK]
[08-08 13:55:26]	 COM4 : 115,200bps, 8, 1, N - ComPort Open [OK]
[08-08 13:55:27]	 COM4 Close [OK]
[08-08 13:55:27]	 COM4 : 230,400bps, 8, 1, N - ComPort Open [OK]
[08-08 13:55:27]	 COM4 Close [OK]
[08-08 13:55:27]	 COM4 : 460,800bps, 8, 1, N - ComPort Open [OK]
[08-08 13:55:28]	 COM4 Close [OK]
[08-08 13:55:28]	 COM4 : 921600bps, 8, 1, N - ComPort Open [OK]
[08-08 13:55:29]	 COM4 Close [OK]
[08-08 14:51:31]	 COM1 Close [OK]
[08-08 14:57:00]	 COM1 Close [OK]
[08-08 14:57:01]	 COM1 Close [OK]
[08-08 15:19:59]	 COM1 Close [OK]
[08-08 15:20:00]	 COM1 Close [OK]
[08-08 15:20:02]	 COM1 Close [OK]
[08-08 15:20:02]	 COM4 : 9,600bps, 8, 1, N - ComPort Open [OK]
[08-08 15:20:03]	 COM4 Close [OK]
[08-08 15:20:03]	 COM4 : 19,200bps, 8, 1, N - ComPort Open [OK]
[08-08 15:20:03]	 COM4 Close [OK]
[08-08 15:20:03]	 COM4 : 38,400bps, 8, 1, N - ComPort Open [OK]
[08-08 15:20:04]	 COM4 Close [OK]
[08-08 15:20:04]	 COM4 : 57,600bps, 8, 1, N - ComPort Open [OK]
[08-08 15:20:04]	 COM4 Close [OK]
[08-08 15:20:04]	 COM4 : 115,200bps, 8, 1, N - ComPort Open [OK]
[08-08 15:20:05]	 COM4 Close [OK]
[08-08 15:20:05]	 COM4 : 230,400bps, 8, 1, N - ComPort Open [OK]
[08-08 15:20:05]	 COM4 Close [OK]
[08-08 15:20:05]	 COM4 : 460,800bps, 8, 1, N - ComPort Open [OK]
[08-08 15:20:06]	 COM4 Close [OK]
[08-08 15:20:06]	 COM4 : 921600bps, 8, 1, N - ComPort Open [OK]
[08-08 15:20:07]	 COM4 Close [OK]
[08-08 15:20:59]	 COM1 Close [OK]
[08-08 15:21:00]	 COM1 Close [OK]
[08-08 15:29:36]	 COM1 Close [OK]
[08-08 15:29:38]	 COM1 Close [OK]
[08-08 15:56:37]	 COM1 Close [OK]
[08-08 16:02:40]	 COM1 Close [OK]
[08-08 16:03:14]	 COM1 Close [OK]
[08-08 16:03:21]	 COM1 Close [OK]
[08-08 16:03:21]	 COM4 : 115,200bps, 8, 1, N - ComPort Open [OK]
[08-08 16:03:22]	 COM4 Close [OK]
[08-08 16:03:22]	 COM4 : 115,200bps, 8, 1, N - ComPort Open [OK]
[08-08 16:03:22]	 DABIT Connecting... [OK] 10 02 00 00 0B 6A 30 31 32 33 34 35 36 37 38 39 10 03 
                	 Receive : 10 02 00 00 0B 6A 30 31 32 33 34 35 36 37 38 39 10 03 
[08-08 16:03:22]	 COM4 Close [OK]
[08-08 16:03:29]	 COM4 Close [OK]
[08-08 16:03:29]	 COM4 : 115,200bps, 8, 1, N - ComPort Open [OK]
[08-08 16:03:32]	 COM4 Close [OK]
[08-08 16:03:32]	 COM4 : 115,200bps, 8, 1, N - ComPort Open [OK]
[08-08 16:03:32]	 DABIT Connecting... [OK] 10 02 00 00 0B 6A 30 31 32 33 34 35 36 37 38 39 10 03 
                	 Receive : 10 02 00 00 0B 6A 30 31 32 33 34 35 36 37 38 39 10 03 
[08-08 16:03:32]	 COM4 Close [OK]
[08-08 16:03:51]	 UDP Send Data : 53 45 41 52 43 48 49 4E 47 20 44 49 42 44 20 20 55 0D 0A 
SEARCHING DIBD  U

[08-08 16:03:54]	 COM1 Close [OK]
[08-08 16:03:54]	 COM4 : 115,200bps, 8, 1, N - Open [OK]
[08-08 16:03:54]	 Serial Send Data : 2B 2B 53 45 54 2B 2B 21 5B 53 45 41 52 43 48 49 4E 47 20 44 49 42 44 20 20 55 0D 0A 21 5D 
++SET++![SEARCHING DIBD  U
!]
[08-08 16:03:55]	 COM4 Close [OK]
[08-08 16:03:57]	 COM4 Close [OK]
[08-08 16:03:57]	 COM4 : 115,200bps, 8, 1, N - Open [OK]
[08-08 16:03:57]	 Serial Send Data : 2B 2B 53 45 54 2B 2B 21 5B 53 45 41 52 43 48 49 4E 47 20 44 49 42 44 20 20 55 0D 0A 21 5D 
++SET++![SEARCHING DIBD  U
!]
[08-08 16:03:58]	 COM4 Close [OK]
[08-08 16:04:16]	 COM4 Close [OK]
[08-08 16:04:17]	 COM4 : 115,200bps, 8, 1, N - Open [OK]
[08-08 16:04:17]	 Serial Send Data : 2B 2B 53 45 54 2B 2B 21 5B 53 45 41 52 43 48 49 4E 47 20 44 49 42 44 20 20 55 0D 0A 21 5D 
++SET++![SEARCHING DIBD  U
!]
[08-08 16:04:18]	 COM4 Close [OK]
[08-08 16:04:35]	 COM4 Close [OK]
[08-08 16:04:35]	 COM4 : 115,200bps, 8, 1, N - Open [OK]
[08-08 16:04:35]	 Serial Send Data : 2B 2B 53 45 54 2B 2B 21 5B 53 45 41 52 43 48 49 4E 47 20 44 49 42 44 20 20 55 0D 0A 21 5D 
++SET++![SEARCHING DIBD  U
!]
[08-08 16:04:36]	 COM4 Close [OK]
[08-08 16:04:48]	 COM4 Close [OK]
[08-08 16:04:48]	 COM4 : 115,200bps, 8, 1, N - ComPort Open [OK]
[08-08 16:04:49]	 COM4 Close [OK]
[08-08 16:04:49]	 COM4 : 115,200bps, 8, 1, N - ComPort Open [OK]
[08-08 16:04:49]	 DABIT Connecting... [OK] 10 02 00 00 0B 6A 30 31 32 33 34 35 36 37 38 39 10 03 
                	 Receive : 10 02 00 00 0B 6A 30 31 32 33 34 35 36 37 38 39 10 03 
[08-08 16:04:49]	 COM4 Close [OK]
[08-08 16:04:58]	 UDP Send Data : 53 45 41 52 43 48 49 4E 47 20 44 49 42 44 20 20 55 0D 0A 
SEARCHING DIBD  U

[08-08 16:05:10]	 COM1 Close [OK]
[08-08 16:05:10]	 COM4 : 115,200bps, 8, 1, N - Open [OK]
[08-08 16:05:10]	 Serial Send Data : 2B 2B 53 45 54 2B 2B 21 5B 53 45 41 52 43 48 49 4E 47 20 44 49 42 44 20 20 55 0D 0A 21 5D 
++SET++![SEARCHING DIBD  U
!]
[08-08 16:05:11]	 COM4 Close [OK]
[08-08 16:05:22]	 COM4 Close [OK]
[08-08 16:05:22]	 COM4 : 115,200bps, 8, 1, N - ComPort Open [OK]
[08-08 16:05:23]	 COM4 Close [OK]
[08-08 16:05:23]	 COM4 : 115,200bps, 8, 1, N - ComPort Open [OK]
[08-08 16:05:23]	 DABIT Connecting... [OK] 10 02 00 00 0B 6A 30 31 32 33 34 35 36 37 38 39 10 03 
                	 Receive : 10 02 00 00 0B 6A 30 31 32 33 34 35 36 37 38 39 10 03 
[08-08 16:05:23]	 COM4 Close [OK]
[08-08 16:05:41]	 COM4 Close [OK]
[08-08 16:05:41]	 COM4 : 115,200bps, 8, 1, N - ComPort Open [OK]
[08-08 16:05:43]	 COM4 Close [OK]
[08-08 16:05:43]	 COM4 : 115,200bps, 8, 1, N - ComPort Open [OK]
[08-08 16:05:43]	 DABIT Connecting... [OK] 10 02 00 00 0B 6A 30 31 32 33 34 35 36 37 38 39 10 03 
                	 Receive : 10 02 00 00 0B 6A 30 31 32 33 34 35 36 37 38 39 10 03 
[08-08 16:05:43]	 COM4 Close [OK]
[08-08 16:05:51]	 COM4 Close [OK]
[08-08 16:05:51]	 COM4 : 115,200bps, 8, 1, N - ComPort Open [OK]
[08-08 16:05:51]	 æ∆Ω∫≈∞ «¡∑Œ≈‰ƒ› [OK] ![000/C1Hello /C2World!]
                	 Receive : ![0000!]
[08-08 16:05:51]	 COM4 Close [OK]
[08-08 16:06:39]	 COM4 Close [OK]
[08-08 16:06:41]	 COM4 Close [OK]
[08-08 16:06:41]	 COM4 : 115,200bps, 8, 1, N - ComPort Open [OK]
[08-08 16:06:42]	 COM4 Close [OK]
[08-08 16:06:42]	 COM4 : 115,200bps, 8, 1, N - ComPort Open [OK]
[08-08 16:06:42]	 DABIT Connecting... [OK] 10 02 00 00 0B 6A 30 31 32 33 34 35 36 37 38 39 10 03 
                	 Receive : 10 02 00 00 0B 6A 30 31 32 33 34 35 36 37 38 39 10 03 
[08-08 16:06:42]	 COM4 Close [OK]
[08-08 16:06:48]	 COM4 Close [OK]
[08-08 16:06:49]	 COM4 : 115,200bps, 8, 1, N - ComPort Open [OK]
[08-08 16:06:49]	 æ∆Ω∫≈∞ «¡∑Œ≈‰ƒ› [OK] ![000/C1Hello /C2World!]
                	 Receive : ![0000!]
[08-08 16:06:49]	 COM4 Close [OK]
[08-08 16:06:51]	 COM4 Close [OK]
[08-08 16:06:51]	 COM4 : 115,200bps, 8, 1, N - ComPort Open [OK]
[08-08 16:06:51]	 æ∆Ω∫≈∞ «¡∑Œ≈‰ƒ› [OK] ![000/C1Hello /C2World!]
                	 Receive : ![0000!]
[08-08 16:06:51]	 COM4 Close [OK]
[08-08 16:07:00]	 COM4 Close [OK]
[08-08 16:07:02]	 COM4 : 115,200bps, 8, 1, N - ComPort Open [OK]
[08-08 16:07:02]	 æ∆Ω∫≈∞ «¡∑Œ≈‰ƒ› [OK] ![000/C1Hello /C2Worldr!]
                	 Receive : ![0000!]
[08-08 16:07:02]	 COM4 Close [OK]
[08-08 16:07:10]	 COM4 Close [OK]
[08-08 16:07:10]	 COM4 : 115,200bps, 8, 1, N - ComPort Open [OK]
[08-08 16:07:10]	 æ∆Ω∫≈∞ «¡∑Œ≈‰ƒ› [OK] ![000/C1Hello /C2World2!]
                	 Receive : ![0000!]
[08-08 16:07:10]	 COM4 Close [OK]
[08-08 16:07:11]	 COM4 Close [OK]
[08-08 16:07:15]	 COM4 : 115,200bps, 8, 1, N - ComPort Open [OK]
[08-08 16:07:15]	 æ∆Ω∫≈∞ «¡∑Œ≈‰ƒ› [OK] ![000/C1Hello /C2World1!]
                	 Receive : ![0000!]
[08-08 16:07:15]	 COM4 Close [OK]
[08-08 16:08:08]	 COM4 Close [OK]
[08-08 16:08:08]	 COM4 : 115,200bps, 8, 1, N - ComPort Open [OK]
[08-08 16:08:08]	 «ÌªÁ «¡∑Œ≈‰ƒ› [OK] 10 02 00 00 21 94 00 00 63 01 00 03 01 01 00 14 02 00 00 00 00 00 00 01 02 03 04 05 06 07 31 32 33 34 35 36 37 38 10 03 
                	 Receive : 10 02 00 00 02 94 00 10 03 
[08-08 16:08:08]	 COM4 Close [OK]
[08-08 16:08:23]	 COM4 Close [OK]
[08-08 16:08:23]	 COM4 : 115,200bps, 8, 1, N - ComPort Open [OK]
[08-08 16:08:23]	 «ÌªÁ «¡∑Œ≈‰ƒ› [OK] 10 02 00 00 31 94 00 00 63 01 00 03 01 01 00 14 02 00 00 00 00 00 00 00 01 00 02 00 03 00 04 00 05 00 06 00 07 00 B0 A1 B3 AA B4 D9 B6 F3 B8 B6 B9 D9 BB E7 BE C6 10 03 
                	 Receive : 10 02 00 00 02 94 00 10 03 
[08-08 16:08:23]	 COM4 Close [OK]
[08-08 16:08:35]	 COM4 Close [OK]
[08-08 16:08:35]	 COM4 : 115,200bps, 8, 1, N - ComPort Open [OK]
[08-08 16:08:35]	 «ÌªÁ «¡∑Œ≈‰ƒ› [OK] 10 02 00 00 11 94 00 00 63 01 00 03 01 01 00 14 02 00 00 00 00 00 10 03 
                	 Receive : 10 02 00 00 02 94 00 10 03 
[08-08 16:08:35]	 COM4 Close [OK]
[08-08 16:09:06]	 COM4 Close [OK]
[08-08 16:09:09]	 COM4 : 115,200bps, 8, 1, N - ComPort Open [OK]
[08-08 16:09:09]	 Power On [OK] 10 02 00 00 02 41 01 10 03 
                	 Receive : 10 02 00 00 02 41 00 10 03 
[08-08 16:09:09]	 COM4 Close [OK]
[08-08 16:09:22]	 COM4 Close [OK]
[08-08 16:09:23]	 COM4 : 115,200bps, 8, 1, N - ComPort Open [OK]
[08-08 16:09:23]	 ƒ¡∆Æ∑—∑Ø Ω√∞£ ¿–±‚ [OK] 10 02 00 00 01 66 10 03 
                	 Receive : 10 02 00 00 08 66 00 01 01 00 00 02 49 10 03 
[08-08 16:09:23]	 COM4 Close [OK]
[08-08 16:09:27]	 COM4 Close [OK]
[08-08 16:09:27]	 COM4 : 115,200bps, 8, 1, N - ComPort Open [OK]
[08-08 16:09:27]	 Power Off [OK] 10 02 00 00 02 41 00 10 03 
                	 Receive : 10 02 00 00 02 41 00 10 03 
[08-08 16:09:27]	 COM4 Close [OK]
[08-08 16:09:29]	 COM4 Close [OK]
[08-08 16:09:29]	 COM4 : 115,200bps, 8, 1, N - ComPort Open [OK]
[08-08 16:09:29]	 PC Ω√∞£¿∏∑Œ µø±‚»≠ [OK] 10 02 00 00 08 47 24 08 08 04 16 09 29 10 03 
                	 Receive : 10 02 00 00 02 47 00 10 03 
[08-08 16:09:29]	 COM4 Close [OK]
[08-08 16:09:32]	 COM4 Close [OK]
[08-08 16:09:35]	 COM4 : 115,200bps, 8, 1, N - ComPort Open [OK]
[08-08 16:09:35]	 ƒ¡∆Æ∑—∑Ø Ω√∞£ ¿–±‚ [OK] 10 02 00 00 01 66 10 03 
                	 Receive : 10 02 00 00 08 66 24 08 08 04 16 09 32 10 03 
[08-08 16:09:35]	 COM4 Close [OK]
[08-08 16:12:25]	 COM4 Close [OK]
[08-08 16:12:28]	 COM4 Close [OK]
[08-08 16:12:28]	 COM4 : 115,200bps, 8, 1, N - ComPort Open [OK]
[08-08 16:12:30]	 COM4 Close [OK]
[08-08 16:12:30]	 COM4 : 115,200bps, 8, 1, N - ComPort Open [OK]
[08-08 16:12:30]	 DABIT Connecting... [OK] 10 02 00 00 0B 6A 30 31 32 33 34 35 36 37 38 39 10 03 
                	 Receive : 10 02 00 00 0B 6A 30 31 32 33 34 35 36 37 38 39 10 03 
[08-08 16:12:30]	 COM4 Close [OK]
[08-08 16:12:37]	 COM4 Close [OK]
[08-08 16:12:37]	 COM4 : 115,200bps, 8, 1, N - ComPort Open [OK]
[08-08 16:12:38]	 COM4 Close [OK]
[08-08 16:12:38]	 COM4 : 115,200bps, 8, 1, N - ComPort Open [OK]
[08-08 16:12:38]	 DABIT Connecting... [OK] 10 02 00 00 0B 6A 30 31 32 33 34 35 36 37 38 39 10 03 
                	 Receive : 10 02 00 00 0B 6A 30 31 32 33 34 35 36 37 38 39 10 03 
[08-08 16:12:38]	 COM4 Close [OK]
[08-08 16:12:40]	 COM4 Close [OK]
[08-08 16:12:40]	 COM4 : 115,200bps, 8, 1, N - ComPort Open [OK]
[08-08 16:12:40]	 Power On [OK] 10 02 00 00 02 41 01 10 03 
                	 Receive : 10 02 00 00 02 41 00 10 03 
[08-08 16:12:40]	 COM4 Close [OK]
[08-08 16:12:49]	 COM4 Close [OK]
[08-08 16:12:49]	 COM4 : 115,200bps, 8, 1, N - ComPort Open [OK]
[08-08 16:12:49]	 Power On [OK] 10 02 00 00 02 41 01 10 03 
                	 Receive : 10 02 00 00 02 41 00 10 03 
[08-08 16:12:49]	 COM4 Close [OK]
[08-08 16:13:02]	 COM4 Close [OK]
[08-08 16:13:08]	 COM4 Close [OK]
[08-08 16:13:08]	 COM4 : 115,200bps, 8, 1, N - ComPort Open [OK]
[08-08 16:13:11]	 COM4 Close [OK]
[08-08 16:13:11]	 COM4 : 115,200bps, 8, 1, N - ComPort Open [OK]
[08-08 16:13:11]	 DABIT Connecting... [OK] 10 02 00 00 0B 6A 30 31 32 33 34 35 36 37 38 39 10 03 
                	 Receive : 10 02 00 00 0B 6A 30 31 32 33 34 35 36 37 38 39 10 03 
[08-08 16:13:11]	 COM4 Close [OK]
[08-08 16:13:15]	 COM1 Close [OK]
[08-08 16:13:15]	 COM4 : 115,200bps, 8, 1, N - Open [OK]
[08-08 16:13:15]	 Serial Send Data : 2B 2B 53 45 54 2B 2B 21 5B 53 45 41 52 43 48 49 4E 47 20 44 49 42 44 20 20 55 0D 0A 21 5D 
++SET++![SEARCHING DIBD  U
!]
[08-08 16:13:17]	 COM4 Close [OK]
[08-08 16:13:41]	 COM4 Close [OK]
[08-08 16:13:41]	 COM4 : 115,200bps, 8, 1, N - ComPort Open [OK]
[08-08 16:13:41]	 Setting LED Module Display Type [OK] ![0052A11011!]
                	 Receive : ![00520!]
[08-08 16:13:41]	 COM4 Close [OK]
[08-08 16:13:43]	 COM4 Close [OK]
[08-08 16:13:43]	 COM4 : 115,200bps, 8, 1, N - ComPort Open [OK]
[08-08 16:13:43]	 Setting LED Module Display Type [OK] ![0052A11011!]
                	 Receive : ![00520!]
[08-08 16:13:43]	 COM4 Close [OK]
[08-08 16:13:48]	 COM4 Close [OK]
[08-08 16:13:50]	 COM4 Close [OK]
[08-08 16:13:52]	 COM4 : 115,200bps, 8, 1, N - ComPort Open [OK]
[08-08 16:13:52]	 COM4 Close [OK]
[08-08 16:13:52]	 COM4 : 115,200bps, 8, 1, N - ComPort Open [OK]
[08-08 16:13:52]	 DABIT Connecting... [OK] 10 02 00 00 0B 6A 30 31 32 33 34 35 36 37 38 39 10 03 
                	 Receive : 10 02 00 00 0B 6A 30 31 32 33 34 35 36 37 38 39 10 03 
[08-08 16:13:52]	 COM4 Close [OK]
[08-08 16:14:27]	 COM4 Close [OK]
[08-08 16:14:30]	 COM4 : 115,200bps, 8, 1, N - ComPort Open [OK]
[08-08 16:14:30]	 COM4 Close [OK]
[08-08 16:14:30]	 COM4 : 115,200bps, 8, 1, N - ComPort Open [OK]
[08-08 16:14:30]	 DABIT Connecting... [OK] 10 02 00 00 0B 6A 30 31 32 33 34 35 36 37 38 39 10 03 
                	 Receive : 10 02 00 00 0B 6A 30 31 32 33 34 35 36 37 38 39 10 03 
[08-08 16:14:30]	 COM4 Close [OK]
[08-08 16:14:32]	 COM4 Close [OK]
[08-08 16:14:32]	 COM4 : 115,200bps, 8, 1, N - ComPort Open [OK]
[08-08 16:14:36]	 COM4 Close [OK]
[08-08 16:14:36]	 COM4 : 115,200bps, 8, 1, N - ComPort Open [OK]
[08-08 16:14:36]	 DABIT Connecting... [OK] 10 02 00 00 0B 6A 30 31 32 33 34 35 36 37 38 39 10 03 
                	 Receive : 10 02 00 00 0B 6A 30 31 32 33 34 35 36 37 38 39 10 03 
[08-08 16:14:36]	 COM4 Close [OK]
[08-08 16:14:49]	 COM4 Close [OK]
[08-08 16:14:49]	 COM4 : 115,200bps, 8, 1, N - ComPort Open [OK]
[08-08 16:14:49]	 Power On [OK] ![00211!]
                	 Receive : ![00210!]
[08-08 16:14:49]	 COM4 Close [OK]
[08-08 16:14:55]	 COM1 Close [OK]
[08-08 16:14:57]	 COM1 Close [OK]
[08-08 16:14:57]	 COM4 : 115,200bps, 8, 1, N - ComPort Open [OK]
[08-08 16:14:57]	 ƒ¡∆Æ∑—∑Ø Ω√∞£ ¿–±‚ [OK] ![0031!]
                	 Receive : ![00310001010000245!]
[08-08 16:14:57]	 COM4 Close [OK]
[08-08 16:15:07]	 COM4 Close [OK]
[08-08 16:15:08]	 COM4 : 115,200bps, 8, 1, N - ComPort Open [OK]
[08-08 16:15:08]	 Power On [OK] ![00211!]
                	 Receive : ![00210!]
[08-08 16:15:08]	 COM4 Close [OK]
[08-08 16:15:09]	 COM4 Close [OK]
[08-08 16:15:09]	 COM4 : 115,200bps, 8, 1, N - ComPort Open [OK]
[08-08 16:15:10]	 PC Ω√∞£¿∏∑Œ µø±‚»≠ [OK] ![00302408084161509!]
                	 Receive : ![00300!]
[08-08 16:15:10]	 COM4 Close [OK]
[08-08 16:15:11]	 COM4 Close [OK]
[08-08 16:15:11]	 COM4 : 115,200bps, 8, 1, N - ComPort Open [OK]
[08-08 16:15:11]	 ƒ¡∆Æ∑—∑Ø Ω√∞£ ¿–±‚ [OK] ![0031!]
                	 Receive : ![00312408084161509!]
[08-08 16:15:11]	 COM4 Close [OK]
[08-08 16:15:16]	 COM4 Close [OK]
[08-08 16:15:16]	 COM4 : 115,200bps, 8, 1, N - ComPort Open [OK]
[08-08 16:15:16]	 æ∆Ω∫≈∞ «¡∑Œ≈‰ƒ› [OK] ![000/C1Hello /C2World2!]
                	 Receive : ![0000!]
[08-08 16:15:16]	 COM4 Close [OK]
[08-08 16:15:22]	 COM4 Close [OK]
[08-08 16:15:22]	 COM4 : 115,200bps, 8, 1, N - ComPort Open [OK]
[08-08 16:15:22]	 æ∆Ω∫≈∞ «¡∑Œ≈‰ƒ› [OK] ![000/C1Hello /C2World1!]
                	 Receive : ![0000!]
[08-08 16:15:22]	 COM4 Close [OK]
[08-08 16:15:25]	 COM4 Close [OK]
[08-08 16:15:26]	 COM4 Close [OK]
[08-08 16:15:26]	 COM4 : 115,200bps, 8, 1, N - ComPort Open [OK]
[08-08 16:15:27]	 COM4 Close [OK]
[08-08 16:15:27]	 COM4 : 115,200bps, 8, 1, N - ComPort Open [OK]
[08-08 16:15:27]	 DABIT Connecting... [OK] 10 02 00 00 0B 6A 30 31 32 33 34 35 36 37 38 39 10 03 
                	 Receive : 10 02 00 00 0B 6A 30 31 32 33 34 35 36 37 38 39 10 03 
[08-08 16:15:27]	 COM4 Close [OK]
[08-08 16:15:33]	 COM4 Close [OK]
[08-08 16:15:34]	 COM4 : 115,200bps, 8, 1, N - ComPort Open [OK]
[08-08 16:15:34]	 ƒ¡∆Æ∑—∑Ø Ω√∞£ ¿–±‚ [OK] ![0031!]
                	 Receive : ![00312408084161530!]
[08-08 16:15:34]	 COM4 Close [OK]
[08-08 16:15:35]	 COM4 Close [OK]
[08-08 16:15:35]	 COM4 : 115,200bps, 8, 1, N - ComPort Open [OK]
[08-08 16:15:35]	 ƒ¡∆Æ∑—∑Ø Ω√∞£ ¿–±‚ [OK] ![0031!]
                	 Receive : ![00312408084161532!]
[08-08 16:15:35]	 COM4 Close [OK]
[08-08 16:15:36]	 COM4 Close [OK]
[08-08 16:15:36]	 COM4 : 115,200bps, 8, 1, N - ComPort Open [OK]
[08-08 16:15:36]	 ƒ¡∆Æ∑—∑Ø Ω√∞£ ¿–±‚ [OK] ![0031!]
                	 Receive : ![00312408084161532!]
[08-08 16:15:36]	 COM4 Close [OK]
[08-08 16:15:36]	 COM4 Close [OK]
[08-08 16:15:36]	 COM4 : 115,200bps, 8, 1, N - ComPort Open [OK]
[08-08 16:15:36]	 ƒ¡∆Æ∑—∑Ø Ω√∞£ ¿–±‚ [OK] ![0031!]
                	 Receive : ![00312408084161533!]
[08-08 16:15:36]	 COM4 Close [OK]
[08-08 16:15:37]	 COM4 Close [OK]
[08-08 16:15:37]	 COM4 : 115,200bps, 8, 1, N - ComPort Open [OK]
[08-08 16:15:37]	 ƒ¡∆Æ∑—∑Ø Ω√∞£ ¿–±‚ [OK] ![0031!]
                	 Receive : ![00312408084161534!]
[08-08 16:15:37]	 COM4 Close [OK]
[08-08 16:15:38]	 COM4 Close [OK]
[08-08 16:15:38]	 COM4 : 115,200bps, 8, 1, N - ComPort Open [OK]
[08-08 16:15:38]	 ƒ¡∆Æ∑—∑Ø Ω√∞£ ¿–±‚ [OK] ![0031!]
                	 Receive : ![00312408084161535!]
[08-08 16:15:38]	 COM4 Close [OK]
[08-08 16:15:41]	 COM4 Close [OK]
[08-08 16:15:41]	 COM4 : 115,200bps, 8, 1, N - ComPort Open [OK]
[08-08 16:15:41]	 æ∆Ω∫≈∞ «¡∑Œ≈‰ƒ› [OK] ![000/C1Hello /C2World1!]
                	 Receive : ![0000!]
[08-08 16:15:41]	 COM4 Close [OK]
[08-08 16:15:45]	 COM4 Close [OK]
[08-08 16:15:46]	 COM4 : 115,200bps, 8, 1, N - ComPort Open [OK]
[08-08 16:15:46]	 Power On [OK] ![00211!]
                	 Receive : ![00210!]
[08-08 16:15:46]	 COM4 Close [OK]
[08-08 16:15:50]	 COM4 Close [OK]
[08-08 16:15:50]	 COM4 : 115,200bps, 8, 1, N - ComPort Open [OK]
[08-08 16:15:50]	 Setting LED Module Display Type [OK] ![0052B11111!]
                	 Receive : ![00520!]
[08-08 16:15:50]	 COM4 Close [OK]
[08-08 16:15:52]	 COM4 Close [OK]
[08-08 16:15:52]	 COM4 : 115,200bps, 8, 1, N - ComPort Open [OK]
[08-08 16:15:52]	 Setting LED Module Display Type [OK] ![0052B11111!]
                	 Receive : ![00520!]
[08-08 16:15:52]	 COM4 Close [OK]
[08-08 16:16:14]	 COM4 Close [OK]
[08-08 16:16:14]	 COM4 : 115,200bps, 8, 1, N - ComPort Open [OK]
[08-08 16:16:14]	 Setting LED Module Display Type [OK] ![0052A12111!]
                	 Receive : ![00520!]
[08-08 16:16:14]	 COM4 Close [OK]
[08-08 16:16:16]	 COM4 Close [OK]
[08-08 16:16:16]	 COM4 : 115,200bps, 8, 1, N - ComPort Open [OK]
[08-08 16:16:16]	 Setting LED Module Display Type [OK] ![0052A13111!]
                	 Receive : ![00520!]
[08-08 16:16:16]	 COM4 Close [OK]
[08-08 16:16:17]	 COM4 Close [OK]
[08-08 16:16:17]	 COM4 : 115,200bps, 8, 1, N - ComPort Open [OK]
[08-08 16:16:17]	 Setting LED Module Display Type [OK] ![0052A14111!]
                	 Receive : ![00520!]
[08-08 16:16:17]	 COM4 Close [OK]
[08-08 16:16:18]	 COM4 Close [OK]
[08-08 16:16:18]	 COM4 : 115,200bps, 8, 1, N - ComPort Open [OK]
[08-08 16:16:18]	 Setting LED Module Display Type [OK] ![0052821012!]
                	 Receive : ![00520!]
[08-08 16:16:18]	 COM4 Close [OK]
[08-08 16:16:19]	 COM4 Close [OK]
[08-08 16:16:19]	 COM4 : 115,200bps, 8, 1, N - ComPort Open [OK]
[08-08 16:16:19]	 Setting LED Module Display Type [OK] ![0052821111!]
                	 Receive : ![00520!]
[08-08 16:16:19]	 COM4 Close [OK]
[08-08 16:16:20]	 COM4 Close [OK]
[08-08 16:16:20]	 COM4 : 115,200bps, 8, 1, N - ComPort Open [OK]
[08-08 16:16:20]	 Setting LED Module Display Type [OK] ![0052822111!]
                	 Receive : ![00520!]
[08-08 16:16:20]	 COM4 Close [OK]
[08-08 16:16:20]	 COM4 Close [OK]
[08-08 16:16:20]	 COM4 : 115,200bps, 8, 1, N - ComPort Open [OK]
[08-08 16:16:20]	 Setting LED Module Display Type [OK] ![0052822311!]
                	 Receive : ![00520!]
[08-08 16:16:20]	 COM4 Close [OK]
[08-08 16:16:21]	 COM4 Close [OK]
[08-08 16:16:25]	 COM4 : 115,200bps, 8, 1, N - ComPort Open [OK]
[08-08 16:16:25]	 COM4 Close [OK]
[08-08 16:16:25]	 COM4 : 115,200bps, 8, 1, N - ComPort Open [OK]
[08-08 16:16:25]	 COM4 Close [OK]
[08-08 16:16:25]	 COM4 : 115,200bps, 8, 1, N - ComPort Open [OK]
[08-08 16:16:25]	 Setting LED Module Display Type [OK] ![0052828111!]
                	 Receive : ![00520!]
[08-08 16:16:25]	 COM4 Close [OK]
[08-08 16:16:25]	 COM4 Close [OK]
[08-08 16:16:25]	 COM4 : 115,200bps, 8, 1, N - ComPort Open [OK]
[08-08 16:16:26]	 Setting LED Module Display Type [OK] ![0052823111!]
                	 Receive : ![00520!]
[08-08 16:16:26]	 COM4 Close [OK]
[08-08 16:16:27]	 COM4 Close [OK]
[08-08 16:16:27]	 COM4 : 115,200bps, 8, 1, N - ComPort Open [OK]
[08-08 16:16:27]	 Setting LED Module Display Type [OK] ![0052828111!]
                	 Receive : ![00520!]
[08-08 16:16:27]	 COM4 Close [OK]
[08-08 16:16:29]	 Setting LED Module Display Type [FAIL]
[08-08 16:16:29]	 COM4 Close [OK]
[08-08 16:16:30]	 Setting LED Module Display Type [FAIL]
[08-08 16:16:30]	 COM4 Close [OK]
[08-08 16:16:31]	 COM4 Close [OK]
[08-08 16:16:31]	 COM4 : 115,200bps, 8, 1, N - ComPort Open [OK]
[08-08 16:16:31]	 Setting LED Module Display Type [OK] ![0052811111!]
                	 Receive : ![00520!]
[08-08 16:16:31]	 COM4 Close [OK]
[08-08 16:16:33]	 COM4 Close [OK]
[08-08 16:16:33]	 COM4 : 115,200bps, 8, 1, N - ComPort Open [OK]
[08-08 16:16:33]	 Setting LED Module Display Type [OK] ![0052811211!]
                	 Receive : ![00520!]
[08-08 16:16:33]	 COM4 Close [OK]
[08-08 16:16:35]	 COM4 Close [OK]
[08-08 16:16:37]	 COM4 : 115,200bps, 8, 1, N - ComPort Open [OK]
[08-08 16:16:38]	 Setting LED Module Display Type [OK] ![0052812211!]
                	 Receive : ![00520!]
[08-08 16:16:38]	 COM4 Close [OK]
[08-08 16:16:38]	 COM4 Close [OK]
[08-08 16:16:38]	 COM4 : 115,200bps, 8, 1, N - ComPort Open [OK]
[08-08 16:16:38]	 Setting LED Module Display Type [OK] ![0052813111!]
                	 Receive : ![00520!]
[08-08 16:16:38]	 COM4 Close [OK]
[08-08 16:16:40]	 COM4 Close [OK]
[08-08 16:16:40]	 COM4 : 115,200bps, 8, 1, N - ComPort Open [OK]
[08-08 16:16:40]	 Setting LED Module Display Type [OK] ![0052813211!]
                	 Receive : ![00520!]
[08-08 16:16:40]	 COM4 Close [OK]
[08-08 16:16:43]	 COM4 Close [OK]
[08-08 16:16:43]	 COM4 : 115,200bps, 8, 1, N - ComPort Open [OK]
[08-08 16:16:44]	 Setting LED Module Display Type [OK] ![0052812111!]
                	 Receive : ![00520!]
[08-08 16:16:44]	 COM4 Close [OK]
[08-08 16:16:45]	 COM4 Close [OK]
[08-08 16:16:45]	 COM4 : 115,200bps, 8, 1, N - ComPort Open [OK]
[08-08 16:16:45]	 Setting LED Module Display Type [OK] ![0052813111!]
                	 Receive : ![00520!]
[08-08 16:16:45]	 COM4 Close [OK]
[08-08 16:16:47]	 COM4 Close [OK]
[08-08 16:16:50]	 COM4 : 115,200bps, 8, 1, N - ComPort Open [OK]
[08-08 16:16:50]	 COM4 Close [OK]
[08-08 16:16:50]	 COM4 : 115,200bps, 8, 1, N - ComPort Open [OK]
[08-08 16:16:50]	 Setting LED Module Display Type [OK] ![0052816111!]
                	 Receive : ![00520!]
[08-08 16:16:50]	 COM4 Close [OK]
[08-08 16:16:52]	 COM4 Close [OK]
[08-08 16:16:52]	 COM4 : 115,200bps, 8, 1, N - ComPort Open [OK]
[08-08 16:16:52]	 Setting LED Module Display Type [OK] ![0052819111!]
                	 Receive : ![00520!]
[08-08 16:16:52]	 COM4 Close [OK]
[08-08 16:16:53]	 COM4 Close [OK]
[08-08 16:16:53]	 COM4 : 115,200bps, 8, 1, N - ComPort Open [OK]
[08-08 16:16:53]	 Setting LED Module Display Type [OK] ![0052814211!]
                	 Receive : ![00520!]
[08-08 16:16:53]	 COM4 Close [OK]
[08-08 16:16:54]	 Setting LED Module Display Type [FAIL]
[08-08 16:16:54]	 COM4 Close [OK]
[08-08 16:17:21]	 COM4 Close [OK]
[08-08 16:17:21]	 COM4 : 115,200bps, 8, 1, N - ComPort Open [OK]
[08-08 16:17:21]	 Power On [OK] ![00211!]
                	 Receive : ![00210!]
[08-08 16:17:21]	 COM4 Close [OK]
[08-08 16:17:51]	 COM4 Close [OK]
[08-08 16:17:52]	 COM4 Close [OK]
[08-08 16:17:54]	 COM4 : 115,200bps, 8, 1, N - ComPort Open [OK]
[08-08 16:17:54]	 COM4 Close [OK]
[08-08 16:17:54]	 COM4 : 115,200bps, 8, 1, N - ComPort Open [OK]
[08-08 16:17:54]	 DABIT Connecting... [OK] 10 02 00 00 0B 6A 30 31 32 33 34 35 36 37 38 39 10 03 
                	 Receive : 10 02 00 00 0B 6A 30 31 32 33 34 35 36 37 38 39 10 03 
[08-08 16:17:54]	 COM4 Close [OK]
[08-08 16:17:55]	 COM4 Close [OK]
[08-08 16:17:55]	 COM4 : 115,200bps, 8, 1, N - ComPort Open [OK]
[08-08 16:17:55]	 DABIT Connecting... [OK] 10 02 00 00 0B 6A 30 31 32 33 34 35 36 37 38 39 10 03 
                	 Receive : 10 02 00 00 0B 6A 30 31 32 33 34 35 36 37 38 39 10 03 
[08-08 16:17:55]	 COM4 Close [OK]
[08-08 16:18:20]	 COM4 Close [OK]
[08-08 16:18:20]	 COM4 : 115,200bps, 8, 1, N - ComPort Open [OK]
[08-08 16:18:20]	 æ∆Ω∫≈∞ «¡∑Œ≈‰ƒ› [OK] ![0032/P0000/D9901/F0003/E0601/S1502/X0000/Y0000/B000/C3/G0/T0!]
                	 Receive : ![00320!]
[08-08 16:18:20]	 COM4 Close [OK]
[08-08 16:18:22]	 COM4 Close [OK]
[08-08 16:18:22]	 COM4 : 115,200bps, 8, 1, N - ComPort Open [OK]
[08-08 16:18:22]	 æ∆Ω∫≈∞ «¡∑Œ≈‰ƒ› [OK] ![00330!]
                	 Receive : ![0033/P0000/D9901/F0003/E0601/S1502/X0000/Y0000/B000/C3/G0/T0!]
[08-08 16:18:22]	 COM4 Close [OK]
[08-08 16:18:22]	 COM4 Close [OK]
[08-08 16:18:22]	 COM4 : 115,200bps, 8, 1, N - ComPort Open [OK]
[08-08 16:18:22]	 æ∆Ω∫≈∞ «¡∑Œ≈‰ƒ› [OK] ![00330!]
                	 Receive : ![0033/P0000/D9901/F0003/E0601/S1502/X0000/Y0000/B000/C3/G0/T0!]
[08-08 16:18:22]	 COM4 Close [OK]
[08-08 16:18:23]	 COM4 Close [OK]
[08-08 16:18:23]	 COM4 : 115,200bps, 8, 1, N - ComPort Open [OK]
[08-08 16:18:23]	 æ∆Ω∫≈∞ «¡∑Œ≈‰ƒ› [OK] ![00330!]
                	 Receive : ![0033/P0000/D9901/F0003/E0601/S1502/X0000/Y0000/B000/C3/G0/T0!]
[08-08 16:18:23]	 COM4 Close [OK]
[08-08 16:18:23]	 COM4 Close [OK]
[08-08 16:18:23]	 COM4 : 115,200bps, 8, 1, N - ComPort Open [OK]
[08-08 16:18:23]	 æ∆Ω∫≈∞ «¡∑Œ≈‰ƒ› [OK] ![00330!]
                	 Receive : ![0033/P0000/D9901/F0003/E0601/S1502/X0000/Y0000/B000/C3/G0/T0!]
[08-08 16:18:23]	 COM4 Close [OK]
[08-08 16:18:23]	 COM4 Close [OK]
[08-08 16:18:23]	 COM4 : 115,200bps, 8, 1, N - ComPort Open [OK]
[08-08 16:18:23]	 æ∆Ω∫≈∞ «¡∑Œ≈‰ƒ› [OK] ![00330!]
                	 Receive : ![0033/P0000/D9901/F0003/E0601/S1502/X0000/Y0000/B000/C3/G0/T0!]
[08-08 16:18:23]	 COM4 Close [OK]
[08-08 16:18:29]	 COM4 Close [OK]
[08-08 16:18:32]	 COM4 : 115,200bps, 8, 1, N - ComPort Open [OK]
[08-08 16:18:32]	 æ∆Ω∫≈∞ «¡∑Œ≈‰ƒ› [OK] ![00330!]
                	 Receive : ![0033/P0000/D9901/F0003/E0601/S1502/X0000/Y0000/B000/C3/G0/T0!]
[08-08 16:18:32]	 COM4 Close [OK]
[08-08 16:18:34]	 COM4 Close [OK]
[08-08 16:18:35]	 COM4 : 115,200bps, 8, 1, N - ComPort Open [OK]
[08-08 16:18:35]	 æ∆Ω∫≈∞ «¡∑Œ≈‰ƒ› [OK] ![0032/P0000/D0401/F0003/E1801/S1502/X0000/Y0000/B000/C3/G0/T0!]
                	 Receive : ![00320!]
[08-08 16:18:35]	 COM4 Close [OK]
[08-08 16:18:42]	 COM4 Close [OK]
[08-08 16:18:45]	 COM4 : 115,200bps, 8, 1, N - ComPort Open [OK]
[08-08 16:18:45]	 æ∆Ω∫≈∞ «¡∑Œ≈‰ƒ› [OK] ![000/Y0004/E0606/S1000/C7Text 123456789 Hello World!]
                	 Receive : ![0000!]
[08-08 16:18:45]	 COM4 Close [OK]
[08-08 16:19:11]	 COM4 Close [OK]
[08-08 16:19:11]	 COM4 : 115,200bps, 8, 1, N - ComPort Open [OK]
[08-08 16:19:11]	 æ∆Ω∫≈∞ «¡∑Œ≈‰ƒ› [OK] ![000Hello world!]
                	 Receive : ![0000!]
[08-08 16:19:11]	 COM4 Close [OK]
[08-08 16:20:27]	 COM4 Close [OK]
[08-08 16:20:29]	 COM4 Close [OK]
[08-08 16:20:29]	 COM4 : 115,200bps, 8, 1, N - ComPort Open [OK]
[08-08 16:20:33]	 COM4 Close [OK]
[08-08 16:20:33]	 COM4 : 115,200bps, 8, 1, N - ComPort Open [OK]
[08-08 16:20:33]	 DABIT Connecting... [OK] 10 02 00 00 0B 6A 30 31 32 33 34 35 36 37 38 39 10 03 
                	 Receive : 10 02 00 00 0B 6A 30 31 32 33 34 35 36 37 38 39 10 03 
[08-08 16:20:33]	 COM4 Close [OK]
[08-08 16:20:49]	 COM1 Close [OK]
[08-08 16:20:49]	 COM4 : 115,200bps, 8, 1, N - Open [OK]
[08-08 16:20:49]	 Serial Send Data : 2B 2B 53 45 54 2B 2B 21 5B 53 45 41 52 43 48 49 4E 47 20 44 49 42 44 20 20 55 0D 0A 21 5D 
++SET++![SEARCHING DIBD  U
!]
[08-08 16:20:51]	 COM4 Close [OK]
[08-08 16:21:00]	 COM4 Close [OK]
[08-08 16:21:00]	 COM4 : 115,200bps, 8, 1, N - ComPort Open [OK]
[08-08 16:21:05]	 COM4 Close [OK]
[08-08 16:21:05]	 COM4 : 115,200bps, 8, 1, N - ComPort Open [OK]
[08-08 16:21:05]	 DABIT Connecting... [OK] 10 02 00 00 0B 6A 30 31 32 33 34 35 36 37 38 39 10 03 
                	 Receive : 10 02 00 00 0B 6A 30 31 32 33 34 35 36 37 38 39 10 03 
[08-08 16:21:05]	 COM4 Close [OK]
[08-08 16:21:16]	 COM4 Close [OK]
[08-08 16:21:19]	 COM4 : 115,200bps, 8, 1, N - ComPort Open [OK]
[08-08 16:21:19]	 ƒ¡∆Æ∑—∑Ø Ω√∞£ ¿–±‚ [OK] ![0031!]
                	 Receive : ![00310001010000114!]
[08-08 16:21:19]	 COM4 Close [OK]
[08-08 16:21:21]	 COM4 Close [OK]
[08-08 16:21:21]	 COM4 : 115,200bps, 8, 1, N - ComPort Open [OK]
[08-08 16:21:21]	 PC Ω√∞£¿∏∑Œ µø±‚»≠ [OK] ![00302408084162121!]
                	 Receive : ![00300!]
[08-08 16:21:21]	 COM4 Close [OK]
[08-08 16:21:32]	 COM4 Close [OK]
[08-08 16:21:32]	 COM4 : 115,200bps, 8, 1, N - ComPort Open [OK]
[08-08 16:21:32]	 ƒ¡∆Æ∑—∑Ø Ω√∞£ ¿–±‚ [OK] ![0031!]
                	 Receive : ![00312408084162129!]
[08-08 16:21:32]	 COM4 Close [OK]
[08-08 16:21:38]	 COM4 Close [OK]
[08-08 16:21:46]	 COM4 Close [OK]
[08-08 16:21:46]	 COM4 : 115,200bps, 8, 1, N - ComPort Open [OK]
[08-08 16:21:47]	 COM4 Close [OK]
[08-08 16:21:47]	 COM4 : 115,200bps, 8, 1, N - ComPort Open [OK]
[08-08 16:21:47]	 DABIT Connecting... [OK] 10 02 00 00 0B 6A 30 31 32 33 34 35 36 37 38 39 10 03 
                	 Receive : 10 02 00 00 0B 6A 30 31 32 33 34 35 36 37 38 39 10 03 
[08-08 16:21:47]	 COM4 Close [OK]
[08-08 16:21:50]	 COM4 Close [OK]
[08-08 16:21:50]	 COM4 : 115,200bps, 8, 1, N - ComPort Open [OK]
[08-08 16:21:50]	 æ∆Ω∫≈∞ «¡∑Œ≈‰ƒ› [OK] ![000Hello world!]
                	 Receive : ![0000!]
[08-08 16:21:50]	 COM4 Close [OK]
[08-08 16:21:53]	 COM4 Close [OK]
[08-08 16:21:57]	 COM4 : 115,200bps, 8, 1, N - ComPort Open [OK]
[08-08 16:21:57]	 æ∆Ω∫≈∞ «¡∑Œ≈‰ƒ› [OK] ![000Hello world!]
                	 Receive : ![0000!]
[08-08 16:21:57]	 COM4 Close [OK]
[08-08 16:24:08]	 COM4 Close [OK]
[08-08 16:24:08]	 COM4 : 115,200bps, 8, 1, N - ComPort Open [OK]
[08-08 16:24:08]	 DABIT Version Request [Receive: [OK] ![0081!]
                	 Receive : ![008< 33>DIBD600U_08C_08R010C V2.1.0
2024-01-17 02x006-L0-U0-D0-S4P30_O-E0
R-180MHz-08D_D1S42_11-C0-G  W
mac:54-ff-82-01-52-1e ip:192.168.000.201 port:05000
Addr:00-115200bps!!]
[08-08 16:24:08]	 COM4 Close [OK]
[08-08 16:25:31]	 COM1 Close [OK]
[08-08 16:25:48]	 COM1 Close [OK]
[08-08 16:25:48]	 COM4 : 115,200bps, 8, 1, N - ComPort Open [OK]
[08-08 16:25:48]	 Setting LED Module Display Type [OK] ![0052424111!]
                	 Receive : ![00520!]
[08-08 16:25:48]	 COM4 Close [OK]
[08-08 16:25:50]	 COM4 Close [OK]
[08-08 16:25:50]	 COM4 : 115,200bps, 8, 1, N - ComPort Open [OK]
[08-08 16:25:50]	 Setting LED Module Display Type [OK] ![0052426111!]
                	 Receive : ![00520!]
[08-08 16:25:50]	 COM4 Close [OK]
[08-08 16:25:54]	 COM4 Close [OK]
[08-08 16:25:57]	 COM4 : 115,200bps, 8, 1, N - ComPort Open [OK]
[08-08 16:25:57]	 COM4 Close [OK]
[08-08 16:25:57]	 COM4 : 115,200bps, 8, 1, N - ComPort Open [OK]
[08-08 16:25:57]	 Setting LED Module Display Type [OK] ![0052411111!]
                	 Receive : ![00520!]
[08-08 16:25:57]	 COM4 Close [OK]
[08-08 16:25:58]	 COM4 Close [OK]
[08-08 16:25:58]	 COM4 : 115,200bps, 8, 1, N - ComPort Open [OK]
[08-08 16:25:58]	 Setting LED Module Display Type [OK] ![0052411111!]
                	 Receive : ![00520!]
[08-08 16:25:58]	 COM4 Close [OK]
[08-08 16:26:01]	 Setting LED Module Display Type [FAIL]
[08-08 16:26:01]	 COM4 Close [OK]
[08-08 16:26:06]	 COM4 Close [OK]
[08-08 16:26:09]	 COM4 : 115,200bps, 8, 1, N - ComPort Open [OK]
[08-08 16:26:09]	 Setting LED Module Display Type [OK] ![0052B11111!]
                	 Receive : ![00520!]
[08-08 16:26:09]	 COM4 Close [OK]
[08-08 16:26:10]	 COM4 Close [OK]
[08-08 16:26:10]	 COM4 : 115,200bps, 8, 1, N - ComPort Open [OK]
[08-08 16:26:10]	 Setting LED Module Display Type [OK] ![0052B11111!]
                	 Receive : ![00520!]
[08-08 16:26:10]	 COM4 Close [OK]
[08-08 16:26:11]	 COM4 Close [OK]
[08-08 16:26:11]	 COM4 : 115,200bps, 8, 1, N - ComPort Open [OK]
[08-08 16:26:11]	 Setting LED Module Display Type [OK] ![0052B11111!]
                	 Receive : ![00520!]
[08-08 16:26:11]	 COM4 Close [OK]
[08-08 16:26:15]	 COM4 Close [OK]
[08-08 16:26:15]	 COM4 : 115,200bps, 8, 1, N - ComPort Open [OK]
[08-08 16:26:15]	 Setting LED Module Display Type [OK] ![0052A11011!]
                	 Receive : ![00520!]
[08-08 16:26:15]	 COM4 Close [OK]
[08-08 16:26:16]	 COM4 Close [OK]
[08-08 16:26:16]	 COM4 : 115,200bps, 8, 1, N - ComPort Open [OK]
[08-08 16:26:17]	 Setting LED Module Display Type [OK] ![0052A11011!]
                	 Receive : ![00520!]
[08-08 16:26:17]	 COM4 Close [OK]
[08-08 16:26:17]	 COM4 Close [OK]
[08-08 16:26:17]	 COM4 : 115,200bps, 8, 1, N - ComPort Open [OK]
[08-08 16:26:17]	 Setting LED Module Display Type [OK] ![0052A11011!]
                	 Receive : ![00520!]
[08-08 16:26:17]	 COM4 Close [OK]
[08-08 16:26:23]	 COM4 Close [OK]
[08-08 16:26:23]	 COM4 : 115,200bps, 8, 1, N - ComPort Open [OK]
[08-08 16:26:23]	 Setting LED Module Display Type [OK] ![0052A11111!]
                	 Receive : ![00520!]
[08-08 16:26:23]	 COM4 Close [OK]
[08-08 16:26:25]	 COM4 Close [OK]
[08-08 16:26:25]	 COM4 : 115,200bps, 8, 1, N - ComPort Open [OK]
[08-08 16:26:25]	 Setting LED Module Display Type [OK] ![0052A11111!]
                	 Receive : ![00520!]
[08-08 16:26:25]	 COM4 Close [OK]
[08-08 16:26:27]	 COM4 Close [OK]
[08-08 16:26:27]	 COM4 : 115,200bps, 8, 1, N - ComPort Open [OK]
[08-08 16:26:27]	 Setting LED Module Display Type [OK] ![0052A11111!]
                	 Receive : ![00520!]
[08-08 16:26:27]	 COM4 Close [OK]
[08-08 16:26:29]	 COM4 Close [OK]
[08-08 16:26:29]	 COM4 : 115,200bps, 8, 1, N - ComPort Open [OK]
[08-08 16:26:29]	 Setting LED Module Display Type [OK] ![0052A12111!]
                	 Receive : ![00520!]
[08-08 16:26:29]	 COM4 Close [OK]
[08-08 16:26:30]	 COM4 Close [OK]
[08-08 16:26:30]	 COM4 : 115,200bps, 8, 1, N - ComPort Open [OK]
[08-08 16:26:30]	 Setting LED Module Display Type [OK] ![0052A12111!]
                	 Receive : ![00520!]
[08-08 16:26:30]	 COM4 Close [OK]
[08-08 16:27:25]	 COM4 Close [OK]
[08-08 16:27:25]	 COM4 : 115,200bps, 8, 1, N - ComPort Open [OK]
[08-08 16:27:29]	 Setting LED Module Display Type [FAIL] ![0052B11111!]
[08-08 16:27:29]	 COM4 Close [OK]
[08-08 16:27:34]	 COM4 Close [OK]
[08-08 16:27:34]	 COM4 : 115,200bps, 8, 1, N - ComPort Open [OK]
[08-08 16:27:38]	 æ∆Ω∫≈∞ «¡∑Œ≈‰ƒ› [FAIL] ![000Hello world!]
[08-08 16:27:38]	 COM4 Close [OK]
[08-08 16:27:51]	 COM4 Close [OK]
[08-08 16:27:51]	 COM4 : 115,200bps, 8, 1, N - ComPort Open [OK]
[08-08 16:27:51]	 æ∆Ω∫≈∞ «¡∑Œ≈‰ƒ› [OK] ![000Hello world!]
                	 Receive : ![0000!]
[08-08 16:27:51]	 COM4 Close [OK]
[08-08 16:28:04]	 COM4 Close [OK]
[08-08 16:28:04]	 COM4 : 115,200bps, 8, 1, N - ComPort Open [OK]
[08-08 16:28:04]	 æ∆Ω∫≈∞ «¡∑Œ≈‰ƒ› [OK] ![000/Y0004/E0606/S1000/C7Text 123456789 Hello World!]
                	 Receive : ![0000!]
[08-08 16:28:04]	 COM4 Close [OK]
[08-08 16:28:25]	 COM4 Close [OK]
[08-08 16:28:25]	 COM4 : 115,200bps, 8, 1, N - ComPort Open [OK]
[08-08 16:28:25]	 æ∆Ω∫≈∞ «¡∑Œ≈‰ƒ› [OK] ![000/Y0004/E0606/S1000/C7Text 123456789 Hello World!]
                	 Receive : ![0000!]
[08-08 16:28:25]	 COM4 Close [OK]
[08-08 16:39:15]	 COM1 Close [OK]
[08-08 16:39:17]	 COM1 Close [OK]
[08-08 16:39:19]	 COM1 Close [OK]
[08-08 16:39:21]	 COM4 : 115,200bps, 8, 1, N - ComPort Open [OK]
[08-08 16:39:27]	 DABIT Connecting... [Fail] 10 02 00 00 0B 6A 30 31 32 33 34 35 36 37 38 39 10 03 
[08-08 16:39:27]	 COM4 Close [OK]
[08-08 16:39:49]	 COM4 Close [OK]
[08-08 16:39:49]	 COM4 : 115,200bps, 8, 1, N - ComPort Open [OK]
[08-08 16:39:49]	 DABIT Connecting... [OK] 10 02 00 00 0B 6A 30 31 32 33 34 35 36 37 38 39 10 03 
                	 Receive : 10 02 00 00 0B 6A 30 31 32 33 34 35 36 37 38 39 10 03 
[08-08 16:39:49]	 COM4 Close [OK]
[08-08 16:39:56]	 COM4 Close [OK]
[08-08 16:39:59]	 COM4 : 115,200bps, 8, 1, N - ComPort Open [OK]
[08-08 16:39:59]	 æ∆Ω∫≈∞ «¡∑Œ≈‰ƒ› [OK] ![000Hello world!]
                	 Receive : ![0000!]
[08-08 16:39:59]	 COM4 Close [OK]
[08-08 16:40:15]	 COM4 Close [OK]
[08-08 16:40:15]	 COM4 : 115,200bps, 8, 1, N - ComPort Open [OK]
[08-08 16:40:15]	 ƒ¡∆Æ∑—∑Ø Ω√∞£ ¿–±‚ [OK] ![0031!]
                	 Receive : ![00317001014000030!]
[08-08 16:40:15]	 COM4 Close [OK]
[08-08 16:40:16]	 COM4 Close [OK]
[08-08 16:40:16]	 COM4 : 115,200bps, 8, 1, N - ComPort Open [OK]
[08-08 16:40:16]	 PC Ω√∞£¿∏∑Œ µø±‚»≠ [OK] ![00302408084164016!]
                	 Receive : ![00300!]
[08-08 16:40:16]	 COM4 Close [OK]
[08-08 16:40:20]	 COM4 Close [OK]
[08-08 16:40:20]	 COM4 : 115,200bps, 8, 1, N - ComPort Open [OK]
[08-08 16:40:20]	 ƒ¡∆Æ∑—∑Ø Ω√∞£ ¿–±‚ [OK] ![0031!]
                	 Receive : ![00312408084164019!]
[08-08 16:40:20]	 COM4 Close [OK]
[08-08 16:40:21]	 COM4 Close [OK]
[08-08 16:40:25]	 COM4 : 115,200bps, 8, 1, N - ComPort Open [OK]
[08-08 16:40:25]	 DABIT Version Request [Receive: [OK] ![0081!]
                	 Receive : ![008<  b>DIBD502S_08C_02R020C V2.4.4
2024-06-12 02x006-L0-S0-D0-S4P06_O-E0
R-240MHz-32D_D1S1A_11-C0-G  W
Addr:00-115200bps!]
[08-08 16:40:25]	 COM4 Close [OK]
[08-08 16:40:39]	 COM4 Close [OK]
[08-08 16:40:41]	 COM4 Close [OK]
[08-08 16:40:41]	 COM4 : 115,200bps, 8, 1, N - ComPort Open [OK]
[08-08 16:40:53]	 COM4 Close [OK]
[08-08 16:40:53]	 COM4 : 115,200bps, 8, 1, N - ComPort Open [OK]
[08-08 16:40:53]	 DABIT Connecting... [OK] 10 02 00 00 0B 6A 30 31 32 33 34 35 36 37 38 39 10 03 
                	 Receive : 10 02 00 00 0B 6A 30 31 32 33 34 35 36 37 38 39 10 03 
[08-08 16:40:53]	 COM4 Close [OK]
[08-08 16:40:58]	 COM4 Close [OK]
[08-08 16:40:58]	 COM4 : 115,200bps, 8, 1, N - ComPort Open [OK]
[08-08 16:41:01]	 COM4 Close [OK]
[08-08 17:05:13]	 COM1 Close [OK]
[08-08 17:05:13]	 COM1 Close [OK]
[08-08 17:05:18]	 COM1 Close [OK]
[08-08 17:05:18]	 COM4 : 115,200bps, 8, 1, N - ComPort Open [OK]
[08-08 17:05:24]	 COM4 Close [OK]
[08-08 17:05:24]	 COM4 : 115,200bps, 8, 1, N - ComPort Open [OK]
[08-08 17:05:24]	 DABIT Connecting... [OK] 10 02 00 00 0B 6A 30 31 32 33 34 35 36 37 38 39 10 03 
                	 Receive : 10 02 00 00 0B 6A 30 31 32 33 34 35 36 37 38 39 10 03 
[08-08 17:05:24]	 COM4 Close [OK]
[08-08 17:19:37]	 COM4 Close [OK]
