[08-09 09:04:23]	 COM1 Close [OK]
[08-09 09:12:34]	 COM1 Close [OK]
[08-09 09:12:36]	 COM4 : 115,200bps, 8, 1, N - ComPort Open [OK]
[08-09 09:12:38]	 COM4 Close [OK]
[08-09 09:12:38]	 COM4 : 115,200bps, 8, 1, N - ComPort Open [OK]
[08-09 09:12:38]	 DABIT Connecting... [OK] 10 02 00 00 0B 6A 30 31 32 33 34 35 36 37 38 39 10 03 
                	 Receive : 10 02 00 00 0B 6A 30 31 32 33 34 35 36 37 38 39 10 03 
[08-09 09:12:38]	 COM4 Close [OK]
[08-09 09:12:40]	 COM4 Close [OK]
[08-09 09:12:40]	 COM4 : 115,200bps, 8, 1, N - ComPort Open [OK]
[08-09 09:12:40]	 컨트롤러 시간 읽기 [OK] ![0031!]
                	 Receive : ![00317001014000015!]
[08-09 09:12:40]	 COM4 Close [OK]
[08-09 09:12:41]	 COM4 Close [OK]
[08-09 09:12:41]	 COM4 : 115,200bps, 8, 1, N - ComPort Open [OK]
[08-09 09:12:41]	 PC 시간으로 동기화 [OK] ![00302408095091241!]
                	 Receive : ![00300!]
[08-09 09:12:41]	 COM4 Close [OK]
[08-09 09:12:43]	 COM4 Close [OK]
[08-09 09:12:43]	 COM4 : 115,200bps, 8, 1, N - ComPort Open [OK]
[08-09 09:12:43]	 컨트롤러 시간 읽기 [OK] ![0031!]
                	 Receive : ![00312408095091242!]
[08-09 09:12:43]	 COM4 Close [OK]
[08-09 09:12:45]	 COM4 Close [OK]
[08-09 09:12:45]	 COM4 : 115,200bps, 8, 1, N - ComPort Open [OK]
[08-09 09:12:45]	 아스키 프로토콜 [OK] ![000Hello world!]
                	 Receive : ![0000!]
[08-09 09:12:45]	 COM4 Close [OK]
[08-09 09:12:49]	 COM4 Close [OK]
[08-09 09:12:49]	 COM4 : 115,200bps, 8, 1, N - ComPort Open [OK]
[08-09 09:12:49]	 아스키 프로토콜 [OK] ![000Hello world!]
                	 Receive : ![0000!]
[08-09 09:12:49]	 COM4 Close [OK]
[08-09 09:12:55]	 COM4 Close [OK]
[08-09 09:12:55]	 COM4 : 115,200bps, 8, 1, N - ComPort Open [OK]
[08-09 09:12:55]	 아스키 프로토콜 [OK] ![000/C1Hello /C2World!]
                	 Receive : ![0000!]
[08-09 09:12:55]	 COM4 Close [OK]
[08-09 09:15:45]	 COM4 Close [OK]
[08-09 09:15:46]	 COM4 Close [OK]
[08-09 09:15:50]	 COM4 : 9,600bps, 8, 1, N - ComPort Open [OK]
[08-09 09:15:50]	 COM4 Close [OK]
[08-09 09:15:50]	 COM4 : 19,200bps, 8, 1, N - ComPort Open [OK]
[08-09 09:15:51]	 COM4 Close [OK]
[08-09 09:15:51]	 COM4 : 38,400bps, 8, 1, N - ComPort Open [OK]
[08-09 09:15:51]	 COM4 Close [OK]
[08-09 09:15:51]	 COM4 : 57,600bps, 8, 1, N - ComPort Open [OK]
[08-09 09:15:52]	 COM4 Close [OK]
[08-09 09:15:52]	 COM4 : 115,200bps, 8, 1, N - ComPort Open [OK]
[08-09 09:15:52]	 COM4 : 115200bps ComPort Search [Success]
[08-09 09:15:53]	 COM4 Close [OK]
[08-09 09:16:08]	 COM1 Close [OK]
[08-09 09:16:08]	 COM1 Close [OK]
[08-09 09:16:09]	 COM1 Close [OK]
[08-09 09:16:09]	 COM4 : 9,600bps, 8, 1, N - ComPort Open [OK]
[08-09 09:16:10]	 COM4 Close [OK]
[08-09 09:16:10]	 COM4 : 19,200bps, 8, 1, N - ComPort Open [OK]
[08-09 09:16:10]	 COM4 Close [OK]
[08-09 09:16:10]	 COM4 : 38,400bps, 8, 1, N - ComPort Open [OK]
[08-09 09:16:11]	 COM4 Close [OK]
[08-09 09:16:11]	 COM4 : 57,600bps, 8, 1, N - ComPort Open [OK]
[08-09 09:16:11]	 COM4 Close [OK]
[08-09 09:16:11]	 COM4 : 115,200bps, 8, 1, N - ComPort Open [OK]
[08-09 09:16:12]	 COM4 Close [OK]
[08-09 09:16:12]	 COM4 : 230,400bps, 8, 1, N - ComPort Open [OK]
[08-09 09:16:12]	 COM4 Close [OK]
[08-09 09:16:12]	 COM4 : 460,800bps, 8, 1, N - ComPort Open [OK]
[08-09 09:16:13]	 COM4 Close [OK]
[08-09 09:16:13]	 COM4 : 921600bps, 8, 1, N - ComPort Open [OK]
[08-09 09:16:14]	 COM4 Close [OK]
[08-09 09:16:23]	 COM4 Close [OK]
[08-09 09:16:23]	 COM4 : 9,600bps, 8, 1, N - ComPort Open [OK]
[08-09 09:16:24]	 COM4 Close [OK]
[08-09 09:16:24]	 COM4 : 19,200bps, 8, 1, N - ComPort Open [OK]
[08-09 09:16:24]	 COM4 Close [OK]
[08-09 09:16:24]	 COM4 : 38,400bps, 8, 1, N - ComPort Open [OK]
[08-09 09:16:25]	 COM4 Close [OK]
[08-09 09:16:25]	 COM4 : 57,600bps, 8, 1, N - ComPort Open [OK]
[08-09 09:16:25]	 COM4 Close [OK]
[08-09 09:16:25]	 COM4 : 115,200bps, 8, 1, N - ComPort Open [OK]
[08-09 09:16:25]	 COM4 : 115200bps ComPort Search [Success]
[08-09 09:16:26]	 COM4 Close [OK]
[08-09 09:22:25]	 COM4 Close [OK]
[08-09 09:22:27]	 COM4 Close [OK]
[08-09 09:22:27]	 COM4 : 115,200bps, 8, 1, N - ComPort Open [OK]
[08-09 09:22:29]	 COM4 Close [OK]
[08-09 09:22:29]	 COM4 : 115,200bps, 8, 1, N - ComPort Open [OK]
[08-09 09:22:29]	 DABIT Connecting... [OK] 10 02 00 00 0B 6A 30 31 32 33 34 35 36 37 38 39 10 03 
                	 Receive : 10 02 00 00 0B 6A 30 31 32 33 34 35 36 37 38 39 10 03 
[08-09 09:22:29]	 COM4 Close [OK]
[08-09 09:30:22]	 COM4 Close [OK]
[08-09 09:30:22]	 COM4 : 115,200bps, 8, 1, N - ComPort Open [FAIL]
[08-09 09:30:27]	 COM4 Close [OK]
[08-09 09:30:29]	 COM4 Close [OK]
[08-09 09:30:29]	 COM4 : 115,200bps, 8, 1, N - ComPort Open [FAIL]
[08-09 09:30:40]	 COM4 Close [OK]
[08-09 09:30:40]	 COM4 : 115,200bps, 8, 1, N - ComPort Open [OK]
[08-09 09:30:42]	 COM4 Close [OK]
[08-09 09:30:42]	 COM4 : 115,200bps, 8, 1, N - ComPort Open [OK]
[08-09 09:30:42]	 DABIT Connecting... [OK] 10 02 00 00 0B 6A 30 31 32 33 34 35 36 37 38 39 10 03 
                	 Receive : 10 02 00 00 0B 6A 30 31 32 33 34 35 36 37 38 39 10 03 
[08-09 09:30:42]	 COM4 Close [OK]
[08-09 09:30:48]	 COM4 Close [OK]
[08-09 09:30:48]	 COM4 : 115,200bps, 8, 1, N - ComPort Open [OK]
[08-09 09:30:48]	 아스키 프로토콜 [OK] ![000Hello world!]
                	 Receive : ![0000!]
[08-09 09:30:48]	 COM4 Close [OK]
[08-09 09:33:44]	 COM4 Close [OK]
[08-09 09:33:45]	 COM4 : 115,200bps, 8, 1, N - ComPort Open [OK]
[08-09 09:33:45]	 아스키 프로토콜 [OK] ![000Hello world!]
                	 Receive : ![0000!]
[08-09 09:33:45]	 COM4 Close [OK]
[08-09 09:34:31]	 COM1 Close [OK]
[08-09 09:34:31]	 COM1 Close [OK]
[08-09 09:34:31]	 COM4 : 115,200bps, 8, 1, N - ComPort Open [OK]
[08-09 09:34:31]	 아스키 프로토콜 [OK] ![000/C1Hello /C2World!]
                	 Receive : ![0000!]
[08-09 09:34:31]	 COM4 Close [OK]
[08-09 09:35:05]	 COM1 Close [OK]
[08-09 09:35:08]	 COM1 Close [OK]
[08-09 09:35:08]	 COM4 : 115,200bps, 8, 1, N - ComPort Open [OK]
[08-09 09:35:08]	 아스키 프로토콜 [OK] ![000/Y0004/E0606/S1000/C7Text 123456789 Hello World!]
                	 Receive : ![0000!]
[08-09 09:35:08]	 COM4 Close [OK]
[08-09 09:35:11]	 COM4 Close [OK]
[08-09 09:35:11]	 COM4 : 115,200bps, 8, 1, N - ComPort Open [OK]
[08-09 09:35:11]	 아스키 프로토콜 [OK] ![000/C1Hello /C2World!]
                	 Receive : ![0000!]
[08-09 09:35:11]	 COM4 Close [OK]
[08-09 09:35:18]	 COM4 Close [OK]
[08-09 09:35:18]	 COM4 : 115,200bps, 8, 1, N - ComPort Open [OK]
[08-09 09:35:18]	 아스키 프로토콜 [OK] ![0032/P0000/D0401/F0003/E1801/S1502/X0000/Y0000/B000/C3/G0/T0!]
                	 Receive : ![00320!]
[08-09 09:35:18]	 COM4 Close [OK]
[08-09 09:35:23]	 COM4 Close [OK]
[08-09 09:35:23]	 COM4 : 115,200bps, 8, 1, N - ComPort Open [OK]
[08-09 09:35:23]	 아스키 프로토콜 [OK] ![0032/P0000/D0401/F0003/E0101/S1502/X0000/Y0000/B000/C3/G0/T0!]
                	 Receive : ![00320!]
[08-09 09:35:23]	 COM4 Close [OK]
[08-09 09:35:25]	 COM4 Close [OK]
[08-09 09:35:28]	 COM4 : 115,200bps, 8, 1, N - ComPort Open [OK]
[08-09 09:35:28]	 아스키 프로토콜 [OK] ![00330!]
                	 Receive : ![0033/P0000/D0401/F0003/E0101/S1502/X0000/Y0000/B000/C3/G0/T0!]
[08-09 09:35:28]	 COM4 Close [OK]
[08-09 09:35:43]	 COM4 Close [OK]
[08-09 09:35:43]	 COM4 : 115,200bps, 8, 1, N - ComPort Open [OK]
[08-09 09:35:43]	 아스키 프로토콜 [OK] ![00330!]
                	 Receive : ![0033/P0000/D0401/F0003/E0101/S1502/X0000/Y0000/B000/C3/G0/T0!]
[08-09 09:35:43]	 COM4 Close [OK]
[08-09 09:35:45]	 COM4 Close [OK]
[08-09 09:35:45]	 COM4 : 115,200bps, 8, 1, N - ComPort Open [OK]
[08-09 09:35:45]	 아스키 프로토콜 [OK] ![0032/P0000/D0401/F0003/E0101/S1502/X0000/Y0000/B000/C3/G0/T0!]
                	 Receive : ![00320!]
[08-09 09:35:45]	 COM4 Close [OK]
[08-09 09:35:53]	 COM4 Close [OK]
[08-09 09:35:54]	 COM4 : 115,200bps, 8, 1, N - ComPort Open [OK]
[08-09 09:35:54]	 아스키 프로토콜 [OK] ![000Hello world!]
                	 Receive : ![0000!]
[08-09 09:35:54]	 COM4 Close [OK]
[08-09 09:35:54]	 COM4 Close [OK]
[08-09 09:35:54]	 COM4 : 115,200bps, 8, 1, N - ComPort Open [OK]
[08-09 09:35:54]	 아스키 프로토콜 [OK] ![000/C1Hello /C2World!]
                	 Receive : ![0000!]
[08-09 09:35:54]	 COM4 Close [OK]
[08-09 09:37:00]	 COM1 Close [OK]
[08-09 09:37:02]	 COM1 Close [OK]
[08-09 09:38:19]	 COM1 Close [OK]
[08-09 09:38:19]	 COM4 : 115,200bps, 8, 1, N - ComPort Open [OK]
[08-09 09:38:20]	 COM4 Close [OK]
[08-09 09:38:20]	 COM4 : 115,200bps, 8, 1, N - ComPort Open [OK]
[08-09 09:38:20]	 DABIT Connecting... [OK] 10 02 00 00 0B 6A 30 31 32 33 34 35 36 37 38 39 10 03 
                	 Receive : 10 02 00 00 0B 6A 30 31 32 33 34 35 36 37 38 39 10 03 
[08-09 09:38:20]	 COM4 Close [OK]
[08-09 09:38:29]	 COM4 Close [OK]
[08-09 09:38:29]	 COM4 : 115,200bps, 8, 1, N - ComPort Open [OK]
[08-09 09:38:29]	 컨트롤러 리셋 (2 X 6) [OK] ![0041!]
                	 Receive : ![00410!!]
[08-09 09:38:29]	 COM4 Close [OK]
[08-09 09:38:52]	 COM1 Close [OK]
[08-09 09:38:56]	 COM1 Close [OK]
[08-09 09:38:56]	 COM4 : 115,200bps, 8, 1, N - ComPort Open [OK]
[08-09 09:38:56]	 컨트롤러 리셋 (2 X 6) [OK] ![0041!]
                	 Receive : ![00410!!]
[08-09 09:38:56]	 COM4 Close [OK]
[08-09 09:39:00]	 COM4 Close [OK]
[08-09 09:39:00]	 COM4 : 115,200bps, 8, 1, N - ComPort Open [OK]
[08-09 09:39:00]	 아스키 프로토콜 [OK] ![000Hello world!]
                	 Receive : ![0000!]
[08-09 09:39:00]	 COM4 Close [OK]
[08-09 09:39:36]	 COM4 Close [OK]
[08-09 09:39:36]	 COM4 : 115,200bps, 8, 1, N - ComPort Open [OK]
[08-09 09:39:36]	 컨트롤러 시간 읽기 [OK] ![0031!]
                	 Receive : ![00317001014002304!]
[08-09 09:39:36]	 COM4 Close [OK]
[08-09 09:39:44]	 COM4 Close [OK]
[08-09 09:39:46]	 COM4 : 115,200bps, 8, 1, N - ComPort Open [OK]
[08-09 09:39:46]	 PC 시간으로 동기화 [OK] ![00302408095093946!]
                	 Receive : ![00300!]
[08-09 09:39:46]	 COM4 Close [OK]
[08-09 09:39:55]	 COM4 Close [OK]
[08-09 09:39:55]	 COM4 : 115,200bps, 8, 1, N - ComPort Open [OK]
[08-09 09:39:55]	 컨트롤러 시간 읽기 [OK] 10 02 00 00 01 66 10 03 
                	 Receive : 10 02 00 00 08 66 24 08 09 05 09 39 54 10 03 
[08-09 09:39:55]	 COM4 Close [OK]
[08-09 09:40:08]	 COM4 Close [OK]
[08-09 09:40:12]	 COM4 : 115,200bps, 8, 1, N - ComPort Open [OK]
[08-09 09:40:12]	 컨트롤러 리셋 [OK] 10 02 00 00 02 89 00 10 03 
                	 Receive : 10 02 00 00 02 89 00 10 03 
[08-09 09:40:12]	 COM4 Close [OK]
[08-09 09:40:17]	 COM4 Close [OK]
[08-09 09:42:10]	 COM4 Close [OK]
[08-09 09:42:10]	 COM4 : 115,200bps, 8, 1, N - ComPort Open [OK]
[08-09 09:42:10]	 Power Off [OK] 10 02 00 00 02 41 00 10 03 
                	 Receive : 10 02 00 00 02 41 00 10 03 
[08-09 09:42:10]	 COM4 Close [OK]
[08-09 09:43:08]	 COM1 Close [OK]
[08-09 09:43:10]	 COM1 Close [OK]
[08-09 09:43:12]	 COM1 Close [OK]
[08-09 09:43:12]	 COM4 : 115,200bps, 8, 1, N - ComPort Open [OK]
[08-09 09:43:12]	 COM4 Close [OK]
[08-09 09:43:12]	 COM4 : 115,200bps, 8, 1, N - ComPort Open [OK]
[08-09 09:43:12]	 DABIT Connecting... [OK] 10 02 00 00 0B 6A 30 31 32 33 34 35 36 37 38 39 10 03 
                	 Receive : 10 02 00 00 0B 6A 30 31 32 33 34 35 36 37 38 39 10 03 
[08-09 09:43:12]	 COM4 Close [OK]
[08-09 09:43:15]	 COM4 Close [OK]
[08-09 09:43:15]	 COM4 : 115,200bps, 8, 1, N - ComPort Open [OK]
[08-09 09:43:15]	 DABIT Connecting... [OK] 10 02 00 00 0B 6A 30 31 32 33 34 35 36 37 38 39 10 03 
                	 Receive : 10 02 00 00 0B 6A 30 31 32 33 34 35 36 37 38 39 10 03 
[08-09 09:43:15]	 COM4 Close [OK]
[08-09 09:43:26]	 COM1 Close [OK]
[08-09 09:43:33]	 COM1 Close [OK]
[08-09 09:43:35]	 COM1 Close [OK]
[08-09 09:43:36]	 COM4 : 115,200bps, 8, 1, N - ComPort Open [OK]
[08-09 09:43:37]	 COM4 Close [OK]
[08-09 09:43:37]	 COM4 : 115,200bps, 8, 1, N - ComPort Open [OK]
[08-09 09:43:37]	 DABIT Connecting... [OK] 10 02 00 00 0B 6A 30 31 32 33 34 35 36 37 38 39 10 03 
                	 Receive : 10 02 00 00 0B 6A 30 31 32 33 34 35 36 37 38 39 10 03 
[08-09 09:43:37]	 COM4 Close [OK]
[08-09 09:43:39]	 COM4 Close [OK]
[08-09 09:43:39]	 COM4 : 115,200bps, 8, 1, N - ComPort Open [OK]
[08-09 09:43:39]	 Power Off [OK] 10 02 00 00 02 41 00 10 03 
                	 Receive : 10 02 00 00 02 41 00 10 03 
[08-09 09:43:39]	 COM4 Close [OK]
[08-09 09:43:40]	 COM4 Close [OK]
[08-09 09:43:40]	 COM4 : 115,200bps, 8, 1, N - ComPort Open [OK]
[08-09 09:43:40]	 Power On [OK] 10 02 00 00 02 41 01 10 03 
                	 Receive : 10 02 00 00 02 41 00 10 03 
[08-09 09:43:40]	 COM4 Close [OK]
[08-09 09:43:41]	 COM4 Close [OK]
[08-09 09:43:41]	 COM4 : 115,200bps, 8, 1, N - ComPort Open [OK]
[08-09 09:43:41]	 Power Off [OK] 10 02 00 00 02 41 00 10 03 
                	 Receive : 10 02 00 00 02 41 00 10 03 
[08-09 09:43:41]	 COM4 Close [OK]
[08-09 09:43:52]	 COM4 Close [OK]
[08-09 09:43:52]	 COM4 : 115,200bps, 8, 1, N - ComPort Open [OK]
[08-09 09:43:52]	 Power On [OK] ![00211!]
                	 Receive : ![00210!]
[08-09 09:43:52]	 COM4 Close [OK]
[08-09 09:43:54]	 COM4 Close [OK]
[08-09 09:43:54]	 COM4 : 115,200bps, 8, 1, N - ComPort Open [OK]
[08-09 09:43:54]	 아스키 프로토콜 [OK] ![000Hello world!]
                	 Receive : ![0000!]
[08-09 09:43:54]	 COM4 Close [OK]
[08-09 09:43:57]	 COM4 Close [OK]
[08-09 09:43:57]	 COM4 : 115,200bps, 8, 1, N - ComPort Open [OK]
[08-09 09:43:57]	 Power Off [OK] ![00210!]
                	 Receive : ![00210!]
[08-09 09:43:57]	 COM4 Close [OK]
[08-09 09:43:58]	 COM4 Close [OK]
[08-09 09:44:01]	 COM4 : 115,200bps, 8, 1, N - ComPort Open [OK]
[08-09 09:44:01]	 Power On [OK] ![00211!]
                	 Receive : ![00210!]
[08-09 09:44:01]	 COM4 Close [OK]
[08-09 09:44:09]	 COM4 Close [OK]
[08-09 09:44:09]	 COM4 : 115,200bps, 8, 1, N - ComPort Open [OK]
[08-09 09:44:09]	 아스키 프로토콜 [OK] ![000/C1Hello /C2World!]
                	 Receive : ![0000!]
[08-09 09:44:09]	 COM4 Close [OK]
[08-09 09:44:57]	 COM1 Close [OK]
[08-09 09:44:58]	 COM1 Close [OK]
[08-09 09:45:01]	 COM1 Close [OK]
[08-09 09:45:01]	 COM4 : 115,200bps, 8, 1, N - ComPort Open [OK]
[08-09 09:45:01]	 Power Off [OK] ![00210!]
                	 Receive : ![00210!]
[08-09 09:45:01]	 COM4 Close [OK]
[08-09 09:45:43]	 COM4 Close [OK]
[08-09 09:45:44]	 COM4 : 115,200bps, 8, 1, N - ComPort Open [OK]
[08-09 09:45:44]	 릴레이 신호 출력 [OK]  ![00220000161696!]
                	 Receive : ![00220!]
[08-09 09:45:44]	 COM4 Close [OK]
[08-09 09:45:48]	 COM4 Close [OK]
[08-09 09:45:48]	 COM4 : 115,200bps, 8, 1, N - ComPort Open [OK]
[08-09 09:45:48]	 릴레이 신호 출력 [OK]  ![00220000261696!]
                	 Receive : ![00220!]
[08-09 09:45:48]	 COM4 Close [OK]
[08-09 09:46:09]	 COM4 Close [OK]
[08-09 09:46:15]	 COM4 Close [OK]
[08-09 09:46:15]	 COM4 : 115,200bps, 8, 1, N - ComPort Open [OK]
[08-09 09:46:15]	 아스키 프로토콜 [OK] ![000Hello world!]
                	 Receive : ![0000!]
[08-09 09:46:15]	 COM4 Close [OK]
[08-09 09:46:17]	 COM4 Close [OK]
[08-09 09:46:17]	 COM4 : 115,200bps, 8, 1, N - ComPort Open [OK]
[08-09 09:46:17]	 아스키 프로토콜 [OK] ![000/Y0004/E0606/S1000/C7Text 123456789 Hello World!]
                	 Receive : ![0000!]
[08-09 09:46:17]	 COM4 Close [OK]
[08-09 09:46:22]	 COM4 Close [OK]
[08-09 09:46:23]	 COM4 : 115,200bps, 8, 1, N - ComPort Open [OK]
[08-09 09:46:23]	 아스키 프로토콜 [OK] ![000/C1Hello /C2World!]
                	 Receive : ![0000!]
[08-09 09:46:23]	 COM4 Close [OK]
[08-09 09:46:35]	 COM4 Close [OK]
[08-09 09:46:36]	 COM4 : 115,200bps, 8, 1, N - ComPort Open [OK]
[08-09 09:46:36]	 아스키 프로토콜 [OK] ![000Hello world!]
                	 Receive : ![0000!]
[08-09 09:46:36]	 COM4 Close [OK]
[08-09 09:50:14]	 COM1 Close [OK]
[08-09 09:50:15]	 COM1 Close [OK]
[08-09 09:50:24]	 COM1 Close [OK]
[08-09 09:50:26]	 COM4 : 9,600bps, 8, 1, N - ComPort Open [OK]
[08-09 09:50:27]	 COM4 Close [OK]
[08-09 09:50:27]	 COM4 : 19,200bps, 8, 1, N - ComPort Open [OK]
[08-09 09:50:27]	 COM4 Close [OK]
[08-09 09:50:27]	 COM4 : 38,400bps, 8, 1, N - ComPort Open [OK]
[08-09 09:50:28]	 COM4 Close [OK]
[08-09 09:50:28]	 COM4 : 57,600bps, 8, 1, N - ComPort Open [OK]
[08-09 09:50:28]	 COM4 Close [OK]
[08-09 09:50:28]	 COM4 : 115,200bps, 8, 1, N - ComPort Open [OK]
[08-09 09:50:28]	 COM4 : 115200bps ComPort Search [Success]
[08-09 09:50:29]	 COM4 Close [OK]
[08-09 09:58:02]	 COM1 Close [OK]
[08-09 09:58:07]	 COM1 Close [OK]
[08-09 10:05:42]	 COM1 Close [OK]
[08-09 10:05:46]	 COM4 : 9,600bps, 8, 1, N - ComPort Open [OK]
[08-09 10:05:47]	 COM4 Close [OK]
[08-09 10:05:47]	 COM4 : 19,200bps, 8, 1, N - ComPort Open [OK]
[08-09 10:05:47]	 COM4 Close [OK]
[08-09 10:05:47]	 COM4 : 38,400bps, 8, 1, N - ComPort Open [OK]
[08-09 10:05:48]	 COM4 Close [OK]
[08-09 10:05:48]	 COM4 : 57,600bps, 8, 1, N - ComPort Open [OK]
[08-09 10:05:48]	 COM4 Close [OK]
[08-09 10:05:48]	 COM4 : 115,200bps, 8, 1, N - ComPort Open [OK]
[08-09 10:05:48]	 COM4 : 115200bps ComPort Search [Success]
[08-09 10:05:49]	 COM4 Close [OK]
[08-09 10:07:45]	 COM1 Close [OK]
[08-09 10:07:45]	 COM1 Close [OK]
[08-09 10:07:47]	 COM1 Close [OK]
[08-09 10:07:47]	 COM4 : 115,200bps, 8, 1, N - ComPort Open [OK]
[08-09 10:07:53]	 COM4 Close [OK]
[08-09 10:07:53]	 COM4 : 19,200bps, 8, 1, N - ComPort Open [OK]
[08-09 10:07:56]	 DABIT Connecting... [Fail] 10 02 00 00 0B 6A 30 31 32 33 34 35 36 37 38 39 10 03 
[08-09 10:07:56]	 COM4 Close [OK]
[08-09 10:07:58]	 COM4 Close [OK]
[08-09 10:07:58]	 COM4 : 115,200bps, 8, 1, N - ComPort Open [OK]
[08-09 10:07:58]	 DABIT Connecting... [OK] 10 02 00 00 0B 6A 30 31 32 33 34 35 36 37 38 39 10 03 
                	 Receive : 10 02 00 00 0B 6A 30 31 32 33 34 35 36 37 38 39 10 03 
[08-09 10:07:58]	 COM4 Close [OK]
[08-09 10:09:40]	 COM1 Close [OK]
[08-09 10:09:45]	 COM1 Close [OK]
[08-09 10:09:45]	 COM4 : 115,200bps, 8, 1, N - ComPort Open [OK]
[08-09 10:09:45]	 아스키 프로토콜 [OK] ![000Hello world!]
                	 Receive : ![0000!]
[08-09 10:09:45]	 COM4 Close [OK]
[08-09 10:09:57]	 COM4 Close [OK]
[08-09 10:09:57]	 COM4 : 115,200bps, 8, 1, N - ComPort Open [OK]
[08-09 10:09:57]	 헥사 프로토콜 [OK] 10 02 00 00 11 94 00 00 63 01 00 03 01 01 00 14 02 00 00 00 00 00 10 03 
                	 Receive : 10 02 00 00 02 94 00 10 03 
[08-09 10:09:57]	 COM4 Close [OK]
[08-09 10:10:07]	 COM4 Close [OK]
[08-09 10:10:07]	 COM4 : 115,200bps, 8, 1, N - ComPort Open [OK]
[08-09 10:10:07]	 헥사 프로토콜 [OK] 10 02 00 00 29 94 00 00 63 01 00 03 01 01 00 14 02 00 00 00 00 00 00 01 02 03 04 05 06 07 07 07 07 07 48 65 6C 6C 6F 20 57 6F 72 6C 64 21 10 03 
                	 Receive : 10 02 00 00 02 94 00 10 03 
[08-09 10:10:07]	 COM4 Close [OK]
[08-09 10:10:20]	 COM4 Close [OK]
[08-09 10:10:20]	 COM4 : 115,200bps, 8, 1, N - ComPort Open [OK]
[08-09 10:10:20]	 헥사 프로토콜 [OK] 10 02 00 00 29 94 00 00 63 01 00 03 01 01 00 14 02 00 00 00 00 00 01 02 03 04 05 06 07 07 07 07 07 07 48 65 6C 6C 6F 20 57 6F 72 6C 64 21 10 03 
                	 Receive : 10 02 00 00 02 94 00 10 03 
[08-09 10:10:20]	 COM4 Close [OK]
[08-09 10:12:10]	 COM1 Close [OK]
[08-09 10:12:11]	 COM1 Close [OK]
[08-09 10:12:11]	 COM4 : 115,200bps, 8, 1, N - ComPort Open [FAIL]
[08-09 10:12:11]	 COM4 Close [OK]
[08-09 10:12:14]	 COM4 Close [OK]
[08-09 10:12:15]	 COM4 Close [OK]
[08-09 10:12:15]	 COM4 : 115,200bps, 8, 1, N - ComPort Open [FAIL]
[08-09 10:12:21]	 COM4 Close [OK]
[08-09 10:12:21]	 COM4 : 115,200bps, 8, 1, N - ComPort Open [OK]
[08-09 10:12:23]	 COM4 Close [OK]
[08-09 10:12:23]	 COM4 : 115,200bps, 8, 1, N - ComPort Open [OK]
[08-09 10:12:23]	 DABIT Connecting... [OK] 10 02 00 00 0B 6A 30 31 32 33 34 35 36 37 38 39 10 03 
                	 Receive : 10 02 00 00 0B 6A 30 31 32 33 34 35 36 37 38 39 10 03 
[08-09 10:12:23]	 COM4 Close [OK]
[08-09 10:12:26]	 COM4 Close [OK]
[08-09 10:12:26]	 COM4 : 115,200bps, 8, 1, N - ComPort Open [OK]
[08-09 10:12:26]	 헥사 프로토콜 [OK] 10 02 00 00 11 94 00 00 63 01 00 03 01 01 00 14 02 00 00 00 00 00 10 03 
                	 Receive : 10 02 00 00 02 94 00 10 03 
[08-09 10:12:26]	 COM4 Close [OK]
[08-09 10:15:49]	 COM1 Close [OK]
[08-09 10:15:50]	 COM1 Close [OK]
[08-09 10:15:57]	 COM1 Close [OK]
[08-09 10:15:58]	 COM1 Close [OK]
[08-09 10:15:58]	 COM4 : 115,200bps, 8, 1, N - ComPort Open [OK]
[08-09 10:16:01]	 COM4 Close [OK]
[08-09 10:16:01]	 COM4 : 115,200bps, 8, 1, N - ComPort Open [OK]
[08-09 10:16:01]	 DABIT Connecting... [OK] 10 02 00 00 0B 6A 30 31 32 33 34 35 36 37 38 39 10 03 
                	 Receive : 10 02 00 00 0B 6A 30 31 32 33 34 35 36 37 38 39 10 03 
[08-09 10:16:01]	 COM4 Close [OK]
[08-09 10:16:09]	 COM4 Close [OK]
[08-09 10:16:09]	 COM4 : 115,200bps, 8, 1, N - ComPort Open [OK]
[08-09 10:16:09]	 아스키 프로토콜 [OK] ![000Hello world!]
                	 Receive : ![0000!]
[08-09 10:16:09]	 COM4 Close [OK]
[08-09 10:16:17]	 COM4 Close [OK]
[08-09 10:16:17]	 COM4 : 115,200bps, 8, 1, N - ComPort Open [OK]
[08-09 10:16:17]	 헥사 프로토콜 [OK] 10 02 00 00 11 94 00 00 63 01 00 03 01 01 00 14 02 00 00 00 00 00 10 03 
                	 Receive : 10 02 00 00 02 94 00 10 03 
[08-09 10:16:17]	 COM4 Close [OK]
[08-09 10:16:36]	 COM4 Close [OK]
[08-09 10:16:36]	 COM4 : 115,200bps, 8, 1, N - ComPort Open [OK]
[08-09 10:16:36]	 헥사 프로토콜 [OK] 10 02 00 00 29 94 00 00 63 01 00 03 01 01 00 14 02 00 00 00 00 00 01 02 03 04 05 06 07 07 07 07 07 07 48 65 6C 6C 6F 20 57 6F 72 6C 64 21 10 03 
                	 Receive : 10 02 00 00 02 94 00 10 03 
[08-09 10:16:36]	 COM4 Close [OK]
[08-09 10:17:00]	 COM4 Close [OK]
[08-09 10:17:00]	 COM4 : 115,200bps, 8, 1, N - ComPort Open [OK]
[08-09 10:17:00]	 헥사 프로토콜 [OK] 10 02 00 00 11 94 00 00 63 01 00 03 01 01 00 14 02 00 00 00 00 00 10 03 
                	 Receive : 10 02 00 00 02 94 00 10 03 
[08-09 10:17:00]	 COM4 Close [OK]
[08-09 10:21:40]	 COM1 Close [OK]
[08-09 10:21:42]	 COM1 Close [OK]
[08-09 10:21:43]	 COM1 Close [OK]
[08-09 10:21:43]	 COM4 : 115,200bps, 8, 1, N - ComPort Open [OK]
[08-09 10:21:49]	 COM4 Close [OK]
[08-09 10:21:49]	 COM4 : 115,200bps, 8, 1, N - ComPort Open [OK]
[08-09 10:21:49]	 아스키 프로토콜 [OK] ![000Hello world!]
                	 Receive : ![0000!]
[08-09 10:21:49]	 COM4 Close [OK]
[08-09 10:22:57]	 COM1 Close [OK]
[08-09 10:25:03]	 COM1 Close [OK]
[08-09 10:25:05]	 COM1 Close [OK]
[08-09 10:25:09]	 COM1 Close [OK]
[08-09 10:25:09]	 COM4 : 115,200bps, 8, 1, N - ComPort Open [OK]
[08-09 10:25:09]	 DABIT Connecting... [OK] 10 02 00 00 0B 6A 30 31 32 33 34 35 36 37 38 39 10 03 
                	 Receive : 10 02 00 00 0B 6A 30 31 32 33 34 35 36 37 38 39 10 03 
[08-09 10:25:09]	 COM4 Close [OK]
[08-09 10:25:13]	 COM4 Close [OK]
[08-09 10:25:13]	 COM4 : 115,200bps, 8, 1, N - ComPort Open [OK]
[08-09 10:25:13]	 공장 초기화 (2 X 6) [OK] ![0042!]
                	 Receive : ![00420!!]
[08-09 10:25:13]	 COM4 Close [OK]
[08-09 10:25:19]	 COM4 Close [OK]
[08-09 10:25:20]	 COM4 : 115,200bps, 8, 1, N - ComPort Open [OK]
[08-09 10:25:20]	 DABIT Version Request [Receive: [OK] ![0081!]
                	 Receive : ![008<  b>DIBD502S_08C_02R020C V2.4.4
2024-06-12 02x006-L0-S0-D0-S4P06_O-E0
R-240MHz-32D_D1S1A_11-C0-G  W
Addr:00-115200bps!]
[08-09 10:25:20]	 COM4 Close [OK]
[08-09 10:27:08]	 COM1 Close [OK]
[08-09 10:27:09]	 COM1 Close [OK]
[08-09 10:27:57]	 COM1 Close [OK]
[08-09 10:27:57]	 COM4 : 9,600bps, 8, 1, N - ComPort Open [OK]
[08-09 10:27:58]	 COM4 Close [OK]
[08-09 10:27:58]	 COM4 : 19,200bps, 8, 1, N - ComPort Open [OK]
[08-09 10:27:58]	 COM4 Close [OK]
[08-09 10:27:58]	 COM4 : 38,400bps, 8, 1, N - ComPort Open [OK]
[08-09 10:27:59]	 COM4 Close [OK]
[08-09 10:27:59]	 COM4 : 57,600bps, 8, 1, N - ComPort Open [OK]
[08-09 10:27:59]	 COM4 Close [OK]
[08-09 10:27:59]	 COM4 : 115,200bps, 8, 1, N - ComPort Open [OK]
[08-09 10:27:59]	 COM4 : 115200bps ComPort Search [Success]
[08-09 10:28:00]	 COM4 Close [OK]
[08-09 10:28:02]	 COM4 Close [OK]
[08-09 10:28:02]	 COM4 : 115,200bps, 8, 1, N - ComPort Open [OK]
[08-09 10:28:10]	 COM4 Close [OK]
[08-09 10:28:10]	 COM4 : 115,200bps, 8, 1, N - ComPort Open [OK]
[08-09 10:28:10]	 DABIT Connecting... [OK] 10 02 00 00 0B 6A 30 31 32 33 34 35 36 37 38 39 10 03 
                	 Receive : 10 02 00 00 0B 6A 30 31 32 33 34 35 36 37 38 39 10 03 
[08-09 10:28:10]	 COM4 Close [OK]
[08-09 10:37:29]	 COM1 Close [OK]
[08-09 10:37:32]	 COM1 Close [OK]
[08-09 10:37:32]	 COM4 : 115,200bps, 8, 1, N - ComPort Open [OK]
[08-09 10:37:32]	 아스키 프로토콜 [OK] ![000Hello world!]
                	 Receive : ![0000!]
[08-09 10:37:32]	 COM4 Close [OK]
[08-09 10:37:49]	 COM4 Close [OK]
[08-09 10:37:49]	 COM4 : 115,200bps, 8, 1, N - ComPort Open [OK]
[08-09 10:37:49]	 헥사 프로토콜 [OK] 10 02 00 00 27 94 00 00 63 01 00 03 01 01 00 14 02 00 00 00 00 00 03 03 03 03 03 03 03 03 03 03 03 48 65 6C 6C 6F 20 57 6F 72 6C 64 10 03 
                	 Receive : 10 02 00 00 02 94 00 10 03 
[08-09 10:37:49]	 COM4 Close [OK]
[08-09 10:38:04]	 COM4 Close [OK]
[08-09 10:38:06]	 COM4 : 115,200bps, 8, 1, N - ComPort Open [OK]
[08-09 10:38:06]	 헥사 프로토콜 [OK] 10 02 00 00 27 94 00 00 63 01 00 03 01 01 00 14 02 00 00 00 00 00 03 03 03 03 03 03 03 03 03 03 03 48 65 6C 6C 6F 20 77 6F 72 6C 64 10 03 
                	 Receive : 10 02 00 00 02 94 00 10 03 
[08-09 10:38:06]	 COM4 Close [OK]
[08-09 10:38:13]	 COM4 Close [OK]
[08-09 10:38:13]	 COM4 : 115,200bps, 8, 1, N - ComPort Open [OK]
[08-09 10:38:13]	 아스키 프로토콜 [OK] ![000Hello world!]
                	 Receive : ![0000!]
[08-09 10:38:13]	 COM4 Close [OK]
[08-09 10:38:27]	 COM1 Close [OK]
[08-09 10:38:31]	 COM1 Close [OK]
[08-09 10:38:32]	 COM4 : 115,200bps, 8, 1, N - ComPort Open [OK]
[08-09 10:38:32]	 헥사 프로토콜 [OK] 10 02 00 00 27 94 00 00 63 01 00 03 01 01 00 14 02 00 00 00 00 00 03 03 03 03 03 03 03 03 03 03 03 48 65 6C 6C 6F 20 77 6F 72 6C 64 10 03 
                	 Receive : 10 02 00 00 02 94 00 10 03 
[08-09 10:38:32]	 COM4 Close [OK]
[08-09 10:41:02]	 COM1 Close [OK]
[08-09 10:41:03]	 COM1 Close [OK]
[08-09 10:41:05]	 COM1 Close [OK]
[08-09 10:41:05]	 COM4 : 115,200bps, 8, 1, N - ComPort Open [OK]
[08-09 10:41:05]	 COM4 Close [OK]
[08-09 10:41:05]	 COM4 : 115,200bps, 8, 1, N - ComPort Open [OK]
[08-09 10:41:05]	 DABIT Connecting... [OK] 10 02 00 00 0B 6A 30 31 32 33 34 35 36 37 38 39 10 03 
                	 Receive : 10 02 00 00 0B 6A 30 31 32 33 34 35 36 37 38 39 10 03 
[08-09 10:41:05]	 COM4 Close [OK]
[08-09 10:54:00]	 COM1 Close [OK]
[08-09 10:54:01]	 COM1 Close [OK]
[08-09 10:54:06]	 COM1 Close [OK]
[08-09 10:54:06]	 COM4 : 115,200bps, 8, 1, N - ComPort Open [FAIL]
[08-09 10:54:45]	 COM1 Close [OK]
[08-09 10:54:49]	 COM1 Close [OK]
[08-09 10:54:49]	 COM1 Close [OK]
[08-09 10:55:04]	 COM1 Close [OK]
[08-09 10:55:06]	 COM1 Close [OK]
[08-09 10:55:07]	 COM4 : 115,200bps, 8, 1, N - ComPort Open [OK]
[08-09 10:55:14]	 COM4 Close [OK]
[08-09 10:55:14]	 COM4 : 115,200bps, 8, 1, N - ComPort Open [OK]
[08-09 10:55:17]	 DABIT Connecting... [Fail] 10 02 00 00 0B 6A 30 31 32 33 34 35 36 37 38 39 10 03 
[08-09 10:55:17]	 COM4 Close [OK]
[08-09 10:55:22]	 COM4 Close [OK]
[08-09 10:55:22]	 COM4 : 115,200bps, 8, 1, N - ComPort Open [OK]
[08-09 10:55:24]	 COM4 Close [OK]
[08-09 10:55:24]	 COM4 : 115,200bps, 8, 1, N - ComPort Open [OK]
[08-09 10:55:26]	 DABIT Connecting... [Fail] 10 02 00 00 0B 6A 30 31 32 33 34 35 36 37 38 39 10 03 
[08-09 10:55:26]	 COM4 Close [OK]
[08-09 10:55:46]	 COM4 Close [OK]
[08-09 10:55:46]	 COM4 : 115,200bps, 8, 1, N - ComPort Open [OK]
[08-09 10:55:47]	 COM4 Close [OK]
[08-09 10:55:47]	 COM4 : 115,200bps, 8, 1, N - ComPort Open [OK]
[08-09 10:55:47]	 DABIT Connecting... [OK] 10 02 00 00 0B 6A 30 31 32 33 34 35 36 37 38 39 10 03 
                	 Receive : 10 02 00 00 0B 6A 30 31 32 33 34 35 36 37 38 39 10 03 
[08-09 10:55:47]	 COM4 Close [OK]
[08-09 10:56:32]	 COM4 Close [OK]
[08-09 10:56:36]	 COM4 : 115,200bps, 8, 1, N - ComPort Open [OK]
[08-09 10:56:36]	 COM4 Close [OK]
[08-09 10:56:36]	 COM4 : 115,200bps, 8, 1, N - ComPort Open [OK]
[08-09 10:56:36]	 DABIT Connecting... [OK] 10 02 00 00 0B 6A 30 31 32 33 34 35 36 37 38 39 10 03 
                	 Receive : 10 02 00 00 0B 6A 30 31 32 33 34 35 36 37 38 39 10 03 
[08-09 10:56:36]	 COM4 Close [OK]
[08-09 10:56:37]	 COM4 Close [OK]
[08-09 10:56:37]	 COM4 : 115,200bps, 8, 1, N - ComPort Open [OK]
[08-09 10:56:37]	 DABIT Connecting... [OK] 10 02 00 00 0B 6A 30 31 32 33 34 35 36 37 38 39 10 03 
                	 Receive : 10 02 00 00 0B 6A 30 31 32 33 34 35 36 37 38 39 10 03 
[08-09 10:56:37]	 COM4 Close [OK]
[08-09 11:27:59]	 COM1 Close [OK]
[08-09 11:28:05]	 COM1 Close [OK]
[08-09 11:28:06]	 COM1 Close [OK]
[08-09 11:28:10]	 COM4 : 115,200bps, 8, 1, N - ComPort Open [OK]
[08-09 11:28:10]	 COM4 Close [OK]
[08-09 11:28:10]	 COM4 : 115,200bps, 8, 1, N - ComPort Open [OK]
[08-09 11:28:10]	 DABIT Connecting... [OK] 10 02 00 00 0B 6A 30 31 32 33 34 35 36 37 38 39 10 03 
                	 Receive : 10 02 00 00 0B 6A 30 31 32 33 34 35 36 37 38 39 10 03 
[08-09 11:28:10]	 COM4 Close [OK]
[08-09 11:28:38]	 COM4 Close [OK]
[08-09 11:28:38]	 COM4 : 115,200bps, 8, 1, N - ComPort Open [OK]
[08-09 11:28:38]	 아스키 프로토콜 [OK] ![000Hello world!]
                	 Receive : ![0000!]
[08-09 11:28:38]	 COM4 Close [OK]
[08-09 11:28:48]	 COM4 Close [OK]
[08-09 11:28:49]	 COM4 : 115,200bps, 8, 1, N - ComPort Open [OK]
[08-09 11:28:49]	 아스키 프로토콜 [OK] ![000Hello world!]
                	 Receive : ![0000!]
[08-09 11:28:49]	 COM4 Close [OK]
[08-09 12:03:15]	 COM4 Close [OK]
[08-09 12:03:36]	 COM4 Close [OK]
[08-09 12:03:36]	 COM4 : 115,200bps, 8, 1, N - ComPort Open [OK]
[08-09 12:03:38]	 COM4 Close [OK]
[08-09 12:03:38]	 COM4 : 115,200bps, 8, 1, N - ComPort Open [OK]
[08-09 12:03:38]	 DABIT Connecting... [OK] 10 02 00 00 0B 6A 30 31 32 33 34 35 36 37 38 39 10 03 
                	 Receive : 10 02 00 00 0B 6A 30 31 32 33 34 35 36 37 38 39 10 03 
[08-09 12:03:38]	 COM4 Close [OK]
[08-09 12:03:43]	 COM4 Close [OK]
[08-09 12:03:45]	 COM4 : 115,200bps, 8, 1, N - ComPort Open [OK]
[08-09 12:03:45]	 Power On [OK] ![00211!]
                	 Receive : ![00210!]
[08-09 12:03:45]	 COM4 Close [OK]
[08-09 12:04:03]	 COM4 Close [OK]
[08-09 12:04:03]	 COM4 : 115,200bps, 8, 1, N - ComPort Open [OK]
[08-09 12:04:03]	 Power Off [OK] ![00210!]
                	 Receive : ![00210!]
[08-09 12:04:03]	 COM4 Close [OK]
[08-09 12:04:03]	 COM4 Close [OK]
[08-09 12:04:03]	 COM4 : 115,200bps, 8, 1, N - ComPort Open [OK]
[08-09 12:04:03]	 Power On [OK] ![00211!]
                	 Receive : ![00210!]
[08-09 12:04:03]	 COM4 Close [OK]
[08-09 12:06:03]	 COM4 Close [OK]
[08-09 12:06:03]	 COM4 : 115,200bps, 8, 1, N - ComPort Open [FAIL]
[08-09 12:06:08]	 COM4 Close [OK]
[08-09 12:06:10]	 COM4 Close [OK]
[08-09 12:06:10]	 COM4 : 115,200bps, 8, 1, N - ComPort Open [FAIL]
[08-09 12:06:12]	 COM4 Close [OK]
[08-09 12:06:12]	 COM4 : 115,200bps, 8, 1, N - ComPort Open [FAIL]
[08-09 12:06:17]	 COM4 Close [OK]
[08-09 12:06:17]	 COM4 : 115,200bps, 8, 1, N - ComPort Open [OK]
[08-09 12:06:19]	 COM4 Close [OK]
[08-09 12:06:19]	 COM4 : 115,200bps, 8, 1, N - ComPort Open [OK]
[08-09 12:06:19]	 DABIT Connecting... [OK] 10 02 00 00 0B 6A 30 31 32 33 34 35 36 37 38 39 10 03 
                	 Receive : 10 02 00 00 0B 6A 30 31 32 33 34 35 36 37 38 39 10 03 
[08-09 12:06:19]	 COM4 Close [OK]
[08-09 12:06:39]	 COM4 Close [OK]
[08-09 12:06:39]	 COM4 : 115,200bps, 8, 1, N - ComPort Open [FAIL]
[08-09 12:08:54]	 COM4 Close [OK]
[08-09 12:08:54]	 COM4 : 115,200bps, 8, 1, N - ComPort Open [FAIL]
[08-09 12:08:55]	 COM4 Close [OK]
[08-09 12:08:55]	 COM4 : 115,200bps, 8, 1, N - ComPort Open [FAIL]
[08-09 12:08:55]	 COM4 Close [OK]
[08-09 12:08:55]	 COM4 : 115,200bps, 8, 1, N - ComPort Open [FAIL]
[08-09 12:08:55]	 COM4 Close [OK]
[08-09 12:08:55]	 COM4 : 115,200bps, 8, 1, N - ComPort Open [FAIL]
[08-09 12:08:56]	 COM4 Close [OK]
[08-09 12:08:56]	 COM4 : 115,200bps, 8, 1, N - ComPort Open [FAIL]
[08-09 12:08:56]	 COM4 Close [OK]
[08-09 12:08:56]	 COM4 : 115,200bps, 8, 1, N - ComPort Open [FAIL]
[08-09 12:09:00]	 COM4 Close [OK]
[08-09 12:09:01]	 COM4 Close [OK]
[08-09 12:09:03]	 COM4 : 115,200bps, 8, 1, N - ComPort Open [OK]
[08-09 12:09:03]	 COM4 Close [OK]
[08-09 12:09:03]	 COM4 : 115,200bps, 8, 1, N - ComPort Open [OK]
[08-09 12:09:03]	 DABIT Connecting... [OK] 10 02 00 00 0B 6A 30 31 32 33 34 35 36 37 38 39 10 03 
                	 Receive : 10 02 00 00 0B 6A 30 31 32 33 34 35 36 37 38 39 10 03 
[08-09 12:09:03]	 COM4 Close [OK]
[08-09 12:09:05]	 COM4 Close [OK]
[08-09 12:09:05]	 COM4 : 115,200bps, 8, 1, N - ComPort Open [OK]
[08-09 12:09:05]	 DABIT Connecting... [OK] 10 02 00 00 0B 6A 30 31 32 33 34 35 36 37 38 39 10 03 
                	 Receive : 10 02 00 00 0B 6A 30 31 32 33 34 35 36 37 38 39 10 03 
[08-09 12:09:05]	 COM4 Close [OK]
[08-09 12:09:13]	 COM4 Close [OK]
[08-09 12:09:13]	 COM4 : 115,200bps, 8, 1, N - ComPort Open [FAIL]
[08-09 12:09:14]	 COM4 Close [OK]
[08-09 12:09:14]	 COM4 : 115,200bps, 8, 1, N - ComPort Open [FAIL]
[08-09 12:09:15]	 COM4 Close [OK]
[08-09 12:09:15]	 COM4 : 115,200bps, 8, 1, N - ComPort Open [FAIL]
[08-09 12:09:17]	 COM4 Close [OK]
[08-09 12:09:17]	 COM4 : 115,200bps, 8, 1, N - ComPort Open [FAIL]
[08-09 12:10:49]	 COM1 Close [OK]
[08-09 12:10:55]	 COM1 Close [OK]
[08-09 12:11:03]	 COM1 Close [OK]
[08-09 12:11:03]	 COM4 : 115,200bps, 8, 1, N - ComPort Open [OK]
[08-09 12:11:03]	 헥사 프로토콜 [OK] 10 02 00 00 27 94 00 00 63 01 00 03 01 01 00 14 02 00 00 00 00 00 03 03 03 03 03 03 03 03 03 03 03 48 65 6C 6C 6F 20 77 6F 72 6C 64 10 03 
                	 Receive : 10 02 00 00 02 94 00 10 03 
[08-09 12:11:03]	 COM4 Close [OK]
[08-09 12:11:24]	 COM4 Close [OK]
[08-09 12:11:26]	 COM4 Close [OK]
[08-09 12:11:26]	 COM4 : 115,200bps, 8, 1, N - ComPort Open [OK]
[08-09 12:11:26]	 COM4 Close [OK]
[08-09 12:11:26]	 COM4 : 115,200bps, 8, 1, N - ComPort Open [OK]
[08-09 12:11:26]	 DABIT Connecting... [OK] 10 02 00 00 0B 6A 30 31 32 33 34 35 36 37 38 39 10 03 
                	 Receive : 10 02 00 00 0B 6A 30 31 32 33 34 35 36 37 38 39 10 03 
[08-09 12:11:27]	 COM4 Close [OK]
[08-09 12:11:32]	 COM4 Close [OK]
[08-09 12:11:32]	 COM4 : 115,200bps, 8, 1, N - ComPort Open [OK]
[08-09 12:11:32]	 헥사 프로토콜 [OK] 10 02 00 00 2B 94 00 00 63 01 00 03 01 01 00 14 02 00 00 00 00 00 03 03 03 03 03 03 03 03 03 03 03 03 03 31 31 31 31 31 31 31 31 31 31 31 31 31 10 03 
                	 Receive : 10 02 00 00 02 94 00 10 03 
[08-09 12:11:32]	 COM4 Close [OK]
[08-09 12:12:06]	 COM1 Close [OK]
[08-09 12:12:09]	 COM1 Close [OK]
[08-09 12:12:09]	 COM4 : 115,200bps, 8, 1, N - ComPort Open [FAIL]
[08-09 12:12:09]	 COM4 Close [OK]
[08-09 12:12:40]	 COM4 Close [OK]
[08-09 12:12:41]	 COM4 Close [OK]
[08-09 12:12:41]	 COM4 : 115,200bps, 8, 1, N - ComPort Open [OK]
[08-09 12:12:41]	 COM4 Close [OK]
[08-09 12:12:41]	 COM4 : 115,200bps, 8, 1, N - ComPort Open [OK]
[08-09 12:12:41]	 DABIT Connecting... [OK] 10 02 00 00 0B 6A 30 31 32 33 34 35 36 37 38 39 10 03 
                	 Receive : 10 02 00 00 0B 6A 30 31 32 33 34 35 36 37 38 39 10 03 
[08-09 12:12:41]	 COM4 Close [OK]
[08-09 12:12:45]	 COM4 Close [OK]
[08-09 12:12:45]	 COM4 : 115,200bps, 8, 1, N - ComPort Open [OK]
[08-09 12:12:45]	 헥사 프로토콜 [OK] 10 02 00 00 2B 94 00 00 63 01 00 03 01 01 00 14 02 00 00 00 00 00 03 03 03 03 03 03 03 03 03 03 03 03 03 31 31 31 31 31 31 31 31 31 31 31 31 31 10 03 
                	 Receive : 10 02 00 00 02 94 00 10 03 
[08-09 12:12:45]	 COM4 Close [OK]
[08-09 12:15:21]	 COM1 Close [OK]
[08-09 12:15:23]	 COM1 Close [OK]
[08-09 12:15:25]	 COM4 : 115,200bps, 8, 1, N - ComPort Open [OK]
[08-09 12:15:25]	 Power Off [OK] 10 02 00 00 02 41 00 10 03 
                	 Receive : 10 02 00 00 02 41 00 10 03 
[08-09 12:15:25]	 COM4 Close [OK]
[08-09 12:20:08]	 COM1 Close [OK]
[08-09 12:20:08]	 COM1 Close [OK]
[08-09 12:20:09]	 COM1 Close [OK]
[08-09 12:20:09]	 COM4 : 115,200bps, 8, 1, N - ComPort Open [OK]
[08-09 12:20:13]	 COM4 Close [OK]
[08-09 12:20:13]	 COM4 : 115,200bps, 8, 1, N - ComPort Open [OK]
[08-09 12:20:13]	 DABIT Connecting... [OK] 10 02 00 00 0B 6A 30 31 32 33 34 35 36 37 38 39 10 03 
                	 Receive : 10 02 00 00 0B 6A 30 31 32 33 34 35 36 37 38 39 10 03 
[08-09 12:20:13]	 COM4 Close [OK]
[08-09 12:20:15]	 COM4 Close [OK]
[08-09 12:20:15]	 COM4 : 115,200bps, 8, 1, N - ComPort Open [OK]
[08-09 12:20:15]	 Power On [OK] 10 02 00 00 02 41 01 10 03 
                	 Receive : 10 02 00 00 02 41 00 10 03 
[08-09 12:20:15]	 COM4 Close [OK]
[08-09 12:20:20]	 COM4 Close [OK]
[08-09 12:20:20]	 COM4 : 115,200bps, 8, 1, N - ComPort Open [OK]
[08-09 12:20:20]	 Power Off [OK] 10 02 00 00 02 41 00 10 03 
                	 Receive : 10 02 00 00 02 41 00 10 03 
[08-09 12:20:20]	 COM4 Close [OK]
[08-09 12:20:34]	 COM4 Close [OK]
[08-09 12:20:34]	 COM4 : 115,200bps, 8, 1, N - ComPort Open [OK]
[08-09 12:20:34]	 헥사 프로토콜 [OK] 10 02 00 00 2B 94 00 00 63 01 00 03 01 01 00 14 02 00 00 00 00 00 03 03 03 03 03 03 03 03 03 03 03 03 03 31 31 31 31 31 31 31 31 31 31 31 31 31 10 03 
                	 Receive : 10 02 00 00 02 94 00 10 03 
[08-09 12:20:34]	 COM4 Close [OK]
[08-09 12:20:45]	 COM4 Close [OK]
[08-09 12:20:46]	 COM4 : 115,200bps, 8, 1, N - ComPort Open [OK]
[08-09 12:20:46]	 Power On [OK] ![00211!]
                	 Receive : ![00210!]
[08-09 12:20:46]	 COM4 Close [OK]
[08-09 12:20:49]	 COM4 Close [OK]
[08-09 12:20:49]	 COM4 : 115,200bps, 8, 1, N - ComPort Open [OK]
[08-09 12:20:49]	 아스키 프로토콜 [OK] ![000Hello world!]
                	 Receive : ![0000!]
[08-09 12:20:49]	 COM4 Close [OK]
[08-09 12:38:29]	 COM1 Close [OK]
[08-09 12:38:29]	 COM1 Close [OK]
[08-09 12:38:31]	 COM1 Close [OK]
[08-09 12:38:31]	 COM4 : 115,200bps, 8, 1, N - ComPort Open [OK]
[08-09 12:38:33]	 COM4 Close [OK]
[08-09 12:38:33]	 COM4 : 115,200bps, 8, 1, N - ComPort Open [OK]
[08-09 12:38:33]	 DABIT Connecting... [OK] 10 02 00 00 0B 6A 30 31 32 33 34 35 36 37 38 39 10 03 
                	 Receive : 10 02 00 00 0B 6A 30 31 32 33 34 35 36 37 38 39 10 03 
[08-09 12:38:33]	 COM4 Close [OK]
[08-09 12:38:35]	 COM4 Close [OK]
[08-09 12:38:38]	 COM4 : 115,200bps, 8, 1, N - ComPort Open [OK]
[08-09 12:38:38]	 Power Off [OK] ![00210!]
                	 Receive : ![00210!]
[08-09 12:38:38]	 COM4 Close [OK]
[08-09 12:39:23]	 COM1 Close [OK]
[08-09 12:39:27]	 COM1 Close [OK]
[08-09 12:39:28]	 COM1 Close [OK]
[08-09 12:39:30]	 COM4 : 115,200bps, 8, 1, N - ComPort Open [OK]
[08-09 12:39:31]	 COM4 Close [OK]
[08-09 12:39:31]	 COM4 : 115,200bps, 8, 1, N - ComPort Open [OK]
[08-09 12:39:31]	 DABIT Connecting... [OK] 10 02 00 00 0B 6A 30 31 32 33 34 35 36 37 38 39 10 03 
                	 Receive : 10 02 00 00 0B 6A 30 31 32 33 34 35 36 37 38 39 10 03 
[08-09 12:39:31]	 COM4 Close [OK]
[08-09 12:39:34]	 COM4 Close [OK]
[08-09 12:39:34]	 COM4 : 115,200bps, 8, 1, N - ComPort Open [OK]
[08-09 12:39:34]	 Power On [OK] ![00211!]
                	 Receive : ![00210!]
[08-09 12:39:34]	 COM4 Close [OK]
[08-09 12:41:03]	 COM1 Close [OK]
[08-09 12:41:04]	 COM1 Close [OK]
[08-09 12:41:06]	 COM1 Close [OK]
[08-09 12:41:06]	 COM4 : 115,200bps, 8, 1, N - ComPort Open [OK]
[08-09 12:41:07]	 COM4 Close [OK]
[08-09 12:41:07]	 COM4 : 115,200bps, 8, 1, N - ComPort Open [OK]
[08-09 12:41:07]	 DABIT Connecting... [OK] 10 02 00 00 0B 6A 30 31 32 33 34 35 36 37 38 39 10 03 
                	 Receive : 10 02 00 00 0B 6A 30 31 32 33 34 35 36 37 38 39 10 03 
[08-09 12:41:07]	 COM4 Close [OK]
[08-09 12:51:51]	 COM1 Close [OK]
[08-09 12:51:53]	 COM1 Close [OK]
[08-09 12:53:07]	 COM1 Close [OK]
[08-09 12:53:10]	 COM4 : 115,200bps, 8, 1, N - ComPort Open [OK]
[08-09 12:53:10]	 COM4 Close [OK]
[08-09 12:53:10]	 COM4 : 115,200bps, 8, 1, N - ComPort Open [OK]
[08-09 12:53:10]	 DABIT Connecting... [OK] 10 02 00 00 0B 6A 30 31 32 33 34 35 36 37 38 39 10 03 
                	 Receive : 10 02 00 00 0B 6A 30 31 32 33 34 35 36 37 38 39 10 03 
[08-09 12:53:10]	 COM4 Close [OK]
[08-09 12:53:11]	 COM4 Close [OK]
[08-09 12:53:11]	 COM4 : 115,200bps, 8, 1, N - ComPort Open [OK]
[08-09 12:53:11]	 DABIT Connecting... [OK] 10 02 00 00 0B 6A 30 31 32 33 34 35 36 37 38 39 10 03 
                	 Receive : 10 02 00 00 0B 6A 30 31 32 33 34 35 36 37 38 39 10 03 
[08-09 12:53:11]	 COM4 Close [OK]
[08-09 12:57:23]	 COM4 Close [OK]
[08-09 12:59:02]	 COM4 Close [OK]
[08-09 12:59:08]	 COM4 Close [OK]
[08-09 12:59:08]	 COM4 : 115,200bps, 8, 1, N - ComPort Open [OK]
[08-09 12:59:09]	 COM4 Close [OK]
[08-09 12:59:09]	 COM4 : 9,600bps, 8, 1, N - ComPort Open [OK]
[08-09 12:59:10]	 COM4 Close [OK]
[08-09 12:59:10]	 COM4 : 19,200bps, 8, 1, N - ComPort Open [OK]
[08-09 12:59:10]	 COM4 Close [OK]
[08-09 12:59:10]	 COM4 : 38,400bps, 8, 1, N - ComPort Open [OK]
[08-09 12:59:11]	 COM4 Close [OK]
[08-09 12:59:11]	 COM4 : 57,600bps, 8, 1, N - ComPort Open [OK]
[08-09 12:59:11]	 COM4 Close [OK]
[08-09 12:59:11]	 COM4 : 115,200bps, 8, 1, N - ComPort Open [OK]
[08-09 12:59:11]	 COM4 : 115200bps ComPort Search [Success]
[08-09 12:59:12]	 COM4 Close [OK]
[08-09 12:59:37]	 COM1 Close [OK]
[08-09 12:59:37]	 COM1 Close [OK]
[08-09 12:59:39]	 COM1 Close [OK]
[08-09 12:59:39]	 COM4 : 9,600bps, 8, 1, N - ComPort Open [OK]
[08-09 12:59:40]	 COM4 Close [OK]
[08-09 12:59:40]	 COM4 : 19,200bps, 8, 1, N - ComPort Open [OK]
[08-09 12:59:40]	 COM4 Close [OK]
[08-09 12:59:40]	 COM4 : 38,400bps, 8, 1, N - ComPort Open [OK]
[08-09 12:59:41]	 COM4 Close [OK]
[08-09 12:59:41]	 COM4 : 57,600bps, 8, 1, N - ComPort Open [OK]
[08-09 12:59:41]	 COM4 Close [OK]
[08-09 12:59:41]	 COM4 : 115,200bps, 8, 1, N - ComPort Open [OK]
[08-09 12:59:41]	 COM4 : 115200bps ComPort Search [Success]
[08-09 12:59:42]	 COM4 Close [OK]
[08-09 13:04:53]	 COM1 Close [OK]
[08-09 13:04:54]	 COM1 Close [OK]
[08-09 13:04:55]	 COM1 Close [OK]
[08-09 13:04:58]	 COM4 : 115,200bps, 8, 1, N - ComPort Open [OK]
[08-09 13:04:58]	 COM4 Close [OK]
[08-09 13:04:58]	 COM4 : 115,200bps, 8, 1, N - ComPort Open [OK]
[08-09 13:04:58]	 DABIT Connecting... [OK] 10 02 00 00 0B 6A 30 31 32 33 34 35 36 37 38 39 10 03 
                	 Receive : 10 02 00 00 0B 6A 30 31 32 33 34 35 36 37 38 39 10 03 
[08-09 13:04:58]	 COM4 Close [OK]
[08-09 13:04:58]	 COM4 Close [OK]
[08-09 13:04:58]	 COM4 : 115,200bps, 8, 1, N - ComPort Open [OK]
[08-09 13:04:58]	 DABIT Connecting... [OK] 10 02 00 00 0B 6A 30 31 32 33 34 35 36 37 38 39 10 03 
                	 Receive : 10 02 00 00 0B 6A 30 31 32 33 34 35 36 37 38 39 10 03 
[08-09 13:04:58]	 COM4 Close [OK]
[08-09 13:05:06]	 COM4 Close [OK]
[08-09 13:05:06]	 COM4 : 115,200bps, 8, 1, N - ComPort Open [OK]
[08-09 13:05:06]	 Power Off [OK] ![00210!]
                	 Receive : ![00210!]
[08-09 13:05:06]	 COM4 Close [OK]
[08-09 13:15:02]	 COM4 Close [OK]
[08-09 13:15:28]	 COM1 Close [OK]
[08-09 13:16:03]	 COM1 Close [OK]
[08-09 13:16:07]	 COM1 Close [OK]
[08-09 13:16:08]	 COM4 : 9,600bps, 8, 1, N - ComPort Open [OK]
[08-09 13:16:08]	 COM4 Close [OK]
[08-09 13:16:08]	 COM4 : 19,200bps, 8, 1, N - ComPort Open [OK]
[08-09 13:16:09]	 COM4 Close [OK]
[08-09 13:16:09]	 COM4 : 38,400bps, 8, 1, N - ComPort Open [OK]
[08-09 13:16:09]	 COM4 Close [OK]
[08-09 13:16:10]	 COM4 : 57,600bps, 8, 1, N - ComPort Open [OK]
[08-09 13:16:10]	 COM4 Close [OK]
[08-09 13:16:10]	 COM4 : 115,200bps, 8, 1, N - ComPort Open [OK]
[08-09 13:16:10]	 COM4 : 115200bps ComPort Search [Success]
[08-09 13:16:11]	 COM4 Close [OK]
[08-09 13:16:13]	 COM4 Close [OK]
[08-09 13:16:13]	 COM4 : 115,200bps, 8, 1, N - ComPort Open [OK]
[08-09 13:16:13]	 Power Off [OK] ![00210!]
                	 Receive : ![00210!]
[08-09 13:16:13]	 COM4 Close [OK]
[08-09 13:57:47]	 COM1 Close [OK]
[08-09 13:57:47]	 COM1 Close [OK]
[08-09 13:58:39]	 COM1 Close [OK]
[08-09 13:58:39]	 COM4 : 115,200bps, 8, 1, N - ComPort Open [OK]
[08-09 13:58:41]	 COM4 Close [OK]
[08-09 13:58:41]	 COM4 : 115,200bps, 8, 1, N - ComPort Open [OK]
[08-09 13:58:41]	 DABIT Connecting... [OK] 10 02 00 00 0B 6A 30 31 32 33 34 35 36 37 38 39 10 03 
                	 Receive : 10 02 00 00 0B 6A 30 31 32 33 34 35 36 37 38 39 10 03 
[08-09 13:58:41]	 COM4 Close [OK]
[08-09 13:58:47]	 COM4 Close [OK]
[08-09 13:58:47]	 COM4 : 9,600bps, 8, 1, N - ComPort Open [OK]
[08-09 13:58:48]	 COM4 Close [OK]
[08-09 13:58:48]	 COM4 : 19,200bps, 8, 1, N - ComPort Open [OK]
[08-09 13:58:48]	 COM4 Close [OK]
[08-09 13:58:48]	 COM4 : 38,400bps, 8, 1, N - ComPort Open [OK]
[08-09 13:58:49]	 COM4 Close [OK]
[08-09 13:58:49]	 COM4 : 57,600bps, 8, 1, N - ComPort Open [OK]
[08-09 13:58:49]	 COM4 Close [OK]
[08-09 13:58:49]	 COM4 : 115,200bps, 8, 1, N - ComPort Open [OK]
[08-09 13:58:49]	 COM4 : 115200bps ComPort Search [Success]
[08-09 13:58:50]	 COM4 Close [OK]
[08-09 13:58:58]	 COM4 Close [OK]
[08-09 13:58:58]	 COM4 : 115,200bps, 8, 1, N - ComPort Open [OK]
[08-09 13:59:00]	 COM4 Close [OK]
[08-09 13:59:00]	 COM4 : 115,200bps, 8, 1, N - ComPort Open [OK]
[08-09 13:59:04]	 DABIT Connecting... [Fail] 10 02 00 00 0B 6A 30 31 32 33 34 35 36 37 38 39 10 03 
[08-09 13:59:04]	 COM4 Close [OK]
[08-09 13:59:33]	 IP:127.0.0.1, PORT:5000 Open [FAIL]
[08-09 13:59:44]	 UDP Send Data : 53 45 41 52 43 48 49 4E 47 20 44 49 42 44 20 20 55 0D 0A 
SEARCHING DIBD  U

[08-09 14:45:21]	 IP:127.0.0.1, PORT:5000 Open [FAIL]
[08-09 14:45:29]	 IP:127.0.0.1, PORT:5000 Close [OK]
[08-09 14:45:37]	 IP:127.0.0.1, PORT:5000 Open [FAIL]
[08-09 14:45:40]	 IP:127.0.0.1, PORT:5000 Close [OK]
[08-09 14:45:43]	 COM1 Close [OK]
[08-09 14:45:43]	 COM4 : 115,200bps, 8, 1, N - ComPort Open [OK]
[08-09 14:45:44]	 COM4 Close [OK]
[08-09 14:45:44]	 COM4 : 115,200bps, 8, 1, N - ComPort Open [OK]
[08-09 14:45:44]	 DABIT Connecting... [OK] 10 02 00 00 0B 6A 30 31 32 33 34 35 36 37 38 39 10 03 
                	 Receive : 10 02 00 00 0B 6A 30 31 32 33 34 35 36 37 38 39 10 03 
[08-09 14:45:44]	 COM4 Close [OK]
[08-09 14:45:47]	 COM4 Close [OK]
[08-09 14:45:47]	 COM4 : 115,200bps, 8, 1, N - ComPort Open [OK]
[08-09 14:45:47]	 Power Off [OK] ![00210!]
                	 Receive : ![00210!]
[08-09 14:45:47]	 COM4 Close [OK]
[08-09 14:45:56]	 COM4 Close [OK]
[08-09 14:45:56]	 COM4 : 115,200bps, 8, 1, N - ComPort Open [OK]
[08-09 14:45:56]	 DABIT Version Request [Receive : OK] 10 02 00 00 0B 6B F1 03 02 21 4E 00 03 11 00 00 10 03 
                	 Receive : 10 02 00 00 07 6B F1 08 20 04 62 00 10 03 
[08-09 14:45:57]	 Display STOP [OK] 10 02 00 00 02 45 00 10 03 
                	 Receive : 10 02 00 00 02 45 00 10 03 
[08-09 14:45:57]	 DABIT Font - ENG 08x16-DABIT(표준).fnt, KOR 16x16-DABIT(표준).fnt, USER 16x16-Special(표준).fnt, ENG 16x32-굴림체(표준).fnt, UniCode 32x32_굴림(표준).fnt, USER 32x32_굴림(표준).fnt, 
[08-09 14:45:57]	 Font Image [OK] 10 02 00 04 0A 98 8D 01 00 00 18 00 00 00 01 00 00 00 00 00 00 00 00 00 00 00 00 00 00 00 00 00 00 00 0C 12 12 0C 00 00 00 00 00 00 00 00 00 00 00 00 00 38 64 C0 C0 C0 C0 C0 C0 64 38 00 00 00 00 00 00 7C C0 C0 F8 C0 C0 C0 C0 C0 C0 00 00 00 00 20 50 20 0E 19 30 30 30 30 30 19 0E 00 00 00 00 00 00 08 1C 1C 1C 7F 7F 08 08 1C 00 00 00 00 00 00 00 08 1C 3E 7F 7F 7F 2A 08 08 1C 00 00 00 00 00 00 00 00 1C 3E 3E 1C 00 00 00 00 00 00 7F 7F 7F 7F 7F 7F 77 63 63 77 7F 7F 7F 7F 7F 7F 00 00 00 00 00 1C 22 22 22 1C 00 00 00 00 00 00 7F 7F 7F 77 77 63 63 41 63 63 77 77 7F 7F 7F 7F 00 00 00 00 3F 07 0F 19 3C 66 42 66 3C 00 00 00 00 00 00 3C 66 42 66 3C 18 18 7E 18 18 00 00 00 00 00 00 00 18 1E 1B 19 19 1B 18 78 70 00 00 00 00 00 00 00 3F 33 3F 33 33 33 37 76 60 00 00 00 00 00 00 08 08 6B 3E 36 63 36 3E 6B 08 08 00 00 00 00 00 00 40 60 70 7C 7F 7C 70 60 40 00 00 00 00 00 00 00 01 03 07 1F 7F 1F 07 03 01 00 00 00 00 00 00 00 0C 1E 3F 0C 0C 0C 3F 1E 0C 00 00 00 00 00 00 00 33 33 33 33 33 33 00 33 33 00 00 00 00 00 00 3F 6D 6D 6D 3D 0D 0D 0D 0D 00 00 00 00 00 00 00 3E 63 30 1C 36 63 36 1C 06 63 3E 00 00 00 00 00 00 00 00 00 00 00 00 7F 7F 7F 00 00 00 00 00 00 00 0C 1E 3F 0C 0C 0C 3F 1E 0C 3F 00 00 00 00 00 00 0C 1E 3F 0C 0C 0C 0C 0C 0C 00 00 00 00 00 00 00 0C 0C 0C 0C 0C 0C 3F 1E 0C 00 00 00 00 00 00 00 00 08 0C 0E 7F 0E 0C 08 00 00 00 00 00 00 00 00 00 04 0C 1C 3F 1C 0C 04 00 00 00 00 00 00 00 00 00 00 00 00 00 00 00 41 63 36 1C 08 00 00 00 00 00 00 12 33 7F 33 12 00 00 00 00 00 00 00 00 00 00 00 00 00 08 08 1C 1C 3E 3E 7F 00 00 7F 3E 3E 1C 1C 08 08 00 00 00 00 00 00 00 00 00 00 00 00 00 00 00 00 00 00 00 00 00 00 00 00 00 00 0C 1E 1E 1E 1E 1E 0C 0C 0C 00 0C 0C 00 00 00 00 24 36 36 00 00 00 00 00 00 00 00 00 00 00 00 00 36 36 7F 7F 36 36 36 36 7F 7F 36 36 00 00 00 08 08 3E 6B 68 68 78 3E 0F 0B 0B 6B 3E 08 00 00 00 73 53 76 06 0C 0C 18 18 30 37 65 67 00 00 00 00 1C 36 36 36 1C 3B 6E 66 66 67 6F 3B 00 00 00 00 18 18 30 00 00 00 00 00 00 00 00 00 00 00 00 00 06 0C 18 18 30 30 30 30 18 18 0C 06 00 00 00 00 30 18 0C 0C 06 06 06 06 0C 0C 18 30 00 00 00 00 00 00 33 33 1E 7F 1E 33 33 00 00 00 00 00 00 00 00 00 0C 0C 0C 3F 0C 0C 0C 00 00 00 00 00 00 00 00 00 00 00 00 00 00 00 00 0C 0C 18 00 00 00 00 00 00 00 00 00 3F 00 00 00 00 00 00 00 00 00 00 00 00 00 00 00 00 00 00 00 00 18 18 00 00 00 00 06 06 06 0C 0C 0C 18 18 18 30 30 30 00 00 00 1C 36 63 63 63 63 63 63 63 63 63 63 36 1C 00 00 0C 1C 3C 0C 0C 0C 0C 0C 0C 0C 0C 0C 0C 3F 00 00 3E 63 63 63 03 03 06 1C 30 60 60 60 63 7F 00 00 3E 63 63 63 03 03 1E 1E 03 03 63 63 63 3E 00 00 1E 1E 16 36 36 36 66 66 46 46 7F 06 06 06 00 00 7F 63 60 60 60 60 7E 03 03 03 63 63 63 3E 00 00 3E 63 63 60 60 60 7E 63 63 63 63 63 63 3E 00 00 7F 63 63 63 03 03 06 0C 18 18 18 18 18 18 00 00 3E 63 63 63 63 63 3E 63 63 63 63 63 63 3E 00 00 3E 63 63 63 63 63 3F 03 03 03 03 63 63 3E 00 00 00 00 00 0C 0C 00 00 00 00 0C 0C 00 00 00 00 00 00 00 00 0C 0C 00 00 00 00 0C 0C 04 08 00 00 00 00 06 06 0C 0C 18 30 30 18 0C 0C 06 06 00 00 00 00 00 00 00 00 3F 00 00 3F 00 00 00 00 00 00 00 00 18 18 0C 0C 06 03 03 06 0C 0C 18 18 00 00 00 00 1E 33 33 33 03 06 06 0C 0C 00 0C 0C 00 00 10 03 
                	 Receive : 10 02 00 00 02 98 00 10 03 
[08-09 14:45:57]	 Font Image [OK] 10 02 00 04 0A 98 8D 01 01 00 18 00 01 00 01 00 00 00 00 3E 41 41 5D 55 55 4E 40 41 3E 00 00 00 1C 36 63 63 63 63 7F 63 63 63 63 63 63 63 00 00 7C 66 63 63 63 63 7E 63 63 63 63 63 66 7C 00 00 1E 31 60 60 60 60 60 60 60 60 60 60 31 1E 00 00 7C 66 63 63 63 63 63 63 63 63 63 63 66 7C 00 00 3F 60 60 60 60 60 7E 60 60 60 60 60 60 3F 00 00 3F 60 60 60 60 60 7E 60 60 60 60 60 60 60 00 00 3E 63 63 63 63 60 60 67 63 63 63 63 63 3E 00 00 63 63 63 63 63 63 7F 63 63 63 63 63 63 63 00 00 1E 0C 0C 0C 0C 0C 0C 0C 0C 0C 0C 0C 0C 3F 00 00 0F 06 06 06 06 06 06 06 06 46 66 66 66 3C 00 00 41 63 62 66 66 6C 78 78 6C 66 66 63 63 61 00 00 30 30 30 30 30 30 30 30 30 30 30 30 30 3F 00 00 63 63 77 7F 6B 6B 6B 6B 63 63 63 63 63 63 00 00 43 63 73 73 73 7B 7B 6F 6F 67 67 63 63 63 00 00 1C 36 63 63 63 63 63 63 63 63 63 63 36 1C 00 00 7C 66 63 63 63 63 66 7C 60 60 60 60 60 60 00 00 1C 36 63 63 63 63 63 63 63 63 6D 67 33 1D 00 00 7E 63 63 63 63 63 63 7E 6C 6C 66 66 63 63 00 00 3E 63 63 60 60 60 3E 03 03 03 63 63 63 3E 00 00 7F 0C 0C 0C 0C 0C 0C 0C 0C 0C 0C 0C 0C 0C 00 00 63 63 63 63 63 63 63 63 63 63 63 63 63 3E 00 00 63 63 63 63 63 63 63 63 36 36 36 36 1C 08 00 00 63 63 63 63 63 63 6B 6B 6B 6B 7F 77 63 63 00 00 41 63 63 36 36 1C 1C 1C 1C 36 36 63 63 41 00 00 41 61 61 61 61 61 3F 0C 0C 0C 0C 0C 0C 0C 00 00 7F 03 03 06 06 0C 0C 18 18 30 30 60 60 7F 00 00 3E 30 30 30 30 30 30 30 30 30 30 30 30 3E 00 00 00 30 30 30 18 18 18 0C 0C 0C 06 06 06 00 00 00 1F 03 03 03 03 03 03 03 03 03 03 03 03 1F 00 00 00 04 0E 1B 31 00 00 00 00 00 00 00 00 00 00 00 00 00 00 00 00 00 00 00 00 00 00 7F 7F 00 00 00 00 30 30 18 00 00 00 00 00 00 00 00 00 00 00 00 00 00 00 00 00 3B 67 63 63 63 63 63 67 3B 00 00 60 60 60 60 60 7C 66 63 63 63 63 63 66 7C 00 00 00 00 00 00 00 1E 31 60 60 60 60 60 31 1E 00 00 03 03 03 03 03 1F 33 63 63 63 63 63 33 1F 00 00 00 00 00 00 00 3E 63 63 63 7F 60 60 63 3E 00 00 00 0E 1B 1B 18 18 7E 18 18 18 18 18 18 18 00 00 00 00 00 00 00 1F 33 63 63 63 33 1F 03 43 3E 00 60 60 60 60 60 7E 63 63 63 63 63 63 63 63 00 00 00 0C 0C 00 00 0C 0C 0C 0C 0C 0C 0C 0C 0C 00 00 00 06 06 00 00 06 06 06 06 06 06 06 66 66 3C 00 60 60 60 60 61 63 66 6C 78 78 6C 66 63 61 00 00 0C 0C 0C 0C 0C 0C 0C 0C 0C 0C 0C 0C 0C 0C 00 00 00 00 00 00 00 7E 6B 6B 6B 6B 6B 6B 6B 6B 00 00 00 00 00 00 00 7E 63 63 63 63 63 63 63 63 00 00 00 00 00 00 00 1C 36 63 63 63 63 63 36 1C 00 00 00 00 00 00 00 7C 66 63 63 63 63 66 7C 60 60 00 00 00 00 00 00 1F 33 63 63 63 63 33 1F 03 03 00 00 00 00 00 00 5E 73 60 60 60 60 60 60 60 00 00 00 00 00 00 00 3E 61 60 60 3E 03 03 43 3E 00 00 00 18 18 18 18 7E 18 18 18 18 18 1B 1B 0E 00 00 00 00 00 00 00 63 63 63 63 63 63 63 63 3E 00 00 00 00 00 00 00 41 63 63 63 63 63 36 1C 08 00 00 00 00 00 00 00 41 63 63 6B 6B 6B 7F 77 22 00 00 00 00 00 00 00 41 63 36 1C 1C 36 63 63 41 00 00 00 00 00 00 00 43 63 63 63 63 63 3F 03 03 03 00 00 00 00 00 00 7F 03 06 0C 18 30 60 60 7F 00 00 06 04 0C 1C 0C 0C 0C 38 0C 0C 0C 0C 04 06 00 00 18 18 18 18 18 18 00 00 18 18 18 18 18 18 00 00 30 10 18 1C 18 18 18 0E 18 18 18 18 10 30 00 00 00 00 00 00 00 00 3B 6E 00 00 00 00 00 00 00 00 00 00 00 00 00 0C 1E 33 33 33 33 3F 00 00 00 10 03 
                	 Receive : 10 02 00 00 02 98 00 10 03 
[08-09 14:45:57]	 Font Image [OK] 10 02 00 04 0A 98 8D 01 02 00 18 00 02 00 01 00 00 3F 60 60 60 60 60 60 60 60 3F 0C 07 06 ~ 10 03 
                	 Receive : 10 02 00 00 02 98 00 10 03 
[08-09 14:45:57]	 Font Image [OK] 10 02 00 04 0A 98 8D 01 03 00 18 00 03 00 01 0C 0C 0C 0C 0C 0C 0C 0F 00 00 00 00 00 00 00 ~ 10 03 
                	 Receive : 10 02 00 00 02 98 00 10 03 
[08-09 14:45:57]	 Font Image [OK] 10 02 00 04 0A 98 8D 01 04 00 18 00 04 00 01 00 00 00 00 00 00 00 00 00 00 00 00 00 00 00 ~ 10 03 
                	 Receive : 10 02 00 00 02 98 00 10 03 
[08-09 14:45:57]	 Font Image [OK] 10 02 00 04 0A 98 8D 01 05 00 18 00 05 00 01 00 00 00 00 0F F8 18 18 30 0C 30 0C 30 0C 18 ~ 10 03 
                	 Receive : 10 02 00 00 02 98 00 10 03 
[08-09 14:45:57]	 Font Image [OK] 10 02 00 04 0A 98 8D 01 06 00 18 00 06 00 01 00 00 00 00 1F 80 30 00 30 00 30 00 30 00 30 ~ 10 03 
                	 Receive : 10 02 00 00 02 98 00 10 03 
[08-09 14:45:57]	 Font Image [OK] 10 02 00 04 0A 98 8D 01 07 00 18 00 07 00 01 00 00 3F 80 00 C0 00 C0 3F C0 00 C0 00 C0 00 ~ 10 03 
                	 Receive : 10 02 00 00 02 98 00 10 03 
[08-09 14:45:58]	 Font Image [OK] 10 02 00 04 0A 98 8D 01 08 00 18 00 08 00 01 00 00 30 0C 30 0C 3F FC 30 0C 30 0C 1F F8 00 ~ 10 03 
                	 Receive : 10 02 00 00 02 98 00 10 03 
[08-09 14:45:58]	 Font Image [OK] 10 02 00 04 0A 98 8D 01 09 00 18 00 09 00 01 00 00 00 00 00 00 00 00 00 00 00 00 00 00 00 ~ 10 03 
                	 Receive : 10 02 00 00 02 98 00 10 03 
[08-09 14:45:58]	 Font Image [OK] 10 02 00 04 0A 98 8D 01 0A 00 18 00 0A 00 01 00 00 00 18 00 18 00 18 00 18 00 18 00 18 00 ~ 10 03 
                	 Receive : 10 02 00 00 02 98 00 10 03 
[08-09 14:45:58]	 Font Image [OK] 10 02 00 04 0A 98 8D 01 0B 00 18 00 0B 00 01 00 00 00 0C 00 0C 00 0C 00 0C 00 0C 00 0C 00 ~ 10 03 
                	 Receive : 10 02 00 00 02 98 00 10 03 
[08-09 14:45:58]	 Font Image [OK] 10 02 00 04 0A 98 8D 01 0C 00 18 00 0C 00 01 00 00 00 00 00 00 00 00 00 00 00 00 00 00 00 ~ 10 03 
                	 Receive : 10 02 00 00 02 98 00 10 03 
[08-09 14:45:58]	 Font Image [OK] 10 02 00 04 0A 98 8D 01 0D 00 18 00 0D 00 01 00 00 00 00 00 00 00 00 00 00 00 00 00 00 00 ~ 10 03 
                	 Receive : 10 02 00 00 02 98 00 10 03 
[08-09 14:45:58]	 Font Image [OK] 10 02 00 04 0A 98 8D 01 0E 00 18 00 0E 00 01 00 00 00 00 00 00 00 00 00 00 00 00 00 00 00 ~ 10 03 
                	 Receive : 10 02 00 00 02 98 00 10 03 
[08-09 14:45:58]	 Font Image [OK] 10 02 00 04 0A 98 8D 01 0F 00 18 00 0F 00 01 00 00 00 00 00 00 00 00 00 00 00 00 00 00 00 ~ 10 03 
                	 Receive : 10 02 00 00 02 98 00 10 03 
[08-09 14:45:58]	 Font Image [OK] 10 02 00 04 0A 98 8D 01 10 00 18 00 10 00 01 00 00 00 00 07 E0 08 10 10 08 26 64 26 64 20 ~ 10 03 
                	 Receive : 10 02 00 00 02 98 00 10 03 
[08-09 14:45:59]	 Font Image [OK] 10 02 00 04 0A 98 8D 01 11 00 18 00 11 00 01 00 00 00 00 00 00 00 00 00 00 00 00 00 00 00 ~ 10 03 
                	 Receive : 10 02 00 00 02 98 00 10 03 
[08-09 14:45:59]	 Font Image [OK] 10 02 00 04 0A 98 8D 01 12 00 18 00 12 00 01 00 00 00 00 1F E0 30 30 60 18 67 98 6C D8 6C ~ 10 03 
                	 Receive : 10 02 00 00 02 98 00 10 03 
[08-09 14:45:59]	 Font Image [OK] 10 02 00 04 0A 98 8D 01 13 00 18 00 13 00 01 00 00 00 00 03 80 03 80 03 00 01 80 00 00 00 ~ 10 03 
                	 Receive : 10 02 00 00 02 98 00 10 03 
[08-09 14:45:59]	 Font Image [OK] 10 02 00 04 0A 98 8D 01 14 00 18 00 14 00 01 00 00 00 00 00 00 1C 00 22 00 41 04 00 88 1C ~ 10 03 
                	 Receive : 10 02 00 00 02 98 00 10 03 
[08-09 14:45:59]	 Font Image [OK] 10 02 00 04 0A 98 8D 01 15 00 18 00 15 00 01 00 00 00 00 00 00 07 E0 18 18 30 0C 30 0C 30 ~ 10 03 
                	 Receive : 10 02 00 00 02 98 00 10 03 
[08-09 14:45:59]	 Font Image [OK] 10 02 00 04 0A 98 8D 01 16 00 18 00 16 00 01 00 00 7F FE 40 02 40 02 40 32 40 32 40 32 44 ~ 10 03 
                	 Receive : 10 02 00 00 02 98 00 10 03 
[08-09 14:45:59]	 Font Image [OK] 10 02 00 04 0A 98 8D 01 17 00 18 00 17 00 01 00 00 00 00 00 00 00 00 00 00 00 00 00 00 00 ~ 10 03 
                	 Receive : 10 02 00 00 02 98 00 10 03 
[08-09 14:45:59]	 Font Image [OK] 10 02 00 04 0A 98 8D 01 18 00 75 01 00 00 02 00 00 00 00 00 00 00 00 00 00 00 00 00 00 00 ~ 10 03 
                	 Receive : 10 02 00 00 02 98 00 10 03 
[08-09 14:45:59]	 Font Image [OK] 10 02 00 04 0A 98 8D 01 19 00 75 01 01 00 02 00 00 00 00 00 00 1F F8 3F FC 78 1E 70 0E 70 ~ 10 03 
                	 Receive : 10 02 00 00 02 98 00 10 03 
[08-09 14:45:59]	 Font Image [OK] 10 02 00 04 0A 98 8D 01 1A 00 75 01 02 00 02 00 00 00 00 00 00 00 00 00 00 07 E0 1F F0 38 ~ 10 03 
                	 Receive : 10 02 00 00 02 98 00 10 03 
[08-09 14:46:00]	 Font Image [OK] 10 02 00 04 0A 98 8D 01 1B 00 75 01 03 00 02 00 00 00 00 00 00 3F E0 7F F8 70 3C 70 1E 70 ~ 10 03 
                	 Receive : 10 02 00 00 02 98 00 10 03 
[08-09 14:46:00]	 Font Image [OK] 10 02 00 04 0A 98 8D 01 1C 00 75 01 04 00 02 00 00 00 00 00 00 00 00 07 00 07 80 03 C0 01 ~ 10 03 
                	 Receive : 10 02 00 00 02 98 00 10 03 
[08-09 14:46:00]	 Font Image [OK] 10 02 00 00 3A 4D 02 00 60 00 00 00 00 00 00 FF 00 08 10 04 00 61 88 BD D3 10 10 10 00 00 E0 20 E2 10 10 00 D4 05 00 00 00 20 00 7F 00 10 10 06 00 00 AC A3 D7 10 10 64 01 00 E0 20 E2 10 10 10 03 
                	 Receive : 10 02 00 00 02 4D 00 10 03 
[08-09 14:46:00]	 Display Start [OK] 10 02 00 00 02 45 01 10 03 
                	 Receive : 10 02 00 00 02 45 00 10 03 
[08-09 14:46:00]	 COM4 Close [OK]
[08-09 15:16:41]	 COM1 Close [OK]
[08-09 15:21:35]	 COM1 Close [OK]
[08-09 15:46:04]	 COM1 Close [OK]
[08-09 15:57:03]	 COM1 Close [OK]
[08-09 15:59:14]	 COM1 Close [OK]
[08-09 15:59:14]	 COM4 : 115,200bps, 8, 1, N - ComPort Open [OK]
[08-09 15:59:14]	 Setting LED Module Display Type [OK] ![0052B11111!]
                	 Receive : ![00520!]
[08-09 15:59:14]	 COM4 Close [OK]
[08-09 15:59:20]	 COM4 Close [OK]
[08-09 15:59:23]	 COM4 : 115,200bps, 8, 1, N - ComPort Open [OK]
[08-09 15:59:23]	 Setting LED Module Display Type [OK] ![0052A11011!]
                	 Receive : ![00520!]
[08-09 15:59:23]	 COM4 Close [OK]
[08-09 16:00:09]	 COM4 Close [OK]
[08-09 16:00:09]	 COM4 : 115,200bps, 8, 1, N - ComPort Open [OK]
[08-09 16:00:09]	 Setting LED Module Display Type [OK] ![0052821012!]
                	 Receive : ![00520!]
[08-09 16:00:09]	 COM4 Close [OK]
[08-09 16:00:35]	 COM4 Close [OK]
[08-09 16:00:38]	 COM4 : 115,200bps, 8, 1, N - ComPort Open [OK]
[08-09 16:00:38]	 Setting LED Module Display Type [OK] ![0052B11111!]
                	 Receive : ![00520!]
[08-09 16:00:38]	 COM4 Close [OK]
[08-09 16:00:48]	 COM4 Close [OK]
[08-09 16:00:51]	 COM4 : 115,200bps, 8, 1, N - ComPort Open [OK]
[08-09 16:00:51]	 Setting LED Module Display Type [OK] ![0052A11111!]
                	 Receive : ![00520!]
[08-09 16:00:51]	 COM4 Close [OK]
[08-09 16:01:23]	 COM4 Close [OK]
[08-09 16:01:23]	 COM4 : 115,200bps, 8, 1, N - ComPort Open [OK]
[08-09 16:01:23]	 Setting LED Module Display Type [OK] ![0052821111!]
                	 Receive : ![00520!]
[08-09 16:01:23]	 COM4 Close [OK]
[08-09 16:01:45]	 COM4 Close [OK]
[08-09 16:01:45]	 COM4 : 115,200bps, 8, 1, N - ComPort Open [OK]
[08-09 16:01:45]	 Setting LED Module Display Type [OK] ![0052821012!]
                	 Receive : ![00520!]
[08-09 16:01:45]	 COM4 Close [OK]
[08-09 16:02:04]	 COM4 Close [OK]
[08-09 16:02:08]	 COM4 : 115,200bps, 8, 1, N - ComPort Open [OK]
[08-09 16:02:08]	 Setting LED Module Display Type [OK] ![0052B11111!]
                	 Receive : ![00520!]
[08-09 16:02:08]	 COM4 Close [OK]
[08-09 16:02:49]	 COM1 Close [OK]
[08-09 16:02:58]	 COM1 Close [OK]
[08-09 16:02:58]	 COM4 : 115,200bps, 8, 1, N - ComPort Open [OK]
[08-09 16:02:58]	 Setting LED Module Display Type [OK] ![0052B11111!]
                	 Receive : ![00520!]
[08-09 16:02:58]	 COM4 Close [OK]
[08-09 16:03:39]	 COM4 Close [OK]
[08-09 16:03:39]	 COM4 : 115,200bps, 8, 1, N - ComPort Open [OK]
[08-09 16:03:39]	 Setting LED Module Display Type [OK] ![0052821012!]
                	 Receive : ![00520!]
[08-09 16:03:39]	 COM4 Close [OK]
[08-09 16:04:42]	 COM4 Close [OK]
[08-09 16:04:42]	 COM4 : 115,200bps, 8, 1, N - ComPort Open [OK]
[08-09 16:04:42]	 Setting LED Module Display Type [OK] ![0052821111!]
                	 Receive : ![00520!]
[08-09 16:04:42]	 COM4 Close [OK]
[08-09 16:04:47]	 COM4 Close [OK]
[08-09 16:04:47]	 COM4 : 115,200bps, 8, 1, N - ComPort Open [OK]
[08-09 16:04:47]	 Setting LED Module Display Type [OK] ![0052822111!]
                	 Receive : ![00520!]
[08-09 16:04:47]	 COM4 Close [OK]
[08-09 16:05:51]	 COM4 Close [OK]
[08-09 16:05:51]	 COM4 : 115,200bps, 8, 1, N - ComPort Open [OK]
[08-09 16:05:51]	 Setting LED Module Display Type [OK] ![0052A11111!]
                	 Receive : ![00520!]
[08-09 16:05:51]	 COM4 Close [OK]
[08-09 16:06:05]	 COM4 Close [OK]
[08-09 16:06:05]	 COM4 : 115,200bps, 8, 1, N - ComPort Open [OK]
[08-09 16:06:05]	 Setting LED Module Display Type [OK] ![0052A11011!]
                	 Receive : ![00520!]
[08-09 16:06:05]	 COM4 Close [OK]
[08-09 16:06:10]	 COM4 Close [OK]
[08-09 16:06:10]	 COM4 : 115,200bps, 8, 1, N - ComPort Open [OK]
[08-09 16:06:10]	 Setting LED Module Display Type [OK] ![0052A11111!]
                	 Receive : ![00520!]
[08-09 16:06:10]	 COM4 Close [OK]
[08-09 16:06:11]	 COM4 Close [OK]
[08-09 16:06:11]	 COM4 : 115,200bps, 8, 1, N - ComPort Open [OK]
[08-09 16:06:11]	 Setting LED Module Display Type [OK] ![0052A12111!]
                	 Receive : ![00520!]
[08-09 16:06:11]	 COM4 Close [OK]
[08-09 16:06:13]	 COM4 Close [OK]
[08-09 16:06:13]	 COM4 : 115,200bps, 8, 1, N - ComPort Open [OK]
[08-09 16:06:13]	 Setting LED Module Display Type [OK] ![0052A13111!]
                	 Receive : ![00520!]
[08-09 16:06:13]	 COM4 Close [OK]
[08-09 16:06:15]	 COM4 Close [OK]
[08-09 16:06:15]	 COM4 : 115,200bps, 8, 1, N - ComPort Open [OK]
[08-09 16:06:15]	 Setting LED Module Display Type [OK] ![0052A14111!]
                	 Receive : ![00520!]
[08-09 16:06:15]	 COM4 Close [OK]
[08-09 16:07:32]	 COM4 Close [OK]
[08-09 16:07:32]	 COM4 : 115,200bps, 8, 1, N - ComPort Open [OK]
[08-09 16:07:32]	 Setting LED Module Display Type [OK] ![0052A11011!]
                	 Receive : ![00520!]
[08-09 16:07:32]	 COM4 Close [OK]
[08-09 16:08:59]	 COM4 Close [OK]
[08-09 16:08:59]	 COM4 : 115,200bps, 8, 1, N - ComPort Open [OK]
[08-09 16:08:59]	 Setting LED Module Display Type [OK] ![0052821012!]
                	 Receive : ![00520!]
[08-09 16:08:59]	 COM4 Close [OK]
[08-09 16:09:02]	 COM4 Close [OK]
[08-09 16:09:02]	 COM4 : 115,200bps, 8, 1, N - ComPort Open [OK]
[08-09 16:09:02]	 Setting LED Module Display Type [OK] ![0052821111!]
                	 Receive : ![00520!]
[08-09 16:09:02]	 COM4 Close [OK]
[08-09 16:14:27]	 COM1 Close [OK]
[08-09 16:14:33]	 COM1 Close [OK]
[08-09 16:14:34]	 COM4 : 115,200bps, 8, 1, N - ComPort Open [OK]
[08-09 16:14:34]	 Setting LED Module Display Type [OK] ![0052424111!]
                	 Receive : ![00520!]
[08-09 16:14:34]	 COM4 Close [OK]
[08-09 16:14:38]	 COM4 Close [OK]
[08-09 16:14:38]	 COM4 : 115,200bps, 8, 1, N - ComPort Open [OK]
[08-09 16:14:38]	 Setting LED Module Display Type [OK] ![0052223111!]
                	 Receive : ![00520!]
[08-09 16:14:38]	 COM4 Close [OK]
[08-09 16:14:43]	 COM4 Close [OK]
[08-09 16:14:43]	 COM4 : 115,200bps, 8, 1, N - ComPort Open [OK]
[08-09 16:14:43]	 Setting LED Module Display Type [OK] ![0052142111!]
                	 Receive : ![00520!]
[08-09 16:14:43]	 COM4 Close [OK]
[08-09 16:14:49]	 COM4 Close [OK]
[08-09 16:14:51]	 COM4 : 115,200bps, 8, 1, N - ComPort Open [OK]
[08-09 16:14:51]	 Setting LED Module Display Type [OK] ![0052122111!]
                	 Receive : ![00520!]
[08-09 16:14:51]	 COM4 Close [OK]
[08-09 16:14:57]	 COM4 Close [OK]
[08-09 16:14:57]	 COM4 : 115,200bps, 8, 1, N - ComPort Open [OK]
[08-09 16:14:57]	 Setting LED Module Display Type [OK] ![0052142111!]
                	 Receive : ![00520!]
[08-09 16:14:57]	 COM4 Close [OK]
[08-09 16:14:59]	 COM4 Close [OK]
[08-09 16:15:03]	 COM4 : 115,200bps, 8, 1, N - ComPort Open [OK]
[08-09 16:15:03]	 Setting LED Module Display Type [OK] ![0052224114!]
                	 Receive : ![00520!]
[08-09 16:15:03]	 COM4 Close [OK]
[08-09 16:15:13]	 COM4 Close [OK]
[08-09 16:15:16]	 COM4 : 115,200bps, 8, 1, N - ComPort Open [OK]
[08-09 16:15:16]	 Setting LED Module Display Type [OK] ![0052223111!]
                	 Receive : ![00520!]
[08-09 16:15:16]	 COM4 Close [OK]
[08-09 16:15:37]	 COM1 Close [OK]
[08-09 16:15:42]	 COM1 Close [OK]
[08-09 16:15:42]	 COM4 : 115,200bps, 8, 1, N - ComPort Open [OK]
[08-09 16:15:42]	 Setting LED Module Display Type [OK] ![0052B11111!]
                	 Receive : ![00520!]
[08-09 16:15:42]	 COM4 Close [OK]
[08-09 16:16:13]	 COM1 Close [OK]
[08-09 16:16:30]	 COM1 Close [OK]
[08-09 16:16:32]	 COM4 : 115,200bps, 8, 1, N - ComPort Open [OK]
[08-09 16:16:32]	 Setting LED Module Display Type [OK] ![0052821012!]
                	 Receive : ![00520!]
[08-09 16:16:32]	 COM4 Close [OK]
[08-09 16:16:39]	 COM4 Close [OK]
[08-09 16:16:39]	 COM4 : 115,200bps, 8, 1, N - ComPort Open [OK]
[08-09 16:16:39]	 Setting LED Module Display Type [OK] ![0052822311!]
                	 Receive : ![00520!]
[08-09 16:16:40]	 COM4 Close [OK]
[08-09 16:16:42]	 COM4 Close [OK]
[08-09 16:16:45]	 COM4 : 115,200bps, 8, 1, N - ComPort Open [OK]
[08-09 16:16:46]	 Setting LED Module Display Type [OK] ![0052823111!]
                	 Receive : ![00520!]
[08-09 16:16:46]	 COM4 Close [OK]
[08-09 16:16:56]	 COM4 Close [OK]
[08-09 16:16:59]	 COM4 : 115,200bps, 8, 1, N - ComPort Open [OK]
[08-09 16:16:59]	 Setting LED Module Display Type [OK] ![0052822311!]
                	 Receive : ![00520!]
[08-09 16:16:59]	 COM4 Close [OK]
[08-09 16:17:16]	 COM4 Close [OK]
[08-09 16:17:16]	 COM4 : 115,200bps, 8, 1, N - ComPort Open [OK]
[08-09 16:17:16]	 Setting LED Module Display Type [OK] ![0052822111!]
                	 Receive : ![00520!]
[08-09 16:17:16]	 COM4 Close [OK]
[08-09 16:17:28]	 COM4 Close [OK]
[08-09 16:17:28]	 COM4 : 115,200bps, 8, 1, N - ComPort Open [OK]
[08-09 16:17:28]	 Setting LED Module Display Type [OK] ![0052822311!]
                	 Receive : ![00520!]
[08-09 16:17:28]	 COM4 Close [OK]
[08-09 16:18:26]	 COM4 Close [OK]
[08-09 16:18:28]	 COM4 : 115,200bps, 8, 1, N - ComPort Open [OK]
[08-09 16:18:28]	 Setting LED Module Display Type [OK] ![0052823111!]
                	 Receive : ![00520!]
[08-09 16:18:28]	 COM4 Close [OK]
[08-09 16:18:37]	 COM4 Close [OK]
[08-09 16:18:41]	 COM4 : 115,200bps, 8, 1, N - ComPort Open [OK]
[08-09 16:18:41]	 Setting LED Module Display Type [OK] ![0052828111!]
                	 Receive : ![00520!]
[08-09 16:18:41]	 COM4 Close [OK]
[08-09 16:19:29]	 COM4 Close [OK]
[08-09 16:19:31]	 COM4 : 115,200bps, 8, 1, N - ComPort Open [OK]
[08-09 16:19:31]	 Setting LED Module Display Type [OK] ![0052811111!]
                	 Receive : ![00520!]
[08-09 16:19:31]	 COM4 Close [OK]
[08-09 16:19:32]	 COM4 Close [OK]
[08-09 16:19:32]	 COM4 : 115,200bps, 8, 1, N - ComPort Open [OK]
[08-09 16:19:33]	 Setting LED Module Display Type [OK] ![0052811211!]
                	 Receive : ![00520!]
[08-09 16:19:33]	 COM4 Close [OK]
[08-09 16:20:14]	 COM4 Close [OK]
[08-09 16:20:14]	 COM4 : 115,200bps, 8, 1, N - ComPort Open [OK]
[08-09 16:20:14]	 Setting LED Module Display Type [OK] ![0052812211!]
                	 Receive : ![00520!]
[08-09 16:20:14]	 COM4 Close [OK]
[08-09 16:20:24]	 COM4 Close [OK]
[08-09 16:20:24]	 COM4 : 115,200bps, 8, 1, N - ComPort Open [OK]
[08-09 16:20:24]	 Setting LED Module Display Type [OK] ![0052813111!]
                	 Receive : ![00520!]
[08-09 16:20:24]	 COM4 Close [OK]
[08-09 16:20:45]	 COM4 Close [OK]
[08-09 16:20:48]	 COM4 : 115,200bps, 8, 1, N - ComPort Open [OK]
[08-09 16:20:48]	 Setting LED Module Display Type [OK] ![0052813211!]
                	 Receive : ![00520!]
[08-09 16:20:48]	 COM4 Close [OK]
[08-09 16:21:03]	 COM4 Close [OK]
[08-09 16:21:03]	 COM4 : 115,200bps, 8, 1, N - ComPort Open [OK]
[08-09 16:21:03]	 Setting LED Module Display Type [OK] ![0052812111!]
                	 Receive : ![00520!]
[08-09 16:21:03]	 COM4 Close [OK]
[08-09 16:21:36]	 COM4 Close [OK]
[08-09 16:21:39]	 COM4 : 115,200bps, 8, 1, N - ComPort Open [OK]
[08-09 16:21:39]	 Setting LED Module Display Type [OK] ![0052812111!]
                	 Receive : ![00520!]
[08-09 16:21:39]	 COM4 Close [OK]
[08-09 16:21:48]	 COM4 Close [OK]
[08-09 16:21:51]	 COM4 : 115,200bps, 8, 1, N - ComPort Open [OK]
[08-09 16:21:51]	 Setting LED Module Display Type [OK] ![0052813111!]
                	 Receive : ![00520!]
[08-09 16:21:51]	 COM4 Close [OK]
[08-09 16:22:15]	 COM4 Close [OK]
[08-09 16:22:17]	 COM4 : 115,200bps, 8, 1, N - ComPort Open [OK]
[08-09 16:22:17]	 Setting LED Module Display Type [OK] ![0052814111!]
                	 Receive : ![00520!]
[08-09 16:22:17]	 COM4 Close [OK]
[08-09 16:22:34]	 COM4 Close [OK]
[08-09 16:22:34]	 COM4 : 115,200bps, 8, 1, N - ComPort Open [OK]
[08-09 16:22:34]	 Setting LED Module Display Type [OK] ![0052816111!]
                	 Receive : ![00520!]
[08-09 16:22:34]	 COM4 Close [OK]
[08-09 16:22:54]	 COM4 Close [OK]
[08-09 16:22:55]	 COM4 : 115,200bps, 8, 1, N - ComPort Open [OK]
[08-09 16:22:55]	 Setting LED Module Display Type [OK] ![0052819111!]
                	 Receive : ![00520!]
[08-09 16:22:55]	 COM4 Close [OK]
[08-09 16:23:06]	 COM4 Close [OK]
[08-09 16:23:07]	 COM4 : 115,200bps, 8, 1, N - ComPort Open [OK]
[08-09 16:23:07]	 Setting LED Module Display Type [OK] ![0052814211!]
                	 Receive : ![00520!]
[08-09 16:23:07]	 COM4 Close [OK]
[08-09 16:23:27]	 COM4 Close [OK]
[08-09 16:23:27]	 COM4 : 115,200bps, 8, 1, N - ComPort Open [OK]
[08-09 16:23:27]	 Setting LED Module Display Type [OK] ![0052814211!]
                	 Receive : ![00520!]
[08-09 16:23:27]	 COM4 Close [OK]
[08-09 16:23:48]	 COM4 Close [OK]
[08-09 16:23:48]	 COM4 : 115,200bps, 8, 1, N - ComPort Open [OK]
[08-09 16:23:48]	 Setting LED Module Display Type [OK] ![0052815111!]
                	 Receive : ![00520!]
[08-09 16:23:48]	 COM4 Close [OK]
[08-09 16:24:11]	 COM4 Close [OK]
[08-09 16:24:11]	 COM4 : 115,200bps, 8, 1, N - ComPort Open [OK]
[08-09 16:24:11]	 Setting LED Module Display Type [OK] ![0052441111!]
                	 Receive : ![00520!]
[08-09 16:24:11]	 COM4 Close [OK]
[08-09 16:26:37]	 COM4 Close [OK]
[08-09 16:26:37]	 COM4 : 115,200bps, 8, 1, N - ComPort Open [OK]
[08-09 16:26:37]	 Setting LED Module Display Type [OK] ![0052441111!]
                	 Receive : ![00520!]
[08-09 16:26:37]	 COM4 Close [OK]
[08-09 16:26:39]	 COM4 Close [OK]
[08-09 16:26:39]	 COM4 : 115,200bps, 8, 1, N - ComPort Open [OK]
[08-09 16:26:39]	 Setting LED Module Display Type [OK] ![0052442111!]
                	 Receive : ![00520!]
[08-09 16:26:39]	 COM4 Close [OK]
[08-09 16:26:54]	 COM4 Close [OK]
[08-09 16:26:56]	 COM4 : 115,200bps, 8, 1, N - ComPort Open [OK]
[08-09 16:26:56]	 Setting LED Module Display Type [OK] ![0052421111!]
                	 Receive : ![00520!]
[08-09 16:26:56]	 COM4 Close [OK]
[08-09 16:26:58]	 COM4 Close [OK]
[08-09 16:26:58]	 COM4 : 115,200bps, 8, 1, N - ComPort Open [OK]
[08-09 16:26:58]	 Setting LED Module Display Type [OK] ![0052422111!]
                	 Receive : ![00520!]
[08-09 16:26:58]	 COM4 Close [OK]
[08-09 16:26:59]	 COM4 Close [OK]
[08-09 16:26:59]	 COM4 : 115,200bps, 8, 1, N - ComPort Open [OK]
[08-09 16:26:59]	 Setting LED Module Display Type [OK] ![0052423111!]
                	 Receive : ![00520!]
[08-09 16:26:59]	 COM4 Close [OK]
[08-09 16:27:01]	 COM4 Close [OK]
[08-09 16:27:01]	 COM4 : 115,200bps, 8, 1, N - ComPort Open [OK]
[08-09 16:27:02]	 Setting LED Module Display Type [OK] ![0052424111!]
                	 Receive : ![00520!]
[08-09 16:27:02]	 COM4 Close [OK]
[08-09 16:27:30]	 COM4 Close [OK]
[08-09 16:27:31]	 COM4 : 115,200bps, 8, 1, N - ComPort Open [OK]
[08-09 16:27:31]	 Setting LED Module Display Type [OK] ![0052425111!]
                	 Receive : ![00520!]
[08-09 16:27:31]	 COM4 Close [OK]
[08-09 16:27:31]	 COM4 Close [OK]
[08-09 16:27:35]	 COM4 : 115,200bps, 8, 1, N - ComPort Open [OK]
[08-09 16:27:35]	 Setting LED Module Display Type [OK] ![0052426111!]
                	 Receive : ![00520!]
[08-09 16:27:35]	 COM4 Close [OK]
[08-09 16:27:36]	 COM4 Close [OK]
[08-09 16:27:36]	 COM4 : 115,200bps, 8, 1, N - ComPort Open [OK]
[08-09 16:27:36]	 Setting LED Module Display Type [OK] ![0052427111!]
                	 Receive : ![00520!]
[08-09 16:27:36]	 COM4 Close [OK]
[08-09 16:27:37]	 COM4 Close [OK]
[08-09 16:27:37]	 COM4 : 115,200bps, 8, 1, N - ComPort Open [OK]
[08-09 16:27:37]	 Setting LED Module Display Type [OK] ![0052411111!]
                	 Receive : ![00520!]
[08-09 16:27:37]	 COM4 Close [OK]
[08-09 16:29:07]	 COM4 Close [OK]
[08-09 16:29:07]	 COM4 : 115,200bps, 8, 1, N - ComPort Open [OK]
[08-09 16:29:07]	 Setting LED Module Display Type [OK] ![005242:113!]
                	 Receive : ![00520!]
[08-09 16:29:07]	 COM4 Close [OK]
[08-09 16:29:08]	 COM4 Close [OK]
[08-09 16:29:08]	 COM4 : 115,200bps, 8, 1, N - ComPort Open [OK]
[08-09 16:29:08]	 Setting LED Module Display Type [OK] ![005242:211!]
                	 Receive : ![00520!]
[08-09 16:29:08]	 COM4 Close [OK]
[08-09 16:29:30]	 COM4 Close [OK]
[08-09 16:29:30]	 COM4 : 115,200bps, 8, 1, N - ComPort Open [OK]
[08-09 16:29:30]	 Setting LED Module Display Type [OK] ![005242:211!]
                	 Receive : ![00520!]
[08-09 16:29:30]	 COM4 Close [OK]
[08-09 16:29:33]	 COM4 Close [OK]
[08-09 16:29:34]	 COM4 : 115,200bps, 8, 1, N - ComPort Open [OK]
[08-09 16:29:34]	 Setting LED Module Display Type [OK] ![0052212111!]
                	 Receive : ![00520!]
[08-09 16:29:34]	 COM4 Close [OK]
[08-09 16:29:52]	 COM4 Close [OK]
[08-09 16:29:55]	 COM4 : 115,200bps, 8, 1, N - ComPort Open [OK]
[08-09 16:29:55]	 Setting LED Module Display Type [OK] ![0052212111!]
                	 Receive : ![00520!]
[08-09 16:29:55]	 COM4 Close [OK]
[08-09 16:31:40]	 COM4 Close [OK]
[08-09 16:31:40]	 COM4 : 115,200bps, 8, 1, N - ComPort Open [OK]
[08-09 16:31:40]	 Setting LED Module Display Type [OK] ![0052222111!]
                	 Receive : ![00520!]
[08-09 16:31:40]	 COM4 Close [OK]
[08-09 16:31:41]	 COM4 Close [OK]
[08-09 16:31:41]	 COM4 : 115,200bps, 8, 1, N - ComPort Open [OK]
[08-09 16:31:41]	 Setting LED Module Display Type [OK] ![0052223111!]
                	 Receive : ![00520!]
[08-09 16:31:41]	 COM4 Close [OK]
[08-09 16:31:42]	 COM4 Close [OK]
[08-09 16:31:42]	 COM4 : 115,200bps, 8, 1, N - ComPort Open [OK]
[08-09 16:31:42]	 Setting LED Module Display Type [OK] ![0052224111!]
                	 Receive : ![00520!]
[08-09 16:31:42]	 COM4 Close [OK]
[08-09 16:31:44]	 COM4 Close [OK]
[08-09 16:31:44]	 COM4 : 115,200bps, 8, 1, N - ComPort Open [OK]
[08-09 16:31:44]	 Setting LED Module Display Type [OK] ![0052224114!]
                	 Receive : ![00520!]
[08-09 16:31:44]	 COM4 Close [OK]
[08-09 16:31:45]	 COM4 Close [OK]
[08-09 16:31:45]	 COM4 : 115,200bps, 8, 1, N - ComPort Open [OK]
[08-09 16:31:45]	 Setting LED Module Display Type [OK] ![0052142111!]
                	 Receive : ![00520!]
[08-09 16:31:45]	 COM4 Close [OK]
[08-09 16:31:46]	 COM4 Close [OK]
[08-09 16:31:49]	 COM4 : 115,200bps, 8, 1, N - ComPort Open [OK]
[08-09 16:31:49]	 Setting LED Module Display Type [OK] ![0052122111!]
                	 Receive : ![00520!]
[08-09 16:31:49]	 COM4 Close [OK]
[08-09 16:31:50]	 COM4 Close [OK]
[08-09 16:31:50]	 COM4 : 115,200bps, 8, 1, N - ComPort Open [OK]
[08-09 16:31:50]	 Setting LED Module Display Type [OK] ![0052123111!]
                	 Receive : ![00520!]
[08-09 16:31:50]	 COM4 Close [OK]
[08-09 16:42:38]	 COM1 Close [OK]
[08-09 16:42:40]	 COM1 Close [OK]
[08-09 16:45:12]	 COM1 Close [OK]
[08-09 16:45:13]	 COM4 : 115,200bps, 8, 1, N - ComPort Open [OK]
[08-09 16:45:13]	 Power On [OK] ![00211!]
                	 Receive : ![00210!]
[08-09 16:45:13]	 COM4 Close [OK]
[08-09 16:45:17]	 COM4 Close [OK]
[08-09 16:45:17]	 COM4 : 115,200bps, 8, 1, N - ComPort Open [OK]
[08-09 16:45:17]	 Power Off [OK] ![00210!]
                	 Receive : ![00210!]
[08-09 16:45:17]	 COM4 Close [OK]
[08-09 16:45:22]	 COM4 Close [OK]
[08-09 16:45:22]	 COM4 : 115,200bps, 8, 1, N - ComPort Open [OK]
[08-09 16:45:22]	 Power On [OK] ![00211!]
                	 Receive : ![00210!]
[08-09 16:45:22]	 COM4 Close [OK]
[08-09 16:45:28]	 COM4 Close [OK]
[08-09 16:45:28]	 COM4 : 115,200bps, 8, 1, N - ComPort Open [OK]
[08-09 16:45:28]	 Setting LED Module Display Type [OK] ![0052B11111!]
                	 Receive : ![00520!]
[08-09 16:45:28]	 COM4 Close [OK]
[08-09 16:45:30]	 COM4 Close [OK]
[08-09 16:45:30]	 COM4 : 115,200bps, 8, 1, N - ComPort Open [OK]
[08-09 16:45:30]	 Power On [OK] ![00211!]
                	 Receive : ![00210!]
[08-09 16:45:30]	 COM4 Close [OK]
[08-09 16:45:31]	 COM4 Close [OK]
[08-09 16:45:31]	 COM4 : 115,200bps, 8, 1, N - ComPort Open [OK]
[08-09 16:45:31]	 Power Off [OK] ![00210!]
                	 Receive : ![00210!]
[08-09 16:45:31]	 COM4 Close [OK]
[08-09 16:45:33]	 COM4 Close [OK]
[08-09 16:45:33]	 COM4 : 115,200bps, 8, 1, N - ComPort Open [OK]
[08-09 16:45:33]	 Power On [OK] ![00211!]
                	 Receive : ![00210!]
[08-09 16:45:33]	 COM4 Close [OK]
[08-09 16:45:35]	 COM4 Close [OK]
[08-09 16:45:35]	 COM4 : 115,200bps, 8, 1, N - ComPort Open [OK]
[08-09 16:45:35]	 Power Off [OK] ![00210!]
                	 Receive : ![00210!]
[08-09 16:45:35]	 COM4 Close [OK]
[08-09 16:45:41]	 COM4 Close [OK]
[08-09 16:45:41]	 COM4 : 115,200bps, 8, 1, N - ComPort Open [OK]
[08-09 16:45:41]	 일반문구 등록 [OK] ![006001!]
                	 Receive : ![00600!]
[08-09 16:45:41]	 COM4 Close [OK]
[08-09 16:45:49]	 COM4 Close [OK]
[08-09 16:45:52]	 COM4 : 115,200bps, 8, 1, N - ComPort Open [OK]
[08-09 16:45:53]	 일반문구 등록 [OK] ![006002!]
                	 Receive : ![00600!]
[08-09 16:45:53]	 COM4 Close [OK]
[08-09 16:51:53]	 COM4 Close [OK]
[08-09 16:51:53]	 COM4 : 115,200bps, 8, 1, N - ComPort Open [OK]
[08-09 16:51:53]	 아스키 프로토콜 [OK] ![000/Y0004/E0606/S1000/C7Text 123456789 Hello World!]
                	 Receive : ![0000!]
[08-09 16:51:53]	 COM4 Close [OK]
[08-09 16:51:57]	 COM4 Close [OK]
[08-09 16:51:57]	 COM4 : 115,200bps, 8, 1, N - ComPort Open [OK]
[08-09 16:51:57]	 Power On [OK] ![00211!]
                	 Receive : ![00210!]
[08-09 16:51:57]	 COM4 Close [OK]
[08-09 16:52:01]	 COM4 Close [OK]
[08-09 16:52:05]	 COM4 : 115,200bps, 8, 1, N - ComPort Open [OK]
[08-09 16:52:05]	 아스키 프로토콜 [OK] ![000/Y0004/E0606/S1000/C7Text 123456789 Hello World!]
                	 Receive : ![0000!]
[08-09 16:52:05]	 COM4 Close [OK]
[08-09 16:52:30]	 COM4 Close [OK]
[08-09 16:52:31]	 COM4 : 115,200bps, 8, 1, N - ComPort Open [OK]
[08-09 16:52:31]	 아스키 프로토콜 [OK] ![001Hello world!]
                	 Receive : ![0010!]
[08-09 16:52:31]	 COM4 Close [OK]
[08-09 16:52:36]	 COM4 Close [OK]
[08-09 16:52:36]	 COM4 : 115,200bps, 8, 1, N - ComPort Open [OK]
[08-09 16:52:40]	 아스키 프로토콜 [FAIL] ![Hello world!]
[08-09 16:52:40]	 COM4 Close [OK]
[08-09 16:52:44]	 COM4 Close [OK]
[08-09 16:52:44]	 COM4 : 115,200bps, 8, 1, N - ComPort Open [OK]
[08-09 16:52:44]	 Power On [OK] ![00211!]
                	 Receive : ![00210!]
[08-09 16:52:44]	 COM4 Close [OK]
[08-09 16:52:47]	 COM4 Close [OK]
[08-09 16:52:49]	 COM4 Close [OK]
[08-09 16:52:49]	 COM4 : 115,200bps, 8, 1, N - ComPort Open [OK]
[08-09 16:52:49]	 COM4 Close [OK]
[08-09 16:52:49]	 COM4 : 115,200bps, 8, 1, N - ComPort Open [OK]
[08-09 16:52:49]	 DABIT Connecting... [OK] 10 02 00 00 0B 6A 30 31 32 33 34 35 36 37 38 39 10 03 
                	 Receive : 10 02 00 00 0B 6A 30 31 32 33 34 35 36 37 38 39 10 03 
[08-09 16:52:49]	 COM4 Close [OK]
[08-09 16:52:54]	 COM4 Close [OK]
[08-09 16:52:57]	 COM4 : 115,200bps, 8, 1, N - ComPort Open [OK]
[08-09 16:53:02]	 아스키 프로토콜 [FAIL] ![Hello world!]
[08-09 16:53:02]	 COM4 Close [OK]
[08-09 16:53:04]	 COM4 Close [OK]
[08-09 16:53:04]	 COM4 : 115,200bps, 8, 1, N - ComPort Open [OK]
[08-09 16:53:04]	 아스키 프로토콜 [OK] ![000Hello world!]
                	 Receive : ![0000!]
[08-09 16:53:04]	 COM4 Close [OK]
[08-09 16:53:07]	 COM4 Close [OK]
[08-09 16:53:10]	 COM4 : 115,200bps, 8, 1, N - ComPort Open [OK]
[08-09 16:53:10]	 아스키 프로토콜 [OK] ![000/C1Hello /C2World!]
                	 Receive : ![0000!]
[08-09 16:53:10]	 COM4 Close [OK]
[08-09 16:53:14]	 COM4 Close [OK]
[08-09 16:53:14]	 COM4 : 115,200bps, 8, 1, N - ComPort Open [OK]
[08-09 16:53:14]	 아스키 프로토콜 [OK] ![000Hello world!]
                	 Receive : ![0000!]
[08-09 16:53:14]	 COM4 Close [OK]
[08-09 16:53:16]	 COM4 Close [OK]
[08-09 16:53:16]	 COM4 : 115,200bps, 8, 1, N - ComPort Open [OK]
[08-09 16:53:16]	 아스키 프로토콜 [OK] ![001/C1Hello /C2World!]
                	 Receive : ![0010!]
[08-09 16:53:16]	 COM4 Close [OK]
[08-09 16:53:29]	 COM4 Close [OK]
[08-09 16:53:29]	 COM4 : 115,200bps, 8, 1, N - ComPort Open [OK]
[08-09 16:53:29]	 아스키 프로토콜 [OK] ![002/Y0004/E0606/S1000/C7Text 123456789 Hello World!]
                	 Receive : ![002/Y!]
[08-09 16:53:29]	 COM4 Close [OK]
[08-09 16:53:45]	 COM4 Close [OK]
[08-09 16:53:49]	 COM4 : 115,200bps, 8, 1, N - ComPort Open [OK]
[08-09 16:53:49]	 아스키 프로토콜 [OK] ![000Hello world!]
                	 Receive : ![0000!]
[08-09 16:53:49]	 COM4 Close [OK]
[08-09 16:53:51]	 COM4 Close [OK]
[08-09 16:53:51]	 COM4 : 115,200bps, 8, 1, N - ComPort Open [OK]
[08-09 16:53:51]	 아스키 프로토콜 [OK] ![002/Y0004/E0606/S1000/C7Text 123456789 Hello World!]
                	 Receive : ![002/Y!]
[08-09 16:53:51]	 COM4 Close [OK]
[08-09 16:54:31]	 COM1 Close [OK]
[08-09 16:54:37]	 COM1 Close [OK]
[08-09 16:54:40]	 COM4 : 115,200bps, 8, 1, N - ComPort Open [OK]
[08-09 16:54:40]	 Power Off [OK] ![00210!]
                	 Receive : ![00210!]
[08-09 16:54:40]	 COM4 Close [OK]
